#
# A fatal error has been detected by the Java Runtime Environment:
#
#  SIGSEGV (0xb) at pc=0x0000723f57e6ea24, pid=54227, tid=54228
#
# JRE version: OpenJDK Runtime Environment (11.0.27+6) (build 11.0.27+6-post-Ubuntu-0ubuntu122.04)
# Java VM: OpenJDK 64-Bit Server VM (11.0.27+6-post-Ubuntu-0ubuntu122.04, mixed mode, sharing, tiered, compressed oops, g1 gc, linux-amd64)
# Problematic frame:
# V  [libjvm.so+0x86ea24]  InterpreterRuntime::note_trap(JavaThread*, int, Thread*)+0x34
#
# Core dump will be written. Default location: Core dumps may be processed with "/wsl-capture-crash %t %E %p %s" (or dumping to /mnt/d/road_to_master/compiler_hw/113-2-NCKU-CompilerHW3/core.54227)
#
# If you would like to submit a bug report, please visit:
#   https://bugs.launchpad.net/ubuntu/+source/openjdk-lts
#

---------------  S U M M A R Y ------------

Command Line: -Xverify:none Main

Host: AMD Ryzen 7 7735HS with Radeon Graphics, 16 cores, 7G, Ubuntu 22.04.4 LTS
Time: Sun Jun  8 22:24:26 2025 CST elapsed time: 0.040516 seconds (0d 0h 0m 0s)

---------------  T H R E A D  ---------------

Current thread (0x0000723f50015000):  JavaThread "main" [_thread_in_vm, id=54228, stack(0x0000723f58900000,0x0000723f58a00000)]

Stack: [0x0000723f58900000,0x0000723f58a00000],  sp=0x0000723f38608cb7,  free space=18014398508954659k
Native frames: (J=compiled Java code, A=aot compiled Java code, j=interpreted, Vv=VM code, C=native code)
V  [libjvm.so+0x86ea24]  InterpreterRuntime::note_trap(JavaThread*, int, Thread*)+0x34

Java frames: (J=compiled Java code, j=interpreted, Vv=VM code)
C  0x0000723f3860e4a2
v  ~StubRoutines::call_stub

siginfo: si_signo: 11 (SIGSEGV), si_code: 128 (SI_KERNEL), si_addr: 0x0000000000000000

Register to memory mapping:

RAX=0x0000723f588d8000: <offset 0x00000000012d8000> in /usr/lib/jvm/java-11-openjdk-amd64/lib/server/libjvm.so at 0x0000723f57600000
RBX=0x0000723f50015000 is a thread
RCX=0x000000007e75fe2d is an unknown value
RDX=0x0000723f50015000 is a thread
RSP=0x0000723f38608cb7 points into unknown readable memory: 06
RBP=0x0000723f38608d57 points into unknown readable memory: 87
RSI=0x0000723f50015000 is a thread
RDI=0x0000723f50015330 points into unknown readable memory: 0x0000723f38608da7 | a7 8d 60 38 3f 72 00 00
R8 =0x00000008003cf0d8 is pointing into metadata
R9 =0x0000723f501115a0 points into unknown readable memory: 0x0000000000004e2b | 2b 4e 00 00 00 00 00 00
R10=0x000000000000001e is an unknown value
R11=0x0000000800000000 is pointing into metadata
R12=0x0000723f50015000 is a thread
R13=0x0000000000000001 is an unknown value
R14=0x0000723f38608cc7 points into unknown readable memory: 0f
R15=0x0000723f38608cf7 points into unknown readable memory: 10


Registers:
RAX=0x0000723f588d8000, RBX=0x0000723f50015000, RCX=0x000000007e75fe2d, RDX=0x0000723f50015000
RSP=0x0000723f38608cb7, RBP=0x0000723f38608d57, RSI=0x0000723f50015000, RDI=0x0000723f50015330
R8 =0x00000008003cf0d8, R9 =0x0000723f501115a0, R10=0x000000000000001e, R11=0x0000000800000000
R12=0x0000723f50015000, R13=0x0000000000000001, R14=0x0000723f38608cc7, R15=0x0000723f38608cf7
RIP=0x0000723f57e6ea24, EFLAGS=0x0000000000010206, CSGSFS=0x002b000000000033, ERR=0x0000000000000000
  TRAPNO=0x000000000000000d

Top of Stack: (sp=0x0000723f38608cb7)
0x0000723f38608cb0:   06e948245c10fac5 245c10fbc5000000
0x0000723f38608cc0:   0f00000010c1f748 10fac50000000b85
0x0000723f38608cd0:   00000006e9502464 c1f750246410fbc5
0x0000723f38608ce0:   000b850f00000020 58246c10fac50000
0x0000723f38608cf0:   10fbc500000006e9 

Instructions: (pc=0x0000723f57e6ea24)
0x0000723f57e6e924:   24 c8 03 00 00 08 00 00 00 85 c0 75 0f 41 8b 84
0x0000723f57e6e934:   24 d8 00 00 00 a9 00 00 00 20 74 48 48 83 c4 18
0x0000723f57e6e944:   4c 89 e7 be 01 00 00 00 5b 41 5c 41 5d 41 5e 41
0x0000723f57e6e954:   5f 5d e9 15 e7 5d 00 0f 1f 44 00 00 48 8d 15 49
0x0000723f57e6e964:   3d a4 00 4c 89 e0 48 c1 e8 04 23 02 48 8d 15 41
0x0000723f57e6e974:   3d a4 00 48 03 02 c7 00 01 00 00 00 e9 74 ff ff
0x0000723f57e6e984:   ff 0f 1f 00 41 8b 84 24 d8 00 00 00 a8 04 75 ac
0x0000723f57e6e994:   48 83 c4 18 5b 41 5c 41 5d 41 5e 41 5f 5d c3 0f
0x0000723f57e6e9a4:   1f 44 00 00 4c 89 e2 44 89 f6 4c 89 ef e8 2a 15
0x0000723f57e6e9b4:   38 00 49 83 7c 24 08 00 0f 85 b0 fe ff ff 49 89
0x0000723f57e6e9c4:   84 24 90 03 00 00 e9 a3 fe ff ff 90 4c 89 e7 e8
0x0000723f57e6e9d4:   08 90 5d 00 e9 e7 fe ff ff 0f 1f 00 4c 89 ff e8
0x0000723f57e6e9e4:   38 28 ba ff 49 63 37 e9 46 fe ff ff f3 0f 1e fa
0x0000723f57e6e9f4:   55 66 0f ef c0 48 89 e5 41 57 41 56 4c 8d 7d a0
0x0000723f57e6ea04:   4c 8d b5 70 ff ff ff 41 55 41 89 f5 41 54 53 48
0x0000723f57e6ea14:   89 fb 48 81 c7 30 03 00 00 48 89 de 48 83 ec 78
0x0000723f57e6ea24:   0f 29 85 70 ff ff ff 0f 29 45 90 48 89 95 68 ff
0x0000723f57e6ea34:   ff ff 48 c7 45 80 00 00 00 00 c7 45 88 02 00 00
0x0000723f57e6ea44:   00 e8 46 ff ec ff 48 89 de 4c 89 ff e8 eb cd 5e
0x0000723f57e6ea54:   00 66 0f 6f 4d a0 66 0f 6f 55 b0 4c 89 f7 66 0f
0x0000723f57e6ea64:   6f 5d c0 0f 29 8d 70 ff ff ff 0f 29 55 80 0f 29
0x0000723f57e6ea74:   5d 90 e8 55 cd ec ff 66 48 0f 6e e3 66 48 0f 6e
0x0000723f57e6ea84:   c0 49 89 c4 66 0f 6c c4 0f 29 45 a0 48 85 c0 74
0x0000723f57e6ea94:   20 48 8b 9b 88 02 00 00 48 63 33 3b 73 04 74 5c
0x0000723f57e6eaa4:   8d 46 01 89 03 48 8b 43 18 4c 89 24 f0 4c 8b 65
0x0000723f57e6eab4:   a0 4c 89 f7 e8 83 cd ec ff 4c 89 e7 48 89 c6 e8
0x0000723f57e6eac4:   98 00 32 00 41 89 c4 48 8b 45 a0 48 85 c0 74 14
0x0000723f57e6ead4:   48 8b 78 10 48 85 ff 74 33 44 89 ea 44 89 e6 e8
0x0000723f57e6eae4:   38 15 e2 ff 4c 89 ff e8 30 6f f9 ff 48 83 c4 78
0x0000723f57e6eaf4:   5b 41 5c 41 5d 41 5e 41 5f 5d c3 90 48 89 df e8
0x0000723f57e6eb04:   18 27 ba ff 48 63 33 eb 97 0f 1f 00 48 8b 9d 68
0x0000723f57e6eb14:   ff ff ff 4c 89 ff 48 89 de e8 4e 05 32 00 48 83 




---------------  P R O C E S S  ---------------

Threads class SMR info:
_java_thread_list=0x0000723f50176a20, length=10, elements={
0x0000723f50015000, 0x0000723f50132000, 0x0000723f50134000, 0x0000723f5013a000,
0x0000723f5013c000, 0x0000723f5013e000, 0x0000723f50140000, 0x0000723f50142000,
0x0000723f00095800, 0x0000723f50175000
}

Java Threads: ( => current thread )
=>0x0000723f50015000 JavaThread "main" [_thread_in_vm, id=54228, stack(0x0000723f58900000,0x0000723f58a00000)]
  0x0000723f50132000 JavaThread "Reference Handler" daemon [_thread_blocked, id=54235, stack(0x0000723f543f3000,0x0000723f544f3000)]
  0x0000723f50134000 JavaThread "Finalizer" daemon [_thread_blocked, id=54236, stack(0x0000723f542f3000,0x0000723f543f3000)]
  0x0000723f5013a000 JavaThread "Signal Dispatcher" daemon [_thread_blocked, id=54237, stack(0x0000723f541f3000,0x0000723f542f3000)]
  0x0000723f5013c000 JavaThread "Service Thread" daemon [_thread_blocked, id=54238, stack(0x0000723f540f3000,0x0000723f541f3000)]
  0x0000723f5013e000 JavaThread "C2 CompilerThread0" daemon [_thread_blocked, id=54239, stack(0x0000723f4ff00000,0x0000723f50000000)]
  0x0000723f50140000 JavaThread "C1 CompilerThread0" daemon [_thread_blocked, id=54240, stack(0x0000723f38100000,0x0000723f38200000)]
  0x0000723f50142000 JavaThread "Sweeper thread" daemon [_thread_blocked, id=54241, stack(0x0000723f38000000,0x0000723f38100000)]
  0x0000723f00095800 JavaThread "C1 CompilerThread1" daemon [_thread_blocked, id=54242, stack(0x0000723f303f0000,0x0000723f304f0000)]
  0x0000723f50175000 JavaThread "Common-Cleaner" daemon [_thread_blocked, id=54244, stack(0x0000723f301ef000,0x0000723f302ef000)]

Other Threads:
  0x0000723f5012f800 VMThread "VM Thread" [stack: 0x0000723f544f4000,0x0000723f545f4000] [id=54234]
  0x0000723f50173000 WatcherThread [stack: 0x0000723f302f0000,0x0000723f303f0000] [id=54243]
  0x0000723f5002f000 GCTaskThread "GC Thread#0" [stack: 0x0000723f57100000,0x0000723f57200000] [id=54229]
  0x0000723f5005f000 ConcurrentGCThread "G1 Main Marker" [stack: 0x0000723f5572a000,0x0000723f5582a000] [id=54230]
  0x0000723f50061000 ConcurrentGCThread "G1 Conc#0" [stack: 0x0000723f55629000,0x0000723f55729000] [id=54231]
  0x0000723f500fb800 ConcurrentGCThread "G1 Refine#0" [stack: 0x0000723f5481b000,0x0000723f5491b000] [id=54232]
  0x0000723f500fd000 ConcurrentGCThread "G1 Young RemSet Sampling" [stack: 0x0000723f5471a000,0x0000723f5481a000] [id=54233]

Threads with active compile tasks:

VM state:not at safepoint (normal execution)

VM Mutex/Monitor currently owned by a thread: None

Heap address: 0x0000000089e00000, size: 1890 MB, Compressed Oops mode: 32-bit
Narrow klass base: 0x0000000800000000, Narrow klass shift: 3
Compressed class space size: 1073741824 Address: 0x0000000840000000

Heap:
 garbage-first heap   total 124928K, used 720K [0x0000000089e00000, 0x0000000100000000)
  region size 1024K, 1 young (1024K), 0 survivors (0K)
 Metaspace       used 156K, capacity 4486K, committed 4864K, reserved 1056768K
  class space    used 5K, capacity 386K, committed 512K, reserved 1048576K
Heap Regions: E=young(eden), S=young(survivor), O=old, HS=humongous(starts), HC=humongous(continues), CS=collection set, F=free, A=archive, TAMS=top-at-mark-start (previous, next)
|   0|0x0000000089e00000, 0x0000000089e00000, 0x0000000089f00000|  0%| F|  |TAMS 0x0000000089e00000, 0x0000000089e00000| Untracked 
|   1|0x0000000089f00000, 0x0000000089f00000, 0x000000008a000000|  0%| F|  |TAMS 0x0000000089f00000, 0x0000000089f00000| Untracked 
|   2|0x000000008a000000, 0x000000008a000000, 0x000000008a100000|  0%| F|  |TAMS 0x000000008a000000, 0x000000008a000000| Untracked 
|   3|0x000000008a100000, 0x000000008a100000, 0x000000008a200000|  0%| F|  |TAMS 0x000000008a100000, 0x000000008a100000| Untracked 
|   4|0x000000008a200000, 0x000000008a200000, 0x000000008a300000|  0%| F|  |TAMS 0x000000008a200000, 0x000000008a200000| Untracked 
|   5|0x000000008a300000, 0x000000008a300000, 0x000000008a400000|  0%| F|  |TAMS 0x000000008a300000, 0x000000008a300000| Untracked 
|   6|0x000000008a400000, 0x000000008a400000, 0x000000008a500000|  0%| F|  |TAMS 0x000000008a400000, 0x000000008a400000| Untracked 
|   7|0x000000008a500000, 0x000000008a500000, 0x000000008a600000|  0%| F|  |TAMS 0x000000008a500000, 0x000000008a500000| Untracked 
|   8|0x000000008a600000, 0x000000008a600000, 0x000000008a700000|  0%| F|  |TAMS 0x000000008a600000, 0x000000008a600000| Untracked 
|   9|0x000000008a700000, 0x000000008a700000, 0x000000008a800000|  0%| F|  |TAMS 0x000000008a700000, 0x000000008a700000| Untracked 
|  10|0x000000008a800000, 0x000000008a800000, 0x000000008a900000|  0%| F|  |TAMS 0x000000008a800000, 0x000000008a800000| Untracked 
|  11|0x000000008a900000, 0x000000008a900000, 0x000000008aa00000|  0%| F|  |TAMS 0x000000008a900000, 0x000000008a900000| Untracked 
|  12|0x000000008aa00000, 0x000000008aa00000, 0x000000008ab00000|  0%| F|  |TAMS 0x000000008aa00000, 0x000000008aa00000| Untracked 
|  13|0x000000008ab00000, 0x000000008ab00000, 0x000000008ac00000|  0%| F|  |TAMS 0x000000008ab00000, 0x000000008ab00000| Untracked 
|  14|0x000000008ac00000, 0x000000008ac00000, 0x000000008ad00000|  0%| F|  |TAMS 0x000000008ac00000, 0x000000008ac00000| Untracked 
|  15|0x000000008ad00000, 0x000000008ad00000, 0x000000008ae00000|  0%| F|  |TAMS 0x000000008ad00000, 0x000000008ad00000| Untracked 
|  16|0x000000008ae00000, 0x000000008ae00000, 0x000000008af00000|  0%| F|  |TAMS 0x000000008ae00000, 0x000000008ae00000| Untracked 
|  17|0x000000008af00000, 0x000000008af00000, 0x000000008b000000|  0%| F|  |TAMS 0x000000008af00000, 0x000000008af00000| Untracked 
|  18|0x000000008b000000, 0x000000008b000000, 0x000000008b100000|  0%| F|  |TAMS 0x000000008b000000, 0x000000008b000000| Untracked 
|  19|0x000000008b100000, 0x000000008b100000, 0x000000008b200000|  0%| F|  |TAMS 0x000000008b100000, 0x000000008b100000| Untracked 
|  20|0x000000008b200000, 0x000000008b200000, 0x000000008b300000|  0%| F|  |TAMS 0x000000008b200000, 0x000000008b200000| Untracked 
|  21|0x000000008b300000, 0x000000008b300000, 0x000000008b400000|  0%| F|  |TAMS 0x000000008b300000, 0x000000008b300000| Untracked 
|  22|0x000000008b400000, 0x000000008b400000, 0x000000008b500000|  0%| F|  |TAMS 0x000000008b400000, 0x000000008b400000| Untracked 
|  23|0x000000008b500000, 0x000000008b500000, 0x000000008b600000|  0%| F|  |TAMS 0x000000008b500000, 0x000000008b500000| Untracked 
|  24|0x000000008b600000, 0x000000008b600000, 0x000000008b700000|  0%| F|  |TAMS 0x000000008b600000, 0x000000008b600000| Untracked 
|  25|0x000000008b700000, 0x000000008b700000, 0x000000008b800000|  0%| F|  |TAMS 0x000000008b700000, 0x000000008b700000| Untracked 
|  26|0x000000008b800000, 0x000000008b800000, 0x000000008b900000|  0%| F|  |TAMS 0x000000008b800000, 0x000000008b800000| Untracked 
|  27|0x000000008b900000, 0x000000008b900000, 0x000000008ba00000|  0%| F|  |TAMS 0x000000008b900000, 0x000000008b900000| Untracked 
|  28|0x000000008ba00000, 0x000000008ba00000, 0x000000008bb00000|  0%| F|  |TAMS 0x000000008ba00000, 0x000000008ba00000| Untracked 
|  29|0x000000008bb00000, 0x000000008bb00000, 0x000000008bc00000|  0%| F|  |TAMS 0x000000008bb00000, 0x000000008bb00000| Untracked 
|  30|0x000000008bc00000, 0x000000008bc00000, 0x000000008bd00000|  0%| F|  |TAMS 0x000000008bc00000, 0x000000008bc00000| Untracked 
|  31|0x000000008bd00000, 0x000000008bd00000, 0x000000008be00000|  0%| F|  |TAMS 0x000000008bd00000, 0x000000008bd00000| Untracked 
|  32|0x000000008be00000, 0x000000008be00000, 0x000000008bf00000|  0%| F|  |TAMS 0x000000008be00000, 0x000000008be00000| Untracked 
|  33|0x000000008bf00000, 0x000000008bf00000, 0x000000008c000000|  0%| F|  |TAMS 0x000000008bf00000, 0x000000008bf00000| Untracked 
|  34|0x000000008c000000, 0x000000008c000000, 0x000000008c100000|  0%| F|  |TAMS 0x000000008c000000, 0x000000008c000000| Untracked 
|  35|0x000000008c100000, 0x000000008c100000, 0x000000008c200000|  0%| F|  |TAMS 0x000000008c100000, 0x000000008c100000| Untracked 
|  36|0x000000008c200000, 0x000000008c200000, 0x000000008c300000|  0%| F|  |TAMS 0x000000008c200000, 0x000000008c200000| Untracked 
|  37|0x000000008c300000, 0x000000008c300000, 0x000000008c400000|  0%| F|  |TAMS 0x000000008c300000, 0x000000008c300000| Untracked 
|  38|0x000000008c400000, 0x000000008c400000, 0x000000008c500000|  0%| F|  |TAMS 0x000000008c400000, 0x000000008c400000| Untracked 
|  39|0x000000008c500000, 0x000000008c500000, 0x000000008c600000|  0%| F|  |TAMS 0x000000008c500000, 0x000000008c500000| Untracked 
|  40|0x000000008c600000, 0x000000008c600000, 0x000000008c700000|  0%| F|  |TAMS 0x000000008c600000, 0x000000008c600000| Untracked 
|  41|0x000000008c700000, 0x000000008c700000, 0x000000008c800000|  0%| F|  |TAMS 0x000000008c700000, 0x000000008c700000| Untracked 
|  42|0x000000008c800000, 0x000000008c800000, 0x000000008c900000|  0%| F|  |TAMS 0x000000008c800000, 0x000000008c800000| Untracked 
|  43|0x000000008c900000, 0x000000008c900000, 0x000000008ca00000|  0%| F|  |TAMS 0x000000008c900000, 0x000000008c900000| Untracked 
|  44|0x000000008ca00000, 0x000000008ca00000, 0x000000008cb00000|  0%| F|  |TAMS 0x000000008ca00000, 0x000000008ca00000| Untracked 
|  45|0x000000008cb00000, 0x000000008cb00000, 0x000000008cc00000|  0%| F|  |TAMS 0x000000008cb00000, 0x000000008cb00000| Untracked 
|  46|0x000000008cc00000, 0x000000008cc00000, 0x000000008cd00000|  0%| F|  |TAMS 0x000000008cc00000, 0x000000008cc00000| Untracked 
|  47|0x000000008cd00000, 0x000000008cd00000, 0x000000008ce00000|  0%| F|  |TAMS 0x000000008cd00000, 0x000000008cd00000| Untracked 
|  48|0x000000008ce00000, 0x000000008ce00000, 0x000000008cf00000|  0%| F|  |TAMS 0x000000008ce00000, 0x000000008ce00000| Untracked 
|  49|0x000000008cf00000, 0x000000008cf00000, 0x000000008d000000|  0%| F|  |TAMS 0x000000008cf00000, 0x000000008cf00000| Untracked 
|  50|0x000000008d000000, 0x000000008d000000, 0x000000008d100000|  0%| F|  |TAMS 0x000000008d000000, 0x000000008d000000| Untracked 
|  51|0x000000008d100000, 0x000000008d100000, 0x000000008d200000|  0%| F|  |TAMS 0x000000008d100000, 0x000000008d100000| Untracked 
|  52|0x000000008d200000, 0x000000008d200000, 0x000000008d300000|  0%| F|  |TAMS 0x000000008d200000, 0x000000008d200000| Untracked 
|  53|0x000000008d300000, 0x000000008d300000, 0x000000008d400000|  0%| F|  |TAMS 0x000000008d300000, 0x000000008d300000| Untracked 
|  54|0x000000008d400000, 0x000000008d400000, 0x000000008d500000|  0%| F|  |TAMS 0x000000008d400000, 0x000000008d400000| Untracked 
|  55|0x000000008d500000, 0x000000008d500000, 0x000000008d600000|  0%| F|  |TAMS 0x000000008d500000, 0x000000008d500000| Untracked 
|  56|0x000000008d600000, 0x000000008d600000, 0x000000008d700000|  0%| F|  |TAMS 0x000000008d600000, 0x000000008d600000| Untracked 
|  57|0x000000008d700000, 0x000000008d700000, 0x000000008d800000|  0%| F|  |TAMS 0x000000008d700000, 0x000000008d700000| Untracked 
|  58|0x000000008d800000, 0x000000008d800000, 0x000000008d900000|  0%| F|  |TAMS 0x000000008d800000, 0x000000008d800000| Untracked 
|  59|0x000000008d900000, 0x000000008d900000, 0x000000008da00000|  0%| F|  |TAMS 0x000000008d900000, 0x000000008d900000| Untracked 
|  60|0x000000008da00000, 0x000000008da00000, 0x000000008db00000|  0%| F|  |TAMS 0x000000008da00000, 0x000000008da00000| Untracked 
|  61|0x000000008db00000, 0x000000008db00000, 0x000000008dc00000|  0%| F|  |TAMS 0x000000008db00000, 0x000000008db00000| Untracked 
|  62|0x000000008dc00000, 0x000000008dc00000, 0x000000008dd00000|  0%| F|  |TAMS 0x000000008dc00000, 0x000000008dc00000| Untracked 
|  63|0x000000008dd00000, 0x000000008dd00000, 0x000000008de00000|  0%| F|  |TAMS 0x000000008dd00000, 0x000000008dd00000| Untracked 
|  64|0x000000008de00000, 0x000000008de00000, 0x000000008df00000|  0%| F|  |TAMS 0x000000008de00000, 0x000000008de00000| Untracked 
|  65|0x000000008df00000, 0x000000008df00000, 0x000000008e000000|  0%| F|  |TAMS 0x000000008df00000, 0x000000008df00000| Untracked 
|  66|0x000000008e000000, 0x000000008e000000, 0x000000008e100000|  0%| F|  |TAMS 0x000000008e000000, 0x000000008e000000| Untracked 
|  67|0x000000008e100000, 0x000000008e100000, 0x000000008e200000|  0%| F|  |TAMS 0x000000008e100000, 0x000000008e100000| Untracked 
|  68|0x000000008e200000, 0x000000008e200000, 0x000000008e300000|  0%| F|  |TAMS 0x000000008e200000, 0x000000008e200000| Untracked 
|  69|0x000000008e300000, 0x000000008e300000, 0x000000008e400000|  0%| F|  |TAMS 0x000000008e300000, 0x000000008e300000| Untracked 
|  70|0x000000008e400000, 0x000000008e400000, 0x000000008e500000|  0%| F|  |TAMS 0x000000008e400000, 0x000000008e400000| Untracked 
|  71|0x000000008e500000, 0x000000008e500000, 0x000000008e600000|  0%| F|  |TAMS 0x000000008e500000, 0x000000008e500000| Untracked 
|  72|0x000000008e600000, 0x000000008e600000, 0x000000008e700000|  0%| F|  |TAMS 0x000000008e600000, 0x000000008e600000| Untracked 
|  73|0x000000008e700000, 0x000000008e700000, 0x000000008e800000|  0%| F|  |TAMS 0x000000008e700000, 0x000000008e700000| Untracked 
|  74|0x000000008e800000, 0x000000008e800000, 0x000000008e900000|  0%| F|  |TAMS 0x000000008e800000, 0x000000008e800000| Untracked 
|  75|0x000000008e900000, 0x000000008e900000, 0x000000008ea00000|  0%| F|  |TAMS 0x000000008e900000, 0x000000008e900000| Untracked 
|  76|0x000000008ea00000, 0x000000008ea00000, 0x000000008eb00000|  0%| F|  |TAMS 0x000000008ea00000, 0x000000008ea00000| Untracked 
|  77|0x000000008eb00000, 0x000000008eb00000, 0x000000008ec00000|  0%| F|  |TAMS 0x000000008eb00000, 0x000000008eb00000| Untracked 
|  78|0x000000008ec00000, 0x000000008ec00000, 0x000000008ed00000|  0%| F|  |TAMS 0x000000008ec00000, 0x000000008ec00000| Untracked 
|  79|0x000000008ed00000, 0x000000008ed00000, 0x000000008ee00000|  0%| F|  |TAMS 0x000000008ed00000, 0x000000008ed00000| Untracked 
|  80|0x000000008ee00000, 0x000000008ee00000, 0x000000008ef00000|  0%| F|  |TAMS 0x000000008ee00000, 0x000000008ee00000| Untracked 
|  81|0x000000008ef00000, 0x000000008ef00000, 0x000000008f000000|  0%| F|  |TAMS 0x000000008ef00000, 0x000000008ef00000| Untracked 
|  82|0x000000008f000000, 0x000000008f000000, 0x000000008f100000|  0%| F|  |TAMS 0x000000008f000000, 0x000000008f000000| Untracked 
|  83|0x000000008f100000, 0x000000008f100000, 0x000000008f200000|  0%| F|  |TAMS 0x000000008f100000, 0x000000008f100000| Untracked 
|  84|0x000000008f200000, 0x000000008f200000, 0x000000008f300000|  0%| F|  |TAMS 0x000000008f200000, 0x000000008f200000| Untracked 
|  85|0x000000008f300000, 0x000000008f300000, 0x000000008f400000|  0%| F|  |TAMS 0x000000008f300000, 0x000000008f300000| Untracked 
|  86|0x000000008f400000, 0x000000008f400000, 0x000000008f500000|  0%| F|  |TAMS 0x000000008f400000, 0x000000008f400000| Untracked 
|  87|0x000000008f500000, 0x000000008f500000, 0x000000008f600000|  0%| F|  |TAMS 0x000000008f500000, 0x000000008f500000| Untracked 
|  88|0x000000008f600000, 0x000000008f600000, 0x000000008f700000|  0%| F|  |TAMS 0x000000008f600000, 0x000000008f600000| Untracked 
|  89|0x000000008f700000, 0x000000008f700000, 0x000000008f800000|  0%| F|  |TAMS 0x000000008f700000, 0x000000008f700000| Untracked 
|  90|0x000000008f800000, 0x000000008f800000, 0x000000008f900000|  0%| F|  |TAMS 0x000000008f800000, 0x000000008f800000| Untracked 
|  91|0x000000008f900000, 0x000000008f900000, 0x000000008fa00000|  0%| F|  |TAMS 0x000000008f900000, 0x000000008f900000| Untracked 
|  92|0x000000008fa00000, 0x000000008fa00000, 0x000000008fb00000|  0%| F|  |TAMS 0x000000008fa00000, 0x000000008fa00000| Untracked 
|  93|0x000000008fb00000, 0x000000008fb00000, 0x000000008fc00000|  0%| F|  |TAMS 0x000000008fb00000, 0x000000008fb00000| Untracked 
|  94|0x000000008fc00000, 0x000000008fc00000, 0x000000008fd00000|  0%| F|  |TAMS 0x000000008fc00000, 0x000000008fc00000| Untracked 
|  95|0x000000008fd00000, 0x000000008fd00000, 0x000000008fe00000|  0%| F|  |TAMS 0x000000008fd00000, 0x000000008fd00000| Untracked 
|  96|0x000000008fe00000, 0x000000008fe00000, 0x000000008ff00000|  0%| F|  |TAMS 0x000000008fe00000, 0x000000008fe00000| Untracked 
|  97|0x000000008ff00000, 0x000000008ff00000, 0x0000000090000000|  0%| F|  |TAMS 0x000000008ff00000, 0x000000008ff00000| Untracked 
|  98|0x0000000090000000, 0x0000000090000000, 0x0000000090100000|  0%| F|  |TAMS 0x0000000090000000, 0x0000000090000000| Untracked 
|  99|0x0000000090100000, 0x0000000090100000, 0x0000000090200000|  0%| F|  |TAMS 0x0000000090100000, 0x0000000090100000| Untracked 
| 100|0x0000000090200000, 0x0000000090200000, 0x0000000090300000|  0%| F|  |TAMS 0x0000000090200000, 0x0000000090200000| Untracked 
| 101|0x0000000090300000, 0x0000000090300000, 0x0000000090400000|  0%| F|  |TAMS 0x0000000090300000, 0x0000000090300000| Untracked 
| 102|0x0000000090400000, 0x0000000090400000, 0x0000000090500000|  0%| F|  |TAMS 0x0000000090400000, 0x0000000090400000| Untracked 
| 103|0x0000000090500000, 0x0000000090500000, 0x0000000090600000|  0%| F|  |TAMS 0x0000000090500000, 0x0000000090500000| Untracked 
| 104|0x0000000090600000, 0x0000000090600000, 0x0000000090700000|  0%| F|  |TAMS 0x0000000090600000, 0x0000000090600000| Untracked 
| 105|0x0000000090700000, 0x0000000090700000, 0x0000000090800000|  0%| F|  |TAMS 0x0000000090700000, 0x0000000090700000| Untracked 
| 106|0x0000000090800000, 0x0000000090800000, 0x0000000090900000|  0%| F|  |TAMS 0x0000000090800000, 0x0000000090800000| Untracked 
| 107|0x0000000090900000, 0x0000000090900000, 0x0000000090a00000|  0%| F|  |TAMS 0x0000000090900000, 0x0000000090900000| Untracked 
| 108|0x0000000090a00000, 0x0000000090a00000, 0x0000000090b00000|  0%| F|  |TAMS 0x0000000090a00000, 0x0000000090a00000| Untracked 
| 109|0x0000000090b00000, 0x0000000090b00000, 0x0000000090c00000|  0%| F|  |TAMS 0x0000000090b00000, 0x0000000090b00000| Untracked 
| 110|0x0000000090c00000, 0x0000000090c00000, 0x0000000090d00000|  0%| F|  |TAMS 0x0000000090c00000, 0x0000000090c00000| Untracked 
| 111|0x0000000090d00000, 0x0000000090d00000, 0x0000000090e00000|  0%| F|  |TAMS 0x0000000090d00000, 0x0000000090d00000| Untracked 
| 112|0x0000000090e00000, 0x0000000090e00000, 0x0000000090f00000|  0%| F|  |TAMS 0x0000000090e00000, 0x0000000090e00000| Untracked 
| 113|0x0000000090f00000, 0x0000000090f00000, 0x0000000091000000|  0%| F|  |TAMS 0x0000000090f00000, 0x0000000090f00000| Untracked 
| 114|0x0000000091000000, 0x0000000091000000, 0x0000000091100000|  0%| F|  |TAMS 0x0000000091000000, 0x0000000091000000| Untracked 
| 115|0x0000000091100000, 0x0000000091100000, 0x0000000091200000|  0%| F|  |TAMS 0x0000000091100000, 0x0000000091100000| Untracked 
| 116|0x0000000091200000, 0x0000000091200000, 0x0000000091300000|  0%| F|  |TAMS 0x0000000091200000, 0x0000000091200000| Untracked 
| 117|0x0000000091300000, 0x0000000091300000, 0x0000000091400000|  0%| F|  |TAMS 0x0000000091300000, 0x0000000091300000| Untracked 
| 118|0x0000000091400000, 0x0000000091400000, 0x0000000091500000|  0%| F|  |TAMS 0x0000000091400000, 0x0000000091400000| Untracked 
| 119|0x0000000091500000, 0x0000000091600000, 0x0000000091600000|100%| E|  |TAMS 0x0000000091500000, 0x0000000091500000| Complete 
|1888|0x00000000ffe00000, 0x00000000ffe48000, 0x00000000fff00000| 28%|OA|  |TAMS 0x00000000ffe00000, 0x00000000ffe00000| Untracked 
|1889|0x00000000fff00000, 0x00000000fff6c000, 0x0000000100000000| 42%|CA|  |TAMS 0x00000000fff00000, 0x00000000fff00000| Untracked 

Card table byte_map: [0x0000723f55c90000,0x0000723f56041000] _byte_map_base: 0x0000723f55841000

Marking Bits (Prev, Next): (CMBitMap*) 0x0000723f50056ab8, (CMBitMap*) 0x0000723f50056af0
 Prev Bits: [0x0000723f32278000, 0x0000723f34000000)
 Next Bits: [0x0000723f304f0000, 0x0000723f32278000)

Polling page: 0x0000723f58e00000

Metaspace:

Usage:
  Non-class:      4.00 MB capacity,   150.95 KB (  4%) used,     3.86 MB ( 96%) free+waste,   128 bytes ( <1%) overhead. 
      Class:    386.00 KB capacity,     5.18 KB (  1%) used,   380.70 KB ( 99%) free+waste,   128 bytes ( <1%) overhead. 
       Both:      4.38 MB capacity,   156.13 KB (  3%) used,     4.23 MB ( 97%) free+waste,   256 bytes ( <1%) overhead. 

Virtual space:
  Non-class space:        8.00 MB reserved,       4.25 MB ( 53%) committed 
      Class space:        1.00 GB reserved,     512.00 KB ( <1%) committed 
             Both:        1.01 GB reserved,       4.75 MB ( <1%) committed 

Chunk freelists:
   Non-Class:  0 bytes
       Class:  0 bytes
        Both:  0 bytes

MaxMetaspaceSize: unlimited
CompressedClassSpaceSize: 1.00 GB
Initial GC threshold: 20.80 MB
Current GC threshold: 20.80 MB
CDS: on

CodeHeap 'non-profiled nmethods': size=119172Kb used=15Kb max_used=15Kb free=119156Kb
 bounds [0x0000723f4019f000, 0x0000723f4040f000, 0x0000723f47600000]
CodeHeap 'profiled nmethods': size=119168Kb used=94Kb max_used=94Kb free=119073Kb
 bounds [0x0000723f38d3f000, 0x0000723f38faf000, 0x0000723f4019f000]
CodeHeap 'non-nmethods': size=7420Kb used=1583Kb max_used=1589Kb free=5836Kb
 bounds [0x0000723f38600000, 0x0000723f38870000, 0x0000723f38d3f000]
 total_blobs=315 nmethods=71 adapters=157
 compilation: enabled
              stopped_count=0, restarted_count=0
 full_count=0

Compilation events (20 events):
Event: 0.025 Thread 0x0000723f5013e000   64       4       java.util.HashMap::afterNodeInsertion (1 bytes)
Event: 0.026 Thread 0x0000723f50140000 nmethod 60 0x0000723f38d54210 code [0x0000723f38d543e0, 0x0000723f38d54730]
Event: 0.026 Thread 0x0000723f50140000   62       3       java.util.HashMap::putIfAbsent (13 bytes)
Event: 0.026 Thread 0x0000723f5013e000 nmethod 64 0x0000723f401a2290 code [0x0000723f401a2420, 0x0000723f401a2498]
Event: 0.026 Thread 0x0000723f00095800 nmethod 61 0x0000723f38d54810 code [0x0000723f38d54a20, 0x0000723f38d54f80]
Event: 0.026 Thread 0x0000723f50140000 nmethod 62 0x0000723f38d55110 code [0x0000723f38d552e0, 0x0000723f38d555f0]
Event: 0.026 Thread 0x0000723f50140000   65       1       java.lang.Module::getDescriptor (5 bytes)
Event: 0.026 Thread 0x0000723f50140000 nmethod 65 0x0000723f401a2590 code [0x0000723f401a2740, 0x0000723f401a2810]
Event: 0.026 Thread 0x0000723f5013e000   66       4       java.util.ImmutableCollections$SetN$SetNIterator::hasNext (13 bytes)
Event: 0.026 Thread 0x0000723f5013e000 nmethod 66 0x0000723f401a2890 code [0x0000723f401a2a20, 0x0000723f401a2a98]
Event: 0.026 Thread 0x0000723f5013e000   67       4       java.util.ImmutableCollections$SetN$SetNIterator::nextIndex (56 bytes)
Event: 0.026 Thread 0x0000723f5013e000 nmethod 67 0x0000723f401a2b90 code [0x0000723f401a2d20, 0x0000723f401a2db8]
Event: 0.027 Thread 0x0000723f50140000   68       3       java.lang.StringLatin1::canEncode (13 bytes)
Event: 0.027 Thread 0x0000723f00095800   69       3       java.lang.String::charAt (25 bytes)
Event: 0.027 Thread 0x0000723f50140000 nmethod 68 0x0000723f38d55710 code [0x0000723f38d558c0, 0x0000723f38d559f0]
Event: 0.027 Thread 0x0000723f50140000   70       3       java.lang.StringLatin1::charAt (28 bytes)
Event: 0.027 Thread 0x0000723f50140000 nmethod 70 0x0000723f38d55a90 code [0x0000723f38d55c60, 0x0000723f38d55e40]
Event: 0.027 Thread 0x0000723f50140000   71       3       java.lang.CharacterDataLatin1::getProperties (11 bytes)
Event: 0.027 Thread 0x0000723f50140000 nmethod 71 0x0000723f38d55f10 code [0x0000723f38d560c0, 0x0000723f38d56210]
Event: 0.028 Thread 0x0000723f00095800 nmethod 69 0x0000723f38d56310 code [0x0000723f38d56500, 0x0000723f38d568d0]

GC Heap History (0 events):
No events

Deoptimization events (0 events):
No events

Classes redefined (0 events):
No events

Internal exceptions (0 events):
No events

Events (20 events):
Event: 0.015 Thread 0x0000723f50140000 Thread added: 0x0000723f50140000
Event: 0.016 Protecting memory [0x0000723f38100000,0x0000723f38104000] with protection modes 0
Event: 0.016 Thread 0x0000723f50142000 Thread added: 0x0000723f50142000
Event: 0.016 Protecting memory [0x0000723f38000000,0x0000723f38004000] with protection modes 0
Event: 0.021 Thread 0x0000723f00095800 Thread added: 0x0000723f00095800
Event: 0.021 Protecting memory [0x0000723f303f0000,0x0000723f303f4000] with protection modes 0
Event: 0.026 Executing VM operation: EnableBiasedLocking
Event: 0.026 Executing VM operation: EnableBiasedLocking done
Event: 0.026 loading class jdk/internal/vm/PostVMInitHook
Event: 0.026 loading class jdk/internal/vm/PostVMInitHook done
Event: 0.027 loading class Main
Event: 0.027 loading class Main done
Event: 0.027 loading class jdk/internal/loader/URLClassPath$FileLoader
Event: 0.027 loading class jdk/internal/loader/URLClassPath$FileLoader done
Event: 0.028 loading class jdk/internal/loader/URLClassPath$FileLoader$1
Event: 0.028 loading class jdk/internal/loader/URLClassPath$FileLoader$1 done
Event: 0.029 Thread 0x0000723f50175000 Thread added: 0x0000723f50175000
Event: 0.029 Protecting memory [0x0000723f301ef000,0x0000723f301f3000] with protection modes 0
Event: 0.029 Executing VM operation: RevokeBias
Event: 0.029 Executing VM operation: RevokeBias done


Dynamic libraries:
89e00000-91600000 rw-p 00000000 00:00 0 
91600000-ffe00000 ---p 00000000 00:00 0 
ffe00000-ffe48000 rw-p 00b14000 08:30 69182                              /usr/lib/jvm/java-11-openjdk-amd64/lib/server/classes.jsa
ffe48000-fff00000 rw-p 00000000 00:00 0 
fff00000-fff6c000 rw-p 00aa8000 08:30 69182                              /usr/lib/jvm/java-11-openjdk-amd64/lib/server/classes.jsa
fff6c000-100000000 rw-p 00000000 00:00 0 
800000000-800002000 rwxp 00001000 08:30 69182                            /usr/lib/jvm/java-11-openjdk-amd64/lib/server/classes.jsa
800002000-8003ce000 rw-p 00003000 08:30 69182                            /usr/lib/jvm/java-11-openjdk-amd64/lib/server/classes.jsa
8003ce000-800aa6000 r--p 003cf000 08:30 69182                            /usr/lib/jvm/java-11-openjdk-amd64/lib/server/classes.jsa
800aa6000-800aa7000 rw-p 00aa7000 08:30 69182                            /usr/lib/jvm/java-11-openjdk-amd64/lib/server/classes.jsa
840000000-840080000 rw-p 00000000 00:00 0 
840080000-880000000 ---p 00000000 00:00 0 
6399a6543000-6399a6544000 r--p 00000000 08:30 31552                      /usr/lib/jvm/java-11-openjdk-amd64/bin/java
6399a6544000-6399a6545000 r-xp 00001000 08:30 31552                      /usr/lib/jvm/java-11-openjdk-amd64/bin/java
6399a6545000-6399a6546000 r--p 00002000 08:30 31552                      /usr/lib/jvm/java-11-openjdk-amd64/bin/java
6399a6546000-6399a6547000 r--p 00002000 08:30 31552                      /usr/lib/jvm/java-11-openjdk-amd64/bin/java
6399a6547000-6399a6548000 rw-p 00003000 08:30 31552                      /usr/lib/jvm/java-11-openjdk-amd64/bin/java
6399ad3d3000-6399ad3f4000 rw-p 00000000 00:00 0                          [heap]
723ef0000000-723ef0021000 rw-p 00000000 00:00 0 
723ef0021000-723ef4000000 ---p 00000000 00:00 0 
723ef4000000-723ef4021000 rw-p 00000000 00:00 0 
723ef4021000-723ef8000000 ---p 00000000 00:00 0 
723ef8000000-723ef8021000 rw-p 00000000 00:00 0 
723ef8021000-723efc000000 ---p 00000000 00:00 0 
723efc000000-723efc021000 rw-p 00000000 00:00 0 
723efc021000-723f00000000 ---p 00000000 00:00 0 
723f00000000-723f0009a000 rw-p 00000000 00:00 0 
723f0009a000-723f04000000 ---p 00000000 00:00 0 
723f04000000-723f0408d000 rw-p 00000000 00:00 0 
723f0408d000-723f08000000 ---p 00000000 00:00 0 
723f08000000-723f08021000 rw-p 00000000 00:00 0 
723f08021000-723f0c000000 ---p 00000000 00:00 0 
723f0c000000-723f0c021000 rw-p 00000000 00:00 0 
723f0c021000-723f10000000 ---p 00000000 00:00 0 
723f10000000-723f10021000 rw-p 00000000 00:00 0 
723f10021000-723f14000000 ---p 00000000 00:00 0 
723f14000000-723f14021000 rw-p 00000000 00:00 0 
723f14021000-723f18000000 ---p 00000000 00:00 0 
723f18000000-723f18021000 rw-p 00000000 00:00 0 
723f18021000-723f1c000000 ---p 00000000 00:00 0 
723f1c000000-723f1c021000 rw-p 00000000 00:00 0 
723f1c021000-723f20000000 ---p 00000000 00:00 0 
723f20000000-723f20021000 rw-p 00000000 00:00 0 
723f20021000-723f24000000 ---p 00000000 00:00 0 
723f24000000-723f24021000 rw-p 00000000 00:00 0 
723f24021000-723f28000000 ---p 00000000 00:00 0 
723f29597000-723f29c40000 rw-p 00000000 00:00 0 
723f29c40000-723f2a000000 ---p 00000000 00:00 0 
723f2a000000-723f2c000000 rw-p 00000000 00:00 0 
723f2c000000-723f2c021000 rw-p 00000000 00:00 0 
723f2c021000-723f30000000 ---p 00000000 00:00 0 
723f300a4000-723f301ef000 rw-p 00000000 00:00 0 
723f301ef000-723f301f3000 ---p 00000000 00:00 0 
723f301f3000-723f302ef000 rw-p 00000000 00:00 0 
723f302ef000-723f302f0000 ---p 00000000 00:00 0 
723f302f0000-723f303f0000 rw-p 00000000 00:00 0 
723f303f0000-723f303f4000 ---p 00000000 00:00 0 
723f303f4000-723f306d0000 rw-p 00000000 00:00 0 
723f306d0000-723f32270000 ---p 00000000 00:00 0 
723f32270000-723f32458000 rw-p 00000000 00:00 0 
723f32458000-723f33ff8000 ---p 00000000 00:00 0 
723f33ff8000-723f34000000 rw-p 00000000 00:00 0 
723f34000000-723f34021000 rw-p 00000000 00:00 0 
723f34021000-723f38000000 ---p 00000000 00:00 0 
723f38000000-723f38004000 ---p 00000000 00:00 0 
723f38004000-723f38100000 rw-p 00000000 00:00 0 
723f38100000-723f38104000 ---p 00000000 00:00 0 
723f38104000-723f38200000 rw-p 00000000 00:00 0 
723f38200000-723f38539000 r--p 00000000 08:30 3872                       /usr/lib/locale/locale-archive
723f38600000-723f38870000 rwxp 00000000 00:00 0 
723f38870000-723f38d3f000 ---p 00000000 00:00 0 
723f38d3f000-723f38faf000 rwxp 00000000 00:00 0 
723f38faf000-723f4019f000 ---p 00000000 00:00 0 
723f4019f000-723f4040f000 rwxp 00000000 00:00 0 
723f4040f000-723f47600000 ---p 00000000 00:00 0 
723f47600000-723f4fe41000 r--s 00000000 08:30 57820                      /usr/lib/jvm/java-11-openjdk-amd64/lib/modules
723f4ff00000-723f4ff04000 ---p 00000000 00:00 0 
723f4ff04000-723f50000000 rw-p 00000000 00:00 0 
723f50000000-723f50181000 rw-p 00000000 00:00 0 
723f50181000-723f54000000 ---p 00000000 00:00 0 
723f540f3000-723f540f7000 ---p 00000000 00:00 0 
723f540f7000-723f541f3000 rw-p 00000000 00:00 0 
723f541f3000-723f541f7000 ---p 00000000 00:00 0 
723f541f7000-723f542f3000 rw-p 00000000 00:00 0 
723f542f3000-723f542f7000 ---p 00000000 00:00 0 
723f542f7000-723f543f3000 rw-p 00000000 00:00 0 
723f543f3000-723f543f7000 ---p 00000000 00:00 0 
723f543f7000-723f544f3000 rw-p 00000000 00:00 0 
723f544f3000-723f544f4000 ---p 00000000 00:00 0 
723f544f4000-723f54719000 rw-p 00000000 00:00 0 
723f54719000-723f5471a000 ---p 00000000 00:00 0 
723f5471a000-723f5481a000 rw-p 00000000 00:00 0 
723f5481a000-723f5481b000 ---p 00000000 00:00 0 
723f5481b000-723f55628000 rw-p 00000000 00:00 0 
723f55628000-723f55629000 ---p 00000000 00:00 0 
723f55629000-723f55729000 rw-p 00000000 00:00 0 
723f55729000-723f5572a000 ---p 00000000 00:00 0 
723f5572a000-723f5591b000 rw-p 00000000 00:00 0 
723f5591b000-723f55c8f000 ---p 00000000 00:00 0 
723f55c8f000-723f55ccc000 rw-p 00000000 00:00 0 
723f55ccc000-723f56040000 ---p 00000000 00:00 0 
723f56040000-723f5607d000 rw-p 00000000 00:00 0 
723f5607d000-723f563f1000 ---p 00000000 00:00 0 
723f563f1000-723f570ff000 rw-p 00000000 00:00 0 
723f570ff000-723f57100000 ---p 00000000 00:00 0 
723f57100000-723f57200000 rw-p 00000000 00:00 0 
723f57200000-723f5729a000 r--p 00000000 08:30 6947                       /usr/lib/x86_64-linux-gnu/libstdc++.so.6.0.30
723f5729a000-723f573ab000 r-xp 0009a000 08:30 6947                       /usr/lib/x86_64-linux-gnu/libstdc++.so.6.0.30
723f573ab000-723f5741a000 r--p 001ab000 08:30 6947                       /usr/lib/x86_64-linux-gnu/libstdc++.so.6.0.30
723f5741a000-723f5741b000 ---p 0021a000 08:30 6947                       /usr/lib/x86_64-linux-gnu/libstdc++.so.6.0.30
723f5741b000-723f57426000 r--p 0021a000 08:30 6947                       /usr/lib/x86_64-linux-gnu/libstdc++.so.6.0.30
723f57426000-723f57429000 rw-p 00225000 08:30 6947                       /usr/lib/x86_64-linux-gnu/libstdc++.so.6.0.30
723f57429000-723f5742c000 rw-p 00000000 00:00 0 
723f5742e000-723f57433000 rw-p 00000000 00:00 0 
723f57433000-723f57517000 ---p 00000000 00:00 0 
723f57517000-723f5751c000 rw-p 00000000 00:00 0 
723f5751c000-723f57600000 ---p 00000000 00:00 0 
723f57600000-723f57883000 r--p 00000000 08:30 64179                      /usr/lib/jvm/java-11-openjdk-amd64/lib/server/libjvm.so
723f57883000-723f5852e000 r-xp 00283000 08:30 64179                      /usr/lib/jvm/java-11-openjdk-amd64/lib/server/libjvm.so
723f5852e000-723f5878a000 r--p 00f2e000 08:30 64179                      /usr/lib/jvm/java-11-openjdk-amd64/lib/server/libjvm.so
723f5878a000-723f5884e000 r--p 01189000 08:30 64179                      /usr/lib/jvm/java-11-openjdk-amd64/lib/server/libjvm.so
723f5884e000-723f58889000 rw-p 0124d000 08:30 64179                      /usr/lib/jvm/java-11-openjdk-amd64/lib/server/libjvm.so
723f58889000-723f588e0000 rw-p 00000000 00:00 0 
723f58900000-723f58904000 ---p 00000000 00:00 0 
723f58904000-723f58a00000 rw-p 00000000 00:00 0 
723f58a00000-723f58a28000 r--p 00000000 08:30 20248                      /usr/lib/x86_64-linux-gnu/libc.so.6
723f58a28000-723f58bbd000 r-xp 00028000 08:30 20248                      /usr/lib/x86_64-linux-gnu/libc.so.6
723f58bbd000-723f58c15000 r--p 001bd000 08:30 20248                      /usr/lib/x86_64-linux-gnu/libc.so.6
723f58c15000-723f58c16000 ---p 00215000 08:30 20248                      /usr/lib/x86_64-linux-gnu/libc.so.6
723f58c16000-723f58c1a000 r--p 00215000 08:30 20248                      /usr/lib/x86_64-linux-gnu/libc.so.6
723f58c1a000-723f58c1c000 rw-p 00219000 08:30 20248                      /usr/lib/x86_64-linux-gnu/libc.so.6
723f58c1c000-723f58c29000 rw-p 00000000 00:00 0 
723f58c2b000-723f58c32000 r--s 00000000 08:30 23928                      /usr/lib/x86_64-linux-gnu/gconv/gconv-modules.cache
723f58c32000-723f58c58000 rw-p 00000000 00:00 0 
723f58c58000-723f58c62000 ---p 00000000 00:00 0 
723f58c62000-723f58c64000 r--p 00000000 08:30 57817                      /usr/lib/jvm/java-11-openjdk-amd64/lib/libzip.so
723f58c64000-723f58c69000 r-xp 00002000 08:30 57817                      /usr/lib/jvm/java-11-openjdk-amd64/lib/libzip.so
723f58c69000-723f58c6b000 r--p 00007000 08:30 57817                      /usr/lib/jvm/java-11-openjdk-amd64/lib/libzip.so
723f58c6b000-723f58c6c000 r--p 00008000 08:30 57817                      /usr/lib/jvm/java-11-openjdk-amd64/lib/libzip.so
723f58c6c000-723f58c6d000 rw-p 00009000 08:30 57817                      /usr/lib/jvm/java-11-openjdk-amd64/lib/libzip.so
723f58c6d000-723f58c75000 rw-s 00000000 08:30 23064                      /tmp/hsperfdata_charlie_tsai/54227
723f58c75000-723f58c77000 r--p 00000000 08:30 55563                      /usr/lib/jvm/java-11-openjdk-amd64/lib/libjimage.so
723f58c77000-723f58c7a000 r-xp 00002000 08:30 55563                      /usr/lib/jvm/java-11-openjdk-amd64/lib/libjimage.so
723f58c7a000-723f58c7b000 r--p 00005000 08:30 55563                      /usr/lib/jvm/java-11-openjdk-amd64/lib/libjimage.so
723f58c7b000-723f58c7c000 ---p 00006000 08:30 55563                      /usr/lib/jvm/java-11-openjdk-amd64/lib/libjimage.so
723f58c7c000-723f58c7d000 r--p 00006000 08:30 55563                      /usr/lib/jvm/java-11-openjdk-amd64/lib/libjimage.so
723f58c7d000-723f58c7e000 rw-p 00007000 08:30 55563                      /usr/lib/jvm/java-11-openjdk-amd64/lib/libjimage.so
723f58c7e000-723f58c8c000 r--p 00000000 08:30 52054                      /usr/lib/jvm/java-11-openjdk-amd64/lib/libjava.so
723f58c8c000-723f58ca2000 r-xp 0000e000 08:30 52054                      /usr/lib/jvm/java-11-openjdk-amd64/lib/libjava.so
723f58ca2000-723f58ca9000 r--p 00024000 08:30 52054                      /usr/lib/jvm/java-11-openjdk-amd64/lib/libjava.so
723f58ca9000-723f58caa000 r--p 0002a000 08:30 52054                      /usr/lib/jvm/java-11-openjdk-amd64/lib/libjava.so
723f58caa000-723f58cab000 rw-p 0002b000 08:30 52054                      /usr/lib/jvm/java-11-openjdk-amd64/lib/libjava.so
723f58cab000-723f58cac000 rw-p 00000000 00:00 0 
723f58cac000-723f58cb1000 r--p 00000000 08:30 57815                      /usr/lib/jvm/java-11-openjdk-amd64/lib/libverify.so
723f58cb1000-723f58cb8000 r-xp 00005000 08:30 57815                      /usr/lib/jvm/java-11-openjdk-amd64/lib/libverify.so
723f58cb8000-723f58cba000 r--p 0000c000 08:30 57815                      /usr/lib/jvm/java-11-openjdk-amd64/lib/libverify.so
723f58cba000-723f58cbc000 r--p 0000d000 08:30 57815                      /usr/lib/jvm/java-11-openjdk-amd64/lib/libverify.so
723f58cbc000-723f58cbd000 rw-p 0000f000 08:30 57815                      /usr/lib/jvm/java-11-openjdk-amd64/lib/libverify.so
723f58cbd000-723f58cbe000 r--p 00000000 08:30 20297                      /usr/lib/x86_64-linux-gnu/librt.so.1
723f58cbe000-723f58cbf000 r-xp 00001000 08:30 20297                      /usr/lib/x86_64-linux-gnu/librt.so.1
723f58cbf000-723f58cc0000 r--p 00002000 08:30 20297                      /usr/lib/x86_64-linux-gnu/librt.so.1
723f58cc0000-723f58cc1000 r--p 00002000 08:30 20297                      /usr/lib/x86_64-linux-gnu/librt.so.1
723f58cc1000-723f58cc2000 rw-p 00003000 08:30 20297                      /usr/lib/x86_64-linux-gnu/librt.so.1
723f58cc2000-723f58cc5000 r--p 00000000 08:30 6709                       /usr/lib/x86_64-linux-gnu/libgcc_s.so.1
723f58cc5000-723f58cdc000 r-xp 00003000 08:30 6709                       /usr/lib/x86_64-linux-gnu/libgcc_s.so.1
723f58cdc000-723f58ce0000 r--p 0001a000 08:30 6709                       /usr/lib/x86_64-linux-gnu/libgcc_s.so.1
723f58ce0000-723f58ce1000 r--p 0001d000 08:30 6709                       /usr/lib/x86_64-linux-gnu/libgcc_s.so.1
723f58ce1000-723f58ce2000 rw-p 0001e000 08:30 6709                       /usr/lib/x86_64-linux-gnu/libgcc_s.so.1
723f58ce2000-723f58cf0000 r--p 00000000 08:30 20271                      /usr/lib/x86_64-linux-gnu/libm.so.6
723f58cf0000-723f58d6c000 r-xp 0000e000 08:30 20271                      /usr/lib/x86_64-linux-gnu/libm.so.6
723f58d6c000-723f58dc7000 r--p 0008a000 08:30 20271                      /usr/lib/x86_64-linux-gnu/libm.so.6
723f58dc7000-723f58dc8000 r--p 000e4000 08:30 20271                      /usr/lib/x86_64-linux-gnu/libm.so.6
723f58dc8000-723f58dc9000 rw-p 000e5000 08:30 20271                      /usr/lib/x86_64-linux-gnu/libm.so.6
723f58dc9000-723f58dcc000 rw-p 00000000 00:00 0 
723f58dcc000-723f58dcf000 r--p 00000000 08:30 50703                      /usr/lib/jvm/java-11-openjdk-amd64/lib/jli/libjli.so
723f58dcf000-723f58dd9000 r-xp 00003000 08:30 50703                      /usr/lib/jvm/java-11-openjdk-amd64/lib/jli/libjli.so
723f58dd9000-723f58ddc000 r--p 0000d000 08:30 50703                      /usr/lib/jvm/java-11-openjdk-amd64/lib/jli/libjli.so
723f58ddc000-723f58ddd000 ---p 00010000 08:30 50703                      /usr/lib/jvm/java-11-openjdk-amd64/lib/jli/libjli.so
723f58ddd000-723f58dde000 r--p 00010000 08:30 50703                      /usr/lib/jvm/java-11-openjdk-amd64/lib/jli/libjli.so
723f58dde000-723f58ddf000 rw-p 00011000 08:30 50703                      /usr/lib/jvm/java-11-openjdk-amd64/lib/jli/libjli.so
723f58ddf000-723f58de1000 r--p 00000000 08:30 6997                       /usr/lib/x86_64-linux-gnu/libz.so.1.2.11
723f58de1000-723f58df2000 r-xp 00002000 08:30 6997                       /usr/lib/x86_64-linux-gnu/libz.so.1.2.11
723f58df2000-723f58df8000 r--p 00013000 08:30 6997                       /usr/lib/x86_64-linux-gnu/libz.so.1.2.11
723f58df8000-723f58df9000 ---p 00019000 08:30 6997                       /usr/lib/x86_64-linux-gnu/libz.so.1.2.11
723f58df9000-723f58dfa000 r--p 00019000 08:30 6997                       /usr/lib/x86_64-linux-gnu/libz.so.1.2.11
723f58dfa000-723f58dfb000 rw-p 0001a000 08:30 6997                       /usr/lib/x86_64-linux-gnu/libz.so.1.2.11
723f58e00000-723f58e01000 ---p 00000000 00:00 0 
723f58e01000-723f58e02000 r--p 00000000 00:00 0 
723f58e02000-723f58e04000 rw-p 00000000 00:00 0 
723f58e04000-723f58e06000 r--p 00000000 08:30 20228                      /usr/lib/x86_64-linux-gnu/ld-linux-x86-64.so.2
723f58e06000-723f58e30000 r-xp 00002000 08:30 20228                      /usr/lib/x86_64-linux-gnu/ld-linux-x86-64.so.2
723f58e30000-723f58e3b000 r--p 0002c000 08:30 20228                      /usr/lib/x86_64-linux-gnu/ld-linux-x86-64.so.2
723f58e3c000-723f58e3e000 r--p 00037000 08:30 20228                      /usr/lib/x86_64-linux-gnu/ld-linux-x86-64.so.2
723f58e3e000-723f58e40000 rw-p 00039000 08:30 20228                      /usr/lib/x86_64-linux-gnu/ld-linux-x86-64.so.2
7ffddd322000-7ffddd344000 rw-p 00000000 00:00 0                          [stack]
7ffddd3de000-7ffddd3e2000 r--p 00000000 00:00 0                          [vvar]
7ffddd3e2000-7ffddd3e4000 r-xp 00000000 00:00 0                          [vdso]


VM Arguments:
jvm_args: -Xverify:none 
java_command: Main
java_class_path (initial): .
Launcher Type: SUN_STANDARD

[Global flags]
     bool BytecodeVerificationLocal                = false                                     {product} {command line}
     bool BytecodeVerificationRemote               = false                                     {product} {command line}
     intx CICompilerCount                          = 12                                        {product} {ergonomic}
     uint ConcGCThreads                            = 3                                         {product} {ergonomic}
     uint G1ConcRefinementThreads                  = 13                                        {product} {ergonomic}
   size_t G1HeapRegionSize                         = 1048576                                   {product} {ergonomic}
    uintx GCDrainStackTargetSize                   = 64                                        {product} {ergonomic}
   size_t InitialHeapSize                          = 125829120                                 {product} {ergonomic}
   size_t MarkStackSize                            = 4194304                                   {product} {ergonomic}
   size_t MaxHeapSize                              = 1981808640                                {product} {ergonomic}
   size_t MaxNewSize                               = 1189085184                                {product} {ergonomic}
   size_t MinHeapDeltaBytes                        = 1048576                                   {product} {ergonomic}
    uintx NonNMethodCodeHeapSize                   = 7594288                                {pd product} {ergonomic}
    uintx NonProfiledCodeHeapSize                  = 122031976                              {pd product} {ergonomic}
    uintx ProfiledCodeHeapSize                     = 122031976                              {pd product} {ergonomic}
    uintx ReservedCodeCacheSize                    = 251658240                              {pd product} {ergonomic}
     bool SegmentedCodeCache                       = true                                      {product} {ergonomic}
     bool UseCompressedClassPointers               = true                                 {lp64_product} {ergonomic}
     bool UseCompressedOops                        = true                                 {lp64_product} {ergonomic}
     bool UseG1GC                                  = true                                      {product} {ergonomic}

Logging:
Log output configuration:
 #0: stdout all=warning uptime,level,tags
 #1: stderr all=off uptime,level,tags

Environment Variables:
PATH=/home/charlie_tsai/.local/bin:/usr/local/sbin:/usr/local/bin:/usr/sbin:/usr/bin:/sbin:/bin:/usr/games:/usr/local/games:/usr/lib/wsl/lib:/mnt/c/Program Files/Common Files/Oracle/Java/javapath:/mnt/c/Windows/system32:/mnt/c/Windows:/mnt/c/Windows/System32/Wbem:/mnt/c/Windows/System32/WindowsPowerShell/v1.0/:/mnt/c/Windows/System32/OpenSSH/:/mnt/c/Program Files (x86)/NVIDIA Corporation/PhysX/Common:/mnt/c/Program Files/NVIDIA Corporation/NVIDIA NvDLISR:/mnt/c/Program Files/dotnet/:/mnt/c/Program Files/Git/cmd:/mnt/c/Program Files/MATLAB/R2024a/bin:/mnt/c/Program Files (x86)/Microsoft SQL Server/160/DTS/Binn/:/mnt/c/Program Files (x86)/Microsoft SQL Server/160/Tools/Binn/:/mnt/c/Program Files/Microsoft SQL Server/160/Tools/Binn/:/mnt/c/Program Files/Microsoft SQL Server/Client SDK/ODBC/170/Tools/Binn/:/mnt/c/Program Files/Microsoft SQL Server/160/DTS/Binn/:/mnt/c/Program Files/Azure Data Studio/bin:/mnt/c/Program Files (x86)/Pulse Secure/VC142.CRT/X64/:/mnt/c/Program Files (x86)/Pulse Secure/VC142.CRT/X86/:/mnt/c/Program Files (x86)/Common Files/Pulse Secure/TNC Client Plugin/:/mnt/c/Program Files/Microchip/xc8/v2.50/bin:/mnt/c/Program Files/R/R-4.4.2/bin:/mnt/c/Program Files/PuTTY/:/mnt/c/Program Files/nodejs/:/mnt/c/Program Files/Go/bin:/mnt/c/Program Files/PostgreSQL/17/bin:/mnt/c/Program Files/Docker/Docker/resources/bin:/mnt/c/anaconda3:/mnt/c/anaconda3/Library/mingw-w64/bin:/mnt/c/anaconda3/Library/usr/bin:/mnt/c/anaconda3/Library/bin:/mnt/c/anaconda3/Scripts:/mnt/c/Users/TUF Gaming/AppData/Local/Programs/Python/Python311/Scripts/:/mnt/c/Users/TUF Gaming/AppData/Local/Programs/Python/Python311/:/mnt/c/python37/Scripts/:/mnt/c/python37/:/mnt/c/Program Files/Common Files/Oracle/Java/javapath:/mnt/c/Windows/system32:/mnt/c/Windows:/mnt/c/Windows/System32/Wbem:/mnt/c/Windows/System32/WindowsPowerShell/v1.0/:/mnt/c/Windows/System32/OpenSSH/:/mnt/c/Program Files (x86)/NVIDIA Corporation/PhysX/Common:/mnt/c/Program Files/NVIDIA Corporation/NVIDIA NvDLISR:/mnt/c/Program
SHELL=/bin/bash
DISPLAY=:0
HOSTTYPE=x86_64
LANG=en_US.UTF-8
TERM=xterm-256color

Signal Handlers:
SIGSEGV: [libjvm.so+0xebbd40], sa_mask[0]=11111111011111111101111111111110, sa_flags=SA_RESTART|SA_SIGINFO
SIGBUS: [libjvm.so+0xebbd40], sa_mask[0]=11111111011111111101111111111110, sa_flags=SA_RESTART|SA_SIGINFO
SIGFPE: [libjvm.so+0xebbd40], sa_mask[0]=11111111011111111101111111111110, sa_flags=SA_RESTART|SA_SIGINFO
SIGPIPE: [libjvm.so+0xbfe040], sa_mask[0]=11111111011111111101111111111110, sa_flags=SA_RESTART|SA_SIGINFO
SIGXFSZ: [libjvm.so+0xbfe040], sa_mask[0]=11111111011111111101111111111110, sa_flags=SA_RESTART|SA_SIGINFO
SIGILL: [libjvm.so+0xebbd40], sa_mask[0]=11111111011111111101111111111110, sa_flags=SA_RESTART|SA_SIGINFO
SIGUSR2: [libjvm.so+0xbfdee0], sa_mask[0]=00000000000000000000000000000000, sa_flags=SA_RESTART|SA_SIGINFO
SIGHUP: [libjvm.so+0xbfe6a0], sa_mask[0]=11111111011111111101111111111110, sa_flags=SA_RESTART|SA_SIGINFO
SIGINT: [libjvm.so+0xbfe6a0], sa_mask[0]=11111111011111111101111111111110, sa_flags=SA_RESTART|SA_SIGINFO
SIGTERM: [libjvm.so+0xbfe6a0], sa_mask[0]=11111111011111111101111111111110, sa_flags=SA_RESTART|SA_SIGINFO
SIGQUIT: [libjvm.so+0xbfe6a0], sa_mask[0]=11111111011111111101111111111110, sa_flags=SA_RESTART|SA_SIGINFO


---------------  S Y S T E M  ---------------

OS:DISTRIB_ID=Ubuntu
DISTRIB_RELEASE=22.04
DISTRIB_CODENAME=jammy
DISTRIB_DESCRIPTION="Ubuntu 22.04.4 LTS"
uname:Linux 6.6.87.1-microsoft-standard-WSL2 #1 SMP PREEMPT_DYNAMIC Mon Apr 21 17:08:54 UTC 2025 x86_64
OS uptime: 0 days 2:52 hours
libc:glibc 2.35 NPTL 2.35 
rlimit (soft/hard): STACK 8192k/infinity , CORE 0k/infinity , NPROC 30193/30193 , NOFILE 1048576/1048576 , AS infinity/infinity , CPU infinity/infinity , DATA infinity/infinity , FSIZE infinity/infinity , MEMLOCK 65536k/65536k
load average:0.03 0.05 0.03

/proc/meminfo:
MemTotal:        7739604 kB
MemFree:         6717840 kB
MemAvailable:    6998116 kB
Buffers:            3160 kB
Cached:           406064 kB
SwapCached:            0 kB
Active:            99236 kB
Inactive:         578096 kB
Active(anon):       2524 kB
Inactive(anon):   269996 kB
Active(file):      96712 kB
Inactive(file):   308100 kB
Unevictable:           0 kB
Mlocked:               0 kB
SwapTotal:       2097152 kB
SwapFree:        2097152 kB
Dirty:               140 kB
Writeback:             0 kB
AnonPages:        268240 kB
Mapped:           215376 kB
Shmem:              4404 kB
KReclaimable:      28140 kB
Slab:             101080 kB
SReclaimable:      28140 kB
SUnreclaim:        72940 kB
KernelStack:        5728 kB
PageTables:         6080 kB
SecPageTables:         0 kB
NFS_Unstable:          0 kB
Bounce:                0 kB
WritebackTmp:          0 kB
CommitLimit:     5966952 kB
Committed_AS:    1404368 kB
VmallocTotal:   34359738367 kB
VmallocUsed:       32908 kB
VmallocChunk:          0 kB
Percpu:             7104 kB
HardwareCorrupted:     0 kB
AnonHugePages:         0 kB
ShmemHugePages:        0 kB
ShmemPmdMapped:        0 kB
FileHugePages:         0 kB
FilePmdMapped:         0 kB
Unaccepted:            0 kB
HugePages_Total:       0
HugePages_Free:        0
HugePages_Rsvd:        0
HugePages_Surp:        0
Hugepagesize:       2048 kB
Hugetlb:               0 kB
DirectMap4k:      134144 kB
DirectMap2M:     4710400 kB
DirectMap1G:    11534336 kB

/sys/kernel/mm/transparent_hugepage/enabled:
always [madvise] never
/sys/kernel/mm/transparent_hugepage/defrag (defrag/compaction efforts parameter):
always defer defer+madvise [madvise] never

Process Memory:
Virtual Size: 4688220K (peak: 13376620K)
Resident Set Size: 38660K (peak: 38660K) (anon: 12672K, file: 25988K, shmem: 0K)
Swapped out: 0K
C-Heap outstanding allocations: 34714K, retained: 1829K
glibc malloc tunables: (default)

/proc/sys/kernel/threads-max (system-wide limit on the number of threads):
60387
/proc/sys/vm/max_map_count (maximum number of memory map areas a process may have):
65530
/proc/sys/kernel/pid_max (system-wide limit on number of process identifiers):
4194304

container (cgroup) information:
container_type: cgroupv2
cpu_cpuset_cpus: not supported
cpu_memory_nodes: not supported
active_processor_count: 16
cpu_quota: not supported
cpu_period: not supported
cpu_shares: not supported
memory_limit_in_bytes: not supported
memory_and_swap_limit_in_bytes: not supported
memory_soft_limit_in_bytes: not supported
memory_usage_in_bytes: not supported
memory_max_usage_in_bytes: not supported
memory_swap_current_in_bytes: not supported
memory_swap_max_limit_in_bytes: not supported
maximum number of tasks: not supported
current number of tasks: not supported

Hyper-V virtualization detected
Steal ticks since vm start: 0
Steal ticks percentage since vm start:  0.000

CPU:total 16 (initial active 16) (16 cores per cpu, 2 threads per core) family 25 model 68 stepping 1 microcode 0xffffffff, cmov, cx8, fxsr, mmx, sse, sse2, sse3, ssse3, sse4.1, sse4.2, popcnt, avx, avx2, aes, clmul, erms, mmxext, 3dnowpref, lzcnt, sse4a, ht, tsc, tscinvbit, tscinv, bmi1, bmi2, adx, sha, fma
CPU Model and flags from /proc/cpuinfo:
model name	: AMD Ryzen 7 7735HS with Radeon Graphics
flags		: fpu vme de pse tsc msr pae mce cx8 apic sep mtrr pge mca cmov pat pse36 clflush mmx fxsr sse sse2 ht syscall nx mmxext fxsr_opt pdpe1gb rdtscp lm constant_tsc rep_good nopl tsc_reliable nonstop_tsc cpuid extd_apicid tsc_known_freq pni pclmulqdq ssse3 fma cx16 sse4_1 sse4_2 movbe popcnt aes xsave avx f16c rdrand hypervisor lahf_lm cmp_legacy svm cr8_legacy abm sse4a misalignsse 3dnowprefetch osvw topoext perfctr_core ssbd ibrs ibpb stibp vmmcall fsgsbase bmi1 avx2 smep bmi2 erms invpcid rdseed adx smap clflushopt clwb sha_ni xsaveopt xsavec xgetbv1 xsaves clzero xsaveerptr arat npt nrip_save tsc_scale vmcb_clean flushbyasid decodeassists pausefilter pfthreshold v_vmsave_vmload umip vaes vpclmulqdq rdpid fsrm
Online cpus:
0-15
Offline cpus:

BIOS frequency limitation:
<Not Available>
Frequency switch latency (ns):
<Not Available>
Available cpu frequencies:
<Not Available>
Current governor:
<Not Available>
Core performance/turbo boost:
<Not Available>

Memory: 4k page, physical 7739604k(6717840k free), swap 2097152k(2097152k free)

vm_info: OpenJDK 64-Bit Server VM (11.0.27+6-post-Ubuntu-0ubuntu122.04) for linux-amd64 JRE (11.0.27+6-post-Ubuntu-0ubuntu122.04), built on Apr 21 2025 05:59:45 by "unknown" with gcc 11.4.0

END.
