#
# A fatal error has been detected by the Java Runtime Environment:
#
#  SIGSEGV (0xb) at pc=0x00007333d8a6ea24, pid=93100, tid=93101
#
# JRE version: OpenJDK Runtime Environment (11.0.27+6) (build 11.0.27+6-post-Ubuntu-0ubuntu122.04)
# Java VM: OpenJDK 64-Bit Server VM (11.0.27+6-post-Ubuntu-0ubuntu122.04, mixed mode, sharing, tiered, compressed oops, g1 gc, linux-amd64)
# Problematic frame:
# V  [libjvm.so+0x86ea24]  InterpreterRuntime::note_trap(JavaThread*, int, Thread*)+0x34
#
# Core dump will be written. Default location: Core dumps may be processed with "/wsl-capture-crash %t %E %p %s" (or dumping to /mnt/d/road_to_master/compiler_hw/113-2-NCKU-CompilerHW3/core.93100)
#
# If you would like to submit a bug report, please visit:
#   https://bugs.launchpad.net/ubuntu/+source/openjdk-lts
#

---------------  S U M M A R Y ------------

Command Line: -Xverify:none Main

Host: AMD Ryzen 7 7735HS with Radeon Graphics, 16 cores, 7G, Ubuntu 22.04.4 LTS
Time: Mon Jun  9 00:46:10 2025 CST elapsed time: 0.044691 seconds (0d 0h 0m 0s)

---------------  T H R E A D  ---------------

Current thread (0x00007333d0015000):  JavaThread "main" [_thread_in_vm, id=93101, stack(0x00007333d9500000,0x00007333d9600000)]

Stack: [0x00007333d9500000,0x00007333d9600000],  sp=0x00007333b8608cb7,  free space=18014398508942371k
Native frames: (J=compiled Java code, A=aot compiled Java code, j=interpreted, Vv=VM code, C=native code)
V  [libjvm.so+0x86ea24]  InterpreterRuntime::note_trap(JavaThread*, int, Thread*)+0x34

Java frames: (J=compiled Java code, j=interpreted, Vv=VM code)
C  0x00007333b860e4a2
v  ~StubRoutines::call_stub

siginfo: si_signo: 11 (SIGSEGV), si_code: 128 (SI_KERNEL), si_addr: 0x0000000000000000

Register to memory mapping:

RAX=0x00007333d94d8000: <offset 0x00000000012d8000> in /usr/lib/jvm/java-11-openjdk-amd64/lib/server/libjvm.so at 0x00007333d8200000
RBX=0x00007333d0015000 is a thread
RCX=0x000000007e75fe2d is an unknown value
RDX=0x00007333d0015000 is a thread
RSP=0x00007333b8608cb7 points into unknown readable memory: 06
RBP=0x00007333b8608d57 points into unknown readable memory: 87
RSI=0x00007333d0015000 is a thread
RDI=0x00007333d0015330 points into unknown readable memory: 0x00007333b8608da7 | a7 8d 60 b8 33 73 00 00
R8 =0x00000008003cf0d8 is pointing into metadata
R9 =0x00007333d01115a0 points into unknown readable memory: 0x0000000000004e2b | 2b 4e 00 00 00 00 00 00
R10=0x000000000000001e is an unknown value
R11=0x0000000800000000 is pointing into metadata
R12=0x00007333d0015000 is a thread
R13=0x0000000000000001 is an unknown value
R14=0x00007333b8608cc7 points into unknown readable memory: 0f
R15=0x00007333b8608cf7 points into unknown readable memory: 10


Registers:
RAX=0x00007333d94d8000, RBX=0x00007333d0015000, RCX=0x000000007e75fe2d, RDX=0x00007333d0015000
RSP=0x00007333b8608cb7, RBP=0x00007333b8608d57, RSI=0x00007333d0015000, RDI=0x00007333d0015330
R8 =0x00000008003cf0d8, R9 =0x00007333d01115a0, R10=0x000000000000001e, R11=0x0000000800000000
R12=0x00007333d0015000, R13=0x0000000000000001, R14=0x00007333b8608cc7, R15=0x00007333b8608cf7
RIP=0x00007333d8a6ea24, EFLAGS=0x0000000000010206, CSGSFS=0x002b000000000033, ERR=0x0000000000000000
  TRAPNO=0x000000000000000d

Top of Stack: (sp=0x00007333b8608cb7)
0x00007333b8608cb0:   06e948245c10fac5 245c10fbc5000000
0x00007333b8608cc0:   0f00000010c1f748 10fac50000000b85
0x00007333b8608cd0:   00000006e9502464 c1f750246410fbc5
0x00007333b8608ce0:   000b850f00000020 58246c10fac50000
0x00007333b8608cf0:   10fbc500000006e9 

Instructions: (pc=0x00007333d8a6ea24)
0x00007333d8a6e924:   24 c8 03 00 00 08 00 00 00 85 c0 75 0f 41 8b 84
0x00007333d8a6e934:   24 d8 00 00 00 a9 00 00 00 20 74 48 48 83 c4 18
0x00007333d8a6e944:   4c 89 e7 be 01 00 00 00 5b 41 5c 41 5d 41 5e 41
0x00007333d8a6e954:   5f 5d e9 15 e7 5d 00 0f 1f 44 00 00 48 8d 15 49
0x00007333d8a6e964:   3d a4 00 4c 89 e0 48 c1 e8 04 23 02 48 8d 15 41
0x00007333d8a6e974:   3d a4 00 48 03 02 c7 00 01 00 00 00 e9 74 ff ff
0x00007333d8a6e984:   ff 0f 1f 00 41 8b 84 24 d8 00 00 00 a8 04 75 ac
0x00007333d8a6e994:   48 83 c4 18 5b 41 5c 41 5d 41 5e 41 5f 5d c3 0f
0x00007333d8a6e9a4:   1f 44 00 00 4c 89 e2 44 89 f6 4c 89 ef e8 2a 15
0x00007333d8a6e9b4:   38 00 49 83 7c 24 08 00 0f 85 b0 fe ff ff 49 89
0x00007333d8a6e9c4:   84 24 90 03 00 00 e9 a3 fe ff ff 90 4c 89 e7 e8
0x00007333d8a6e9d4:   08 90 5d 00 e9 e7 fe ff ff 0f 1f 00 4c 89 ff e8
0x00007333d8a6e9e4:   38 28 ba ff 49 63 37 e9 46 fe ff ff f3 0f 1e fa
0x00007333d8a6e9f4:   55 66 0f ef c0 48 89 e5 41 57 41 56 4c 8d 7d a0
0x00007333d8a6ea04:   4c 8d b5 70 ff ff ff 41 55 41 89 f5 41 54 53 48
0x00007333d8a6ea14:   89 fb 48 81 c7 30 03 00 00 48 89 de 48 83 ec 78
0x00007333d8a6ea24:   0f 29 85 70 ff ff ff 0f 29 45 90 48 89 95 68 ff
0x00007333d8a6ea34:   ff ff 48 c7 45 80 00 00 00 00 c7 45 88 02 00 00
0x00007333d8a6ea44:   00 e8 46 ff ec ff 48 89 de 4c 89 ff e8 eb cd 5e
0x00007333d8a6ea54:   00 66 0f 6f 4d a0 66 0f 6f 55 b0 4c 89 f7 66 0f
0x00007333d8a6ea64:   6f 5d c0 0f 29 8d 70 ff ff ff 0f 29 55 80 0f 29
0x00007333d8a6ea74:   5d 90 e8 55 cd ec ff 66 48 0f 6e e3 66 48 0f 6e
0x00007333d8a6ea84:   c0 49 89 c4 66 0f 6c c4 0f 29 45 a0 48 85 c0 74
0x00007333d8a6ea94:   20 48 8b 9b 88 02 00 00 48 63 33 3b 73 04 74 5c
0x00007333d8a6eaa4:   8d 46 01 89 03 48 8b 43 18 4c 89 24 f0 4c 8b 65
0x00007333d8a6eab4:   a0 4c 89 f7 e8 83 cd ec ff 4c 89 e7 48 89 c6 e8
0x00007333d8a6eac4:   98 00 32 00 41 89 c4 48 8b 45 a0 48 85 c0 74 14
0x00007333d8a6ead4:   48 8b 78 10 48 85 ff 74 33 44 89 ea 44 89 e6 e8
0x00007333d8a6eae4:   38 15 e2 ff 4c 89 ff e8 30 6f f9 ff 48 83 c4 78
0x00007333d8a6eaf4:   5b 41 5c 41 5d 41 5e 41 5f 5d c3 90 48 89 df e8
0x00007333d8a6eb04:   18 27 ba ff 48 63 33 eb 97 0f 1f 00 48 8b 9d 68
0x00007333d8a6eb14:   ff ff ff 4c 89 ff 48 89 de e8 4e 05 32 00 48 83 




---------------  P R O C E S S  ---------------

Threads class SMR info:
_java_thread_list=0x00007333d0176a50, length=10, elements={
0x00007333d0015000, 0x00007333d0132000, 0x00007333d0134000, 0x00007333d013a000,
0x00007333d013c000, 0x00007333d013e000, 0x00007333d0140000, 0x00007333d0142000,
0x000073338009d800, 0x00007333d0175000
}

Java Threads: ( => current thread )
=>0x00007333d0015000 JavaThread "main" [_thread_in_vm, id=93101, stack(0x00007333d9500000,0x00007333d9600000)]
  0x00007333d0132000 JavaThread "Reference Handler" daemon [_thread_blocked, id=93108, stack(0x00007333ab2fc000,0x00007333ab3fc000)]
  0x00007333d0134000 JavaThread "Finalizer" daemon [_thread_blocked, id=93109, stack(0x00007333ab1fc000,0x00007333ab2fc000)]
  0x00007333d013a000 JavaThread "Signal Dispatcher" daemon [_thread_blocked, id=93110, stack(0x00007333aad00000,0x00007333aae00000)]
  0x00007333d013c000 JavaThread "Service Thread" daemon [_thread_blocked, id=93111, stack(0x00007333aac00000,0x00007333aad00000)]
  0x00007333d013e000 JavaThread "C2 CompilerThread0" daemon [_thread_blocked, id=93112, stack(0x00007333aab00000,0x00007333aac00000)]
  0x00007333d0140000 JavaThread "C1 CompilerThread0" daemon [_thread_blocked, id=93113, stack(0x00007333aaa00000,0x00007333aab00000)]
  0x00007333d0142000 JavaThread "Sweeper thread" daemon [_thread_blocked, id=93114, stack(0x00007333aa900000,0x00007333aaa00000)]
  0x000073338009d800 JavaThread "C1 CompilerThread1" daemon [_thread_blocked, id=93115, stack(0x00007333aa800000,0x00007333aa900000)]
  0x00007333d0175000 JavaThread "Common-Cleaner" daemon [_thread_blocked, id=93117, stack(0x00007333aa5ff000,0x00007333aa6ff000)]

Other Threads:
  0x00007333d012f800 VMThread "VM Thread" [stack: 0x00007333ab3fd000,0x00007333ab4fd000] [id=93107]
  0x00007333d0173000 WatcherThread [stack: 0x00007333aa700000,0x00007333aa800000] [id=93116]
  0x00007333d002f000 GCTaskThread "GC Thread#0" [stack: 0x00007333d7d00000,0x00007333d7e00000] [id=93102]
  0x00007333d005f000 ConcurrentGCThread "G1 Main Marker" [stack: 0x00007333d45a2000,0x00007333d46a2000] [id=93103]
  0x00007333d0061000 ConcurrentGCThread "G1 Conc#0" [stack: 0x00007333d44a1000,0x00007333d45a1000] [id=93104]
  0x00007333d00fb800 ConcurrentGCThread "G1 Refine#0" [stack: 0x00007333abdff000,0x00007333abeff000] [id=93105]
  0x00007333d00fd000 ConcurrentGCThread "G1 Young RemSet Sampling" [stack: 0x00007333abcfe000,0x00007333abdfe000] [id=93106]

Threads with active compile tasks:

VM state:not at safepoint (normal execution)

VM Mutex/Monitor currently owned by a thread: None

Heap address: 0x0000000089e00000, size: 1890 MB, Compressed Oops mode: 32-bit
Narrow klass base: 0x0000000800000000, Narrow klass shift: 3
Compressed class space size: 1073741824 Address: 0x0000000840000000

Heap:
 garbage-first heap   total 124928K, used 720K [0x0000000089e00000, 0x0000000100000000)
  region size 1024K, 1 young (1024K), 0 survivors (0K)
 Metaspace       used 156K, capacity 4486K, committed 4864K, reserved 1056768K
  class space    used 5K, capacity 386K, committed 512K, reserved 1048576K
Heap Regions: E=young(eden), S=young(survivor), O=old, HS=humongous(starts), HC=humongous(continues), CS=collection set, F=free, A=archive, TAMS=top-at-mark-start (previous, next)
|   0|0x0000000089e00000, 0x0000000089e00000, 0x0000000089f00000|  0%| F|  |TAMS 0x0000000089e00000, 0x0000000089e00000| Untracked 
|   1|0x0000000089f00000, 0x0000000089f00000, 0x000000008a000000|  0%| F|  |TAMS 0x0000000089f00000, 0x0000000089f00000| Untracked 
|   2|0x000000008a000000, 0x000000008a000000, 0x000000008a100000|  0%| F|  |TAMS 0x000000008a000000, 0x000000008a000000| Untracked 
|   3|0x000000008a100000, 0x000000008a100000, 0x000000008a200000|  0%| F|  |TAMS 0x000000008a100000, 0x000000008a100000| Untracked 
|   4|0x000000008a200000, 0x000000008a200000, 0x000000008a300000|  0%| F|  |TAMS 0x000000008a200000, 0x000000008a200000| Untracked 
|   5|0x000000008a300000, 0x000000008a300000, 0x000000008a400000|  0%| F|  |TAMS 0x000000008a300000, 0x000000008a300000| Untracked 
|   6|0x000000008a400000, 0x000000008a400000, 0x000000008a500000|  0%| F|  |TAMS 0x000000008a400000, 0x000000008a400000| Untracked 
|   7|0x000000008a500000, 0x000000008a500000, 0x000000008a600000|  0%| F|  |TAMS 0x000000008a500000, 0x000000008a500000| Untracked 
|   8|0x000000008a600000, 0x000000008a600000, 0x000000008a700000|  0%| F|  |TAMS 0x000000008a600000, 0x000000008a600000| Untracked 
|   9|0x000000008a700000, 0x000000008a700000, 0x000000008a800000|  0%| F|  |TAMS 0x000000008a700000, 0x000000008a700000| Untracked 
|  10|0x000000008a800000, 0x000000008a800000, 0x000000008a900000|  0%| F|  |TAMS 0x000000008a800000, 0x000000008a800000| Untracked 
|  11|0x000000008a900000, 0x000000008a900000, 0x000000008aa00000|  0%| F|  |TAMS 0x000000008a900000, 0x000000008a900000| Untracked 
|  12|0x000000008aa00000, 0x000000008aa00000, 0x000000008ab00000|  0%| F|  |TAMS 0x000000008aa00000, 0x000000008aa00000| Untracked 
|  13|0x000000008ab00000, 0x000000008ab00000, 0x000000008ac00000|  0%| F|  |TAMS 0x000000008ab00000, 0x000000008ab00000| Untracked 
|  14|0x000000008ac00000, 0x000000008ac00000, 0x000000008ad00000|  0%| F|  |TAMS 0x000000008ac00000, 0x000000008ac00000| Untracked 
|  15|0x000000008ad00000, 0x000000008ad00000, 0x000000008ae00000|  0%| F|  |TAMS 0x000000008ad00000, 0x000000008ad00000| Untracked 
|  16|0x000000008ae00000, 0x000000008ae00000, 0x000000008af00000|  0%| F|  |TAMS 0x000000008ae00000, 0x000000008ae00000| Untracked 
|  17|0x000000008af00000, 0x000000008af00000, 0x000000008b000000|  0%| F|  |TAMS 0x000000008af00000, 0x000000008af00000| Untracked 
|  18|0x000000008b000000, 0x000000008b000000, 0x000000008b100000|  0%| F|  |TAMS 0x000000008b000000, 0x000000008b000000| Untracked 
|  19|0x000000008b100000, 0x000000008b100000, 0x000000008b200000|  0%| F|  |TAMS 0x000000008b100000, 0x000000008b100000| Untracked 
|  20|0x000000008b200000, 0x000000008b200000, 0x000000008b300000|  0%| F|  |TAMS 0x000000008b200000, 0x000000008b200000| Untracked 
|  21|0x000000008b300000, 0x000000008b300000, 0x000000008b400000|  0%| F|  |TAMS 0x000000008b300000, 0x000000008b300000| Untracked 
|  22|0x000000008b400000, 0x000000008b400000, 0x000000008b500000|  0%| F|  |TAMS 0x000000008b400000, 0x000000008b400000| Untracked 
|  23|0x000000008b500000, 0x000000008b500000, 0x000000008b600000|  0%| F|  |TAMS 0x000000008b500000, 0x000000008b500000| Untracked 
|  24|0x000000008b600000, 0x000000008b600000, 0x000000008b700000|  0%| F|  |TAMS 0x000000008b600000, 0x000000008b600000| Untracked 
|  25|0x000000008b700000, 0x000000008b700000, 0x000000008b800000|  0%| F|  |TAMS 0x000000008b700000, 0x000000008b700000| Untracked 
|  26|0x000000008b800000, 0x000000008b800000, 0x000000008b900000|  0%| F|  |TAMS 0x000000008b800000, 0x000000008b800000| Untracked 
|  27|0x000000008b900000, 0x000000008b900000, 0x000000008ba00000|  0%| F|  |TAMS 0x000000008b900000, 0x000000008b900000| Untracked 
|  28|0x000000008ba00000, 0x000000008ba00000, 0x000000008bb00000|  0%| F|  |TAMS 0x000000008ba00000, 0x000000008ba00000| Untracked 
|  29|0x000000008bb00000, 0x000000008bb00000, 0x000000008bc00000|  0%| F|  |TAMS 0x000000008bb00000, 0x000000008bb00000| Untracked 
|  30|0x000000008bc00000, 0x000000008bc00000, 0x000000008bd00000|  0%| F|  |TAMS 0x000000008bc00000, 0x000000008bc00000| Untracked 
|  31|0x000000008bd00000, 0x000000008bd00000, 0x000000008be00000|  0%| F|  |TAMS 0x000000008bd00000, 0x000000008bd00000| Untracked 
|  32|0x000000008be00000, 0x000000008be00000, 0x000000008bf00000|  0%| F|  |TAMS 0x000000008be00000, 0x000000008be00000| Untracked 
|  33|0x000000008bf00000, 0x000000008bf00000, 0x000000008c000000|  0%| F|  |TAMS 0x000000008bf00000, 0x000000008bf00000| Untracked 
|  34|0x000000008c000000, 0x000000008c000000, 0x000000008c100000|  0%| F|  |TAMS 0x000000008c000000, 0x000000008c000000| Untracked 
|  35|0x000000008c100000, 0x000000008c100000, 0x000000008c200000|  0%| F|  |TAMS 0x000000008c100000, 0x000000008c100000| Untracked 
|  36|0x000000008c200000, 0x000000008c200000, 0x000000008c300000|  0%| F|  |TAMS 0x000000008c200000, 0x000000008c200000| Untracked 
|  37|0x000000008c300000, 0x000000008c300000, 0x000000008c400000|  0%| F|  |TAMS 0x000000008c300000, 0x000000008c300000| Untracked 
|  38|0x000000008c400000, 0x000000008c400000, 0x000000008c500000|  0%| F|  |TAMS 0x000000008c400000, 0x000000008c400000| Untracked 
|  39|0x000000008c500000, 0x000000008c500000, 0x000000008c600000|  0%| F|  |TAMS 0x000000008c500000, 0x000000008c500000| Untracked 
|  40|0x000000008c600000, 0x000000008c600000, 0x000000008c700000|  0%| F|  |TAMS 0x000000008c600000, 0x000000008c600000| Untracked 
|  41|0x000000008c700000, 0x000000008c700000, 0x000000008c800000|  0%| F|  |TAMS 0x000000008c700000, 0x000000008c700000| Untracked 
|  42|0x000000008c800000, 0x000000008c800000, 0x000000008c900000|  0%| F|  |TAMS 0x000000008c800000, 0x000000008c800000| Untracked 
|  43|0x000000008c900000, 0x000000008c900000, 0x000000008ca00000|  0%| F|  |TAMS 0x000000008c900000, 0x000000008c900000| Untracked 
|  44|0x000000008ca00000, 0x000000008ca00000, 0x000000008cb00000|  0%| F|  |TAMS 0x000000008ca00000, 0x000000008ca00000| Untracked 
|  45|0x000000008cb00000, 0x000000008cb00000, 0x000000008cc00000|  0%| F|  |TAMS 0x000000008cb00000, 0x000000008cb00000| Untracked 
|  46|0x000000008cc00000, 0x000000008cc00000, 0x000000008cd00000|  0%| F|  |TAMS 0x000000008cc00000, 0x000000008cc00000| Untracked 
|  47|0x000000008cd00000, 0x000000008cd00000, 0x000000008ce00000|  0%| F|  |TAMS 0x000000008cd00000, 0x000000008cd00000| Untracked 
|  48|0x000000008ce00000, 0x000000008ce00000, 0x000000008cf00000|  0%| F|  |TAMS 0x000000008ce00000, 0x000000008ce00000| Untracked 
|  49|0x000000008cf00000, 0x000000008cf00000, 0x000000008d000000|  0%| F|  |TAMS 0x000000008cf00000, 0x000000008cf00000| Untracked 
|  50|0x000000008d000000, 0x000000008d000000, 0x000000008d100000|  0%| F|  |TAMS 0x000000008d000000, 0x000000008d000000| Untracked 
|  51|0x000000008d100000, 0x000000008d100000, 0x000000008d200000|  0%| F|  |TAMS 0x000000008d100000, 0x000000008d100000| Untracked 
|  52|0x000000008d200000, 0x000000008d200000, 0x000000008d300000|  0%| F|  |TAMS 0x000000008d200000, 0x000000008d200000| Untracked 
|  53|0x000000008d300000, 0x000000008d300000, 0x000000008d400000|  0%| F|  |TAMS 0x000000008d300000, 0x000000008d300000| Untracked 
|  54|0x000000008d400000, 0x000000008d400000, 0x000000008d500000|  0%| F|  |TAMS 0x000000008d400000, 0x000000008d400000| Untracked 
|  55|0x000000008d500000, 0x000000008d500000, 0x000000008d600000|  0%| F|  |TAMS 0x000000008d500000, 0x000000008d500000| Untracked 
|  56|0x000000008d600000, 0x000000008d600000, 0x000000008d700000|  0%| F|  |TAMS 0x000000008d600000, 0x000000008d600000| Untracked 
|  57|0x000000008d700000, 0x000000008d700000, 0x000000008d800000|  0%| F|  |TAMS 0x000000008d700000, 0x000000008d700000| Untracked 
|  58|0x000000008d800000, 0x000000008d800000, 0x000000008d900000|  0%| F|  |TAMS 0x000000008d800000, 0x000000008d800000| Untracked 
|  59|0x000000008d900000, 0x000000008d900000, 0x000000008da00000|  0%| F|  |TAMS 0x000000008d900000, 0x000000008d900000| Untracked 
|  60|0x000000008da00000, 0x000000008da00000, 0x000000008db00000|  0%| F|  |TAMS 0x000000008da00000, 0x000000008da00000| Untracked 
|  61|0x000000008db00000, 0x000000008db00000, 0x000000008dc00000|  0%| F|  |TAMS 0x000000008db00000, 0x000000008db00000| Untracked 
|  62|0x000000008dc00000, 0x000000008dc00000, 0x000000008dd00000|  0%| F|  |TAMS 0x000000008dc00000, 0x000000008dc00000| Untracked 
|  63|0x000000008dd00000, 0x000000008dd00000, 0x000000008de00000|  0%| F|  |TAMS 0x000000008dd00000, 0x000000008dd00000| Untracked 
|  64|0x000000008de00000, 0x000000008de00000, 0x000000008df00000|  0%| F|  |TAMS 0x000000008de00000, 0x000000008de00000| Untracked 
|  65|0x000000008df00000, 0x000000008df00000, 0x000000008e000000|  0%| F|  |TAMS 0x000000008df00000, 0x000000008df00000| Untracked 
|  66|0x000000008e000000, 0x000000008e000000, 0x000000008e100000|  0%| F|  |TAMS 0x000000008e000000, 0x000000008e000000| Untracked 
|  67|0x000000008e100000, 0x000000008e100000, 0x000000008e200000|  0%| F|  |TAMS 0x000000008e100000, 0x000000008e100000| Untracked 
|  68|0x000000008e200000, 0x000000008e200000, 0x000000008e300000|  0%| F|  |TAMS 0x000000008e200000, 0x000000008e200000| Untracked 
|  69|0x000000008e300000, 0x000000008e300000, 0x000000008e400000|  0%| F|  |TAMS 0x000000008e300000, 0x000000008e300000| Untracked 
|  70|0x000000008e400000, 0x000000008e400000, 0x000000008e500000|  0%| F|  |TAMS 0x000000008e400000, 0x000000008e400000| Untracked 
|  71|0x000000008e500000, 0x000000008e500000, 0x000000008e600000|  0%| F|  |TAMS 0x000000008e500000, 0x000000008e500000| Untracked 
|  72|0x000000008e600000, 0x000000008e600000, 0x000000008e700000|  0%| F|  |TAMS 0x000000008e600000, 0x000000008e600000| Untracked 
|  73|0x000000008e700000, 0x000000008e700000, 0x000000008e800000|  0%| F|  |TAMS 0x000000008e700000, 0x000000008e700000| Untracked 
|  74|0x000000008e800000, 0x000000008e800000, 0x000000008e900000|  0%| F|  |TAMS 0x000000008e800000, 0x000000008e800000| Untracked 
|  75|0x000000008e900000, 0x000000008e900000, 0x000000008ea00000|  0%| F|  |TAMS 0x000000008e900000, 0x000000008e900000| Untracked 
|  76|0x000000008ea00000, 0x000000008ea00000, 0x000000008eb00000|  0%| F|  |TAMS 0x000000008ea00000, 0x000000008ea00000| Untracked 
|  77|0x000000008eb00000, 0x000000008eb00000, 0x000000008ec00000|  0%| F|  |TAMS 0x000000008eb00000, 0x000000008eb00000| Untracked 
|  78|0x000000008ec00000, 0x000000008ec00000, 0x000000008ed00000|  0%| F|  |TAMS 0x000000008ec00000, 0x000000008ec00000| Untracked 
|  79|0x000000008ed00000, 0x000000008ed00000, 0x000000008ee00000|  0%| F|  |TAMS 0x000000008ed00000, 0x000000008ed00000| Untracked 
|  80|0x000000008ee00000, 0x000000008ee00000, 0x000000008ef00000|  0%| F|  |TAMS 0x000000008ee00000, 0x000000008ee00000| Untracked 
|  81|0x000000008ef00000, 0x000000008ef00000, 0x000000008f000000|  0%| F|  |TAMS 0x000000008ef00000, 0x000000008ef00000| Untracked 
|  82|0x000000008f000000, 0x000000008f000000, 0x000000008f100000|  0%| F|  |TAMS 0x000000008f000000, 0x000000008f000000| Untracked 
|  83|0x000000008f100000, 0x000000008f100000, 0x000000008f200000|  0%| F|  |TAMS 0x000000008f100000, 0x000000008f100000| Untracked 
|  84|0x000000008f200000, 0x000000008f200000, 0x000000008f300000|  0%| F|  |TAMS 0x000000008f200000, 0x000000008f200000| Untracked 
|  85|0x000000008f300000, 0x000000008f300000, 0x000000008f400000|  0%| F|  |TAMS 0x000000008f300000, 0x000000008f300000| Untracked 
|  86|0x000000008f400000, 0x000000008f400000, 0x000000008f500000|  0%| F|  |TAMS 0x000000008f400000, 0x000000008f400000| Untracked 
|  87|0x000000008f500000, 0x000000008f500000, 0x000000008f600000|  0%| F|  |TAMS 0x000000008f500000, 0x000000008f500000| Untracked 
|  88|0x000000008f600000, 0x000000008f600000, 0x000000008f700000|  0%| F|  |TAMS 0x000000008f600000, 0x000000008f600000| Untracked 
|  89|0x000000008f700000, 0x000000008f700000, 0x000000008f800000|  0%| F|  |TAMS 0x000000008f700000, 0x000000008f700000| Untracked 
|  90|0x000000008f800000, 0x000000008f800000, 0x000000008f900000|  0%| F|  |TAMS 0x000000008f800000, 0x000000008f800000| Untracked 
|  91|0x000000008f900000, 0x000000008f900000, 0x000000008fa00000|  0%| F|  |TAMS 0x000000008f900000, 0x000000008f900000| Untracked 
|  92|0x000000008fa00000, 0x000000008fa00000, 0x000000008fb00000|  0%| F|  |TAMS 0x000000008fa00000, 0x000000008fa00000| Untracked 
|  93|0x000000008fb00000, 0x000000008fb00000, 0x000000008fc00000|  0%| F|  |TAMS 0x000000008fb00000, 0x000000008fb00000| Untracked 
|  94|0x000000008fc00000, 0x000000008fc00000, 0x000000008fd00000|  0%| F|  |TAMS 0x000000008fc00000, 0x000000008fc00000| Untracked 
|  95|0x000000008fd00000, 0x000000008fd00000, 0x000000008fe00000|  0%| F|  |TAMS 0x000000008fd00000, 0x000000008fd00000| Untracked 
|  96|0x000000008fe00000, 0x000000008fe00000, 0x000000008ff00000|  0%| F|  |TAMS 0x000000008fe00000, 0x000000008fe00000| Untracked 
|  97|0x000000008ff00000, 0x000000008ff00000, 0x0000000090000000|  0%| F|  |TAMS 0x000000008ff00000, 0x000000008ff00000| Untracked 
|  98|0x0000000090000000, 0x0000000090000000, 0x0000000090100000|  0%| F|  |TAMS 0x0000000090000000, 0x0000000090000000| Untracked 
|  99|0x0000000090100000, 0x0000000090100000, 0x0000000090200000|  0%| F|  |TAMS 0x0000000090100000, 0x0000000090100000| Untracked 
| 100|0x0000000090200000, 0x0000000090200000, 0x0000000090300000|  0%| F|  |TAMS 0x0000000090200000, 0x0000000090200000| Untracked 
| 101|0x0000000090300000, 0x0000000090300000, 0x0000000090400000|  0%| F|  |TAMS 0x0000000090300000, 0x0000000090300000| Untracked 
| 102|0x0000000090400000, 0x0000000090400000, 0x0000000090500000|  0%| F|  |TAMS 0x0000000090400000, 0x0000000090400000| Untracked 
| 103|0x0000000090500000, 0x0000000090500000, 0x0000000090600000|  0%| F|  |TAMS 0x0000000090500000, 0x0000000090500000| Untracked 
| 104|0x0000000090600000, 0x0000000090600000, 0x0000000090700000|  0%| F|  |TAMS 0x0000000090600000, 0x0000000090600000| Untracked 
| 105|0x0000000090700000, 0x0000000090700000, 0x0000000090800000|  0%| F|  |TAMS 0x0000000090700000, 0x0000000090700000| Untracked 
| 106|0x0000000090800000, 0x0000000090800000, 0x0000000090900000|  0%| F|  |TAMS 0x0000000090800000, 0x0000000090800000| Untracked 
| 107|0x0000000090900000, 0x0000000090900000, 0x0000000090a00000|  0%| F|  |TAMS 0x0000000090900000, 0x0000000090900000| Untracked 
| 108|0x0000000090a00000, 0x0000000090a00000, 0x0000000090b00000|  0%| F|  |TAMS 0x0000000090a00000, 0x0000000090a00000| Untracked 
| 109|0x0000000090b00000, 0x0000000090b00000, 0x0000000090c00000|  0%| F|  |TAMS 0x0000000090b00000, 0x0000000090b00000| Untracked 
| 110|0x0000000090c00000, 0x0000000090c00000, 0x0000000090d00000|  0%| F|  |TAMS 0x0000000090c00000, 0x0000000090c00000| Untracked 
| 111|0x0000000090d00000, 0x0000000090d00000, 0x0000000090e00000|  0%| F|  |TAMS 0x0000000090d00000, 0x0000000090d00000| Untracked 
| 112|0x0000000090e00000, 0x0000000090e00000, 0x0000000090f00000|  0%| F|  |TAMS 0x0000000090e00000, 0x0000000090e00000| Untracked 
| 113|0x0000000090f00000, 0x0000000090f00000, 0x0000000091000000|  0%| F|  |TAMS 0x0000000090f00000, 0x0000000090f00000| Untracked 
| 114|0x0000000091000000, 0x0000000091000000, 0x0000000091100000|  0%| F|  |TAMS 0x0000000091000000, 0x0000000091000000| Untracked 
| 115|0x0000000091100000, 0x0000000091100000, 0x0000000091200000|  0%| F|  |TAMS 0x0000000091100000, 0x0000000091100000| Untracked 
| 116|0x0000000091200000, 0x0000000091200000, 0x0000000091300000|  0%| F|  |TAMS 0x0000000091200000, 0x0000000091200000| Untracked 
| 117|0x0000000091300000, 0x0000000091300000, 0x0000000091400000|  0%| F|  |TAMS 0x0000000091300000, 0x0000000091300000| Untracked 
| 118|0x0000000091400000, 0x0000000091400000, 0x0000000091500000|  0%| F|  |TAMS 0x0000000091400000, 0x0000000091400000| Untracked 
| 119|0x0000000091500000, 0x0000000091600000, 0x0000000091600000|100%| E|  |TAMS 0x0000000091500000, 0x0000000091500000| Complete 
|1888|0x00000000ffe00000, 0x00000000ffe48000, 0x00000000fff00000| 28%|OA|  |TAMS 0x00000000ffe00000, 0x00000000ffe00000| Untracked 
|1889|0x00000000fff00000, 0x00000000fff6c000, 0x0000000100000000| 42%|CA|  |TAMS 0x00000000fff00000, 0x00000000fff00000| Untracked 

Card table byte_map: [0x00007333d6890000,0x00007333d6c41000] _byte_map_base: 0x00007333d6441000

Marking Bits (Prev, Next): (CMBitMap*) 0x00007333d0056ab8, (CMBitMap*) 0x00007333d0056af0
 Prev Bits: [0x00007333d4757000, 0x00007333d64df000)
 Next Bits: [0x00007333b2278000, 0x00007333b4000000)

Polling page: 0x00007333d99c4000

Metaspace:

Usage:
  Non-class:      4.00 MB capacity,   150.96 KB (  4%) used,     3.86 MB ( 96%) free+waste,   128 bytes ( <1%) overhead. 
      Class:    386.00 KB capacity,     5.18 KB (  1%) used,   380.70 KB ( 99%) free+waste,   128 bytes ( <1%) overhead. 
       Both:      4.38 MB capacity,   156.14 KB (  3%) used,     4.23 MB ( 97%) free+waste,   256 bytes ( <1%) overhead. 

Virtual space:
  Non-class space:        8.00 MB reserved,       4.25 MB ( 53%) committed 
      Class space:        1.00 GB reserved,     512.00 KB ( <1%) committed 
             Both:        1.01 GB reserved,       4.75 MB ( <1%) committed 

Chunk freelists:
   Non-Class:  0 bytes
       Class:  0 bytes
        Both:  0 bytes

MaxMetaspaceSize: unlimited
CompressedClassSpaceSize: 1.00 GB
Initial GC threshold: 20.80 MB
Current GC threshold: 20.80 MB
CDS: on

CodeHeap 'non-profiled nmethods': size=119172Kb used=15Kb max_used=15Kb free=119156Kb
 bounds [0x00007333c019f000, 0x00007333c040f000, 0x00007333c7600000]
CodeHeap 'profiled nmethods': size=119168Kb used=94Kb max_used=94Kb free=119073Kb
 bounds [0x00007333b8d3f000, 0x00007333b8faf000, 0x00007333c019f000]
CodeHeap 'non-nmethods': size=7420Kb used=1584Kb max_used=1590Kb free=5835Kb
 bounds [0x00007333b8600000, 0x00007333b8870000, 0x00007333b8d3f000]
 total_blobs=315 nmethods=71 adapters=157
 compilation: enabled
              stopped_count=0, restarted_count=0
 full_count=0

Compilation events (20 events):
Event: 0.025 Thread 0x000073338009d800 nmethod 60 0x00007333b8d53810 code [0x00007333b8d53a00, 0x00007333b8d53fd0]
Event: 0.025 Thread 0x000073338009d800   62       3       jdk.internal.module.ModuleBootstrap$2::next (52 bytes)
Event: 0.025 Thread 0x00007333d013e000   65       4       java.util.HashMap::afterNodeInsertion (1 bytes)
Event: 0.025 Thread 0x00007333d0140000 nmethod 61 0x00007333b8d54210 code [0x00007333b8d543e0, 0x00007333b8d54730]
Event: 0.025 Thread 0x00007333d0140000   63       3       java.util.HashMap::putIfAbsent (13 bytes)
Event: 0.025 Thread 0x00007333d013e000 nmethod 65 0x00007333c01a2590 code [0x00007333c01a2720, 0x00007333c01a2798]
Event: 0.025 Thread 0x000073338009d800 nmethod 62 0x00007333b8d54810 code [0x00007333b8d54a20, 0x00007333b8d54f80]
Event: 0.026 Thread 0x000073338009d800   66       1       java.lang.Module::getDescriptor (5 bytes)
Event: 0.026 Thread 0x00007333d0140000 nmethod 63 0x00007333b8d55110 code [0x00007333b8d552e0, 0x00007333b8d555f0]
Event: 0.026 Thread 0x000073338009d800 nmethod 66 0x00007333c01a2890 code [0x00007333c01a2a40, 0x00007333c01a2b10]
Event: 0.026 Thread 0x00007333d013e000   67       4       java.util.ImmutableCollections$SetN$SetNIterator::nextIndex (56 bytes)
Event: 0.026 Thread 0x00007333d013e000 nmethod 67 0x00007333c01a2b90 code [0x00007333c01a2d20, 0x00007333c01a2db8]
Event: 0.027 Thread 0x00007333d0140000   68       3       java.lang.StringLatin1::canEncode (13 bytes)
Event: 0.027 Thread 0x000073338009d800   69       3       java.lang.String::charAt (25 bytes)
Event: 0.027 Thread 0x00007333d0140000 nmethod 68 0x00007333b8d55710 code [0x00007333b8d558c0, 0x00007333b8d559f0]
Event: 0.027 Thread 0x00007333d0140000   70       3       java.lang.StringLatin1::charAt (28 bytes)
Event: 0.027 Thread 0x00007333d0140000 nmethod 70 0x00007333b8d55a90 code [0x00007333b8d55c60, 0x00007333b8d55e40]
Event: 0.027 Thread 0x00007333d0140000   71       3       java.lang.CharacterDataLatin1::getProperties (11 bytes)
Event: 0.027 Thread 0x00007333d0140000 nmethod 71 0x00007333b8d55f10 code [0x00007333b8d560c0, 0x00007333b8d56210]
Event: 0.027 Thread 0x000073338009d800 nmethod 69 0x00007333b8d56310 code [0x00007333b8d56500, 0x00007333b8d568d0]

GC Heap History (0 events):
No events

Deoptimization events (0 events):
No events

Classes redefined (0 events):
No events

Internal exceptions (0 events):
No events

Events (20 events):
Event: 0.015 Thread 0x00007333d0140000 Thread added: 0x00007333d0140000
Event: 0.016 Protecting memory [0x00007333aaa00000,0x00007333aaa04000] with protection modes 0
Event: 0.016 Thread 0x00007333d0142000 Thread added: 0x00007333d0142000
Event: 0.016 Protecting memory [0x00007333aa900000,0x00007333aa904000] with protection modes 0
Event: 0.021 Thread 0x000073338009d800 Thread added: 0x000073338009d800
Event: 0.021 Protecting memory [0x00007333aa800000,0x00007333aa804000] with protection modes 0
Event: 0.026 Executing VM operation: EnableBiasedLocking
Event: 0.026 Executing VM operation: EnableBiasedLocking done
Event: 0.026 loading class jdk/internal/vm/PostVMInitHook
Event: 0.026 loading class jdk/internal/vm/PostVMInitHook done
Event: 0.026 loading class Main
Event: 0.026 loading class Main done
Event: 0.027 loading class jdk/internal/loader/URLClassPath$FileLoader
Event: 0.027 loading class jdk/internal/loader/URLClassPath$FileLoader done
Event: 0.028 loading class jdk/internal/loader/URLClassPath$FileLoader$1
Event: 0.028 loading class jdk/internal/loader/URLClassPath$FileLoader$1 done
Event: 0.029 Thread 0x00007333d0175000 Thread added: 0x00007333d0175000
Event: 0.029 Protecting memory [0x00007333aa5ff000,0x00007333aa603000] with protection modes 0
Event: 0.029 Executing VM operation: RevokeBias
Event: 0.030 Executing VM operation: RevokeBias done


Dynamic libraries:
89e00000-91600000 rw-p 00000000 00:00 0 
91600000-ffe00000 ---p 00000000 00:00 0 
ffe00000-ffe48000 rw-p 00b14000 08:30 69182                              /usr/lib/jvm/java-11-openjdk-amd64/lib/server/classes.jsa
ffe48000-fff00000 rw-p 00000000 00:00 0 
fff00000-fff6c000 rw-p 00aa8000 08:30 69182                              /usr/lib/jvm/java-11-openjdk-amd64/lib/server/classes.jsa
fff6c000-100000000 rw-p 00000000 00:00 0 
800000000-800002000 rwxp 00001000 08:30 69182                            /usr/lib/jvm/java-11-openjdk-amd64/lib/server/classes.jsa
800002000-8003ce000 rw-p 00003000 08:30 69182                            /usr/lib/jvm/java-11-openjdk-amd64/lib/server/classes.jsa
8003ce000-800aa6000 r--p 003cf000 08:30 69182                            /usr/lib/jvm/java-11-openjdk-amd64/lib/server/classes.jsa
800aa6000-800aa7000 rw-p 00aa7000 08:30 69182                            /usr/lib/jvm/java-11-openjdk-amd64/lib/server/classes.jsa
840000000-840080000 rw-p 00000000 00:00 0 
840080000-880000000 ---p 00000000 00:00 0 
622a565ed000-622a565ee000 r--p 00000000 08:30 31552                      /usr/lib/jvm/java-11-openjdk-amd64/bin/java
622a565ee000-622a565ef000 r-xp 00001000 08:30 31552                      /usr/lib/jvm/java-11-openjdk-amd64/bin/java
622a565ef000-622a565f0000 r--p 00002000 08:30 31552                      /usr/lib/jvm/java-11-openjdk-amd64/bin/java
622a565f0000-622a565f1000 r--p 00002000 08:30 31552                      /usr/lib/jvm/java-11-openjdk-amd64/bin/java
622a565f1000-622a565f2000 rw-p 00003000 08:30 31552                      /usr/lib/jvm/java-11-openjdk-amd64/bin/java
622a75317000-622a75338000 rw-p 00000000 00:00 0                          [heap]
733370000000-733370021000 rw-p 00000000 00:00 0 
733370021000-733374000000 ---p 00000000 00:00 0 
733374000000-733374021000 rw-p 00000000 00:00 0 
733374021000-733378000000 ---p 00000000 00:00 0 
733378000000-733378021000 rw-p 00000000 00:00 0 
733378021000-73337c000000 ---p 00000000 00:00 0 
73337c000000-73337c021000 rw-p 00000000 00:00 0 
73337c021000-733380000000 ---p 00000000 00:00 0 
733380000000-7333800a2000 rw-p 00000000 00:00 0 
7333800a2000-733384000000 ---p 00000000 00:00 0 
733384000000-733384085000 rw-p 00000000 00:00 0 
733384085000-733388000000 ---p 00000000 00:00 0 
733388000000-733388021000 rw-p 00000000 00:00 0 
733388021000-73338c000000 ---p 00000000 00:00 0 
73338c000000-73338c021000 rw-p 00000000 00:00 0 
73338c021000-733390000000 ---p 00000000 00:00 0 
733390000000-733390021000 rw-p 00000000 00:00 0 
733390021000-733394000000 ---p 00000000 00:00 0 
733394000000-733394021000 rw-p 00000000 00:00 0 
733394021000-733398000000 ---p 00000000 00:00 0 
733398000000-733398021000 rw-p 00000000 00:00 0 
733398021000-73339c000000 ---p 00000000 00:00 0 
73339c000000-73339c021000 rw-p 00000000 00:00 0 
73339c021000-7333a0000000 ---p 00000000 00:00 0 
7333a0000000-7333a0021000 rw-p 00000000 00:00 0 
7333a0021000-7333a4000000 ---p 00000000 00:00 0 
7333a4000000-7333a4021000 rw-p 00000000 00:00 0 
7333a4021000-7333a8000000 ---p 00000000 00:00 0 
7333aa24b000-7333aa5ff000 rw-p 00000000 00:00 0 
7333aa5ff000-7333aa603000 ---p 00000000 00:00 0 
7333aa603000-7333aa6ff000 rw-p 00000000 00:00 0 
7333aa6ff000-7333aa700000 ---p 00000000 00:00 0 
7333aa700000-7333aa800000 rw-p 00000000 00:00 0 
7333aa800000-7333aa804000 ---p 00000000 00:00 0 
7333aa804000-7333aa900000 rw-p 00000000 00:00 0 
7333aa900000-7333aa904000 ---p 00000000 00:00 0 
7333aa904000-7333aaa00000 rw-p 00000000 00:00 0 
7333aaa00000-7333aaa04000 ---p 00000000 00:00 0 
7333aaa04000-7333aab00000 rw-p 00000000 00:00 0 
7333aab00000-7333aab04000 ---p 00000000 00:00 0 
7333aab04000-7333aac00000 rw-p 00000000 00:00 0 
7333aac00000-7333aac04000 ---p 00000000 00:00 0 
7333aac04000-7333aad00000 rw-p 00000000 00:00 0 
7333aad00000-7333aad04000 ---p 00000000 00:00 0 
7333aad04000-7333aae00000 rw-p 00000000 00:00 0 
7333aae00000-7333ab139000 r--p 00000000 08:30 3872                       /usr/lib/locale/locale-archive
7333ab1fc000-7333ab200000 ---p 00000000 00:00 0 
7333ab200000-7333ab2fc000 rw-p 00000000 00:00 0 
7333ab2fc000-7333ab300000 ---p 00000000 00:00 0 
7333ab300000-7333ab3fc000 rw-p 00000000 00:00 0 
7333ab3fc000-7333ab3fd000 ---p 00000000 00:00 0 
7333ab3fd000-7333ab93d000 rw-p 00000000 00:00 0 
7333ab93d000-7333abcfd000 ---p 00000000 00:00 0 
7333abcfd000-7333abcfe000 ---p 00000000 00:00 0 
7333abcfe000-7333abdfe000 rw-p 00000000 00:00 0 
7333abdfe000-7333abdff000 ---p 00000000 00:00 0 
7333abdff000-7333ac000000 rw-p 00000000 00:00 0 
7333ac000000-7333ac021000 rw-p 00000000 00:00 0 
7333ac021000-7333b0000000 ---p 00000000 00:00 0 
7333b0076000-7333b2458000 rw-p 00000000 00:00 0 
7333b2458000-7333b3ff8000 ---p 00000000 00:00 0 
7333b3ff8000-7333b4000000 rw-p 00000000 00:00 0 
7333b4000000-7333b4021000 rw-p 00000000 00:00 0 
7333b4021000-7333b8000000 ---p 00000000 00:00 0 
7333b807a000-7333b8600000 rw-p 00000000 00:00 0 
7333b8600000-7333b8870000 rwxp 00000000 00:00 0 
7333b8870000-7333b8d3f000 ---p 00000000 00:00 0 
7333b8d3f000-7333b8faf000 rwxp 00000000 00:00 0 
7333b8faf000-7333c019f000 ---p 00000000 00:00 0 
7333c019f000-7333c040f000 rwxp 00000000 00:00 0 
7333c040f000-7333c7600000 ---p 00000000 00:00 0 
7333c7600000-7333cfe41000 r--s 00000000 08:30 57820                      /usr/lib/jvm/java-11-openjdk-amd64/lib/modules
7333cfea4000-7333d0000000 rw-p 00000000 00:00 0 
7333d0000000-7333d0181000 rw-p 00000000 00:00 0 
7333d0181000-7333d4000000 ---p 00000000 00:00 0 
7333d4032000-7333d44a0000 rw-p 00000000 00:00 0 
7333d44a0000-7333d44a1000 ---p 00000000 00:00 0 
7333d44a1000-7333d45a1000 rw-p 00000000 00:00 0 
7333d45a1000-7333d45a2000 ---p 00000000 00:00 0 
7333d45a2000-7333d4937000 rw-p 00000000 00:00 0 
7333d4937000-7333d64d7000 ---p 00000000 00:00 0 
7333d64d7000-7333d651b000 rw-p 00000000 00:00 0 
7333d651b000-7333d688f000 ---p 00000000 00:00 0 
7333d688f000-7333d68cc000 rw-p 00000000 00:00 0 
7333d68cc000-7333d6c40000 ---p 00000000 00:00 0 
7333d6c40000-7333d6c7d000 rw-p 00000000 00:00 0 
7333d6c7d000-7333d6ff1000 ---p 00000000 00:00 0 
7333d6ff1000-7333d7cff000 rw-p 00000000 00:00 0 
7333d7cff000-7333d7d00000 ---p 00000000 00:00 0 
7333d7d00000-7333d7e00000 rw-p 00000000 00:00 0 
7333d7e00000-7333d7e9a000 r--p 00000000 08:30 6947                       /usr/lib/x86_64-linux-gnu/libstdc++.so.6.0.30
7333d7e9a000-7333d7fab000 r-xp 0009a000 08:30 6947                       /usr/lib/x86_64-linux-gnu/libstdc++.so.6.0.30
7333d7fab000-7333d801a000 r--p 001ab000 08:30 6947                       /usr/lib/x86_64-linux-gnu/libstdc++.so.6.0.30
7333d801a000-7333d801b000 ---p 0021a000 08:30 6947                       /usr/lib/x86_64-linux-gnu/libstdc++.so.6.0.30
7333d801b000-7333d8026000 r--p 0021a000 08:30 6947                       /usr/lib/x86_64-linux-gnu/libstdc++.so.6.0.30
7333d8026000-7333d8029000 rw-p 00225000 08:30 6947                       /usr/lib/x86_64-linux-gnu/libstdc++.so.6.0.30
7333d8029000-7333d802c000 rw-p 00000000 00:00 0 
7333d802e000-7333d8033000 rw-p 00000000 00:00 0 
7333d8033000-7333d8117000 ---p 00000000 00:00 0 
7333d8117000-7333d811c000 rw-p 00000000 00:00 0 
7333d811c000-7333d8200000 ---p 00000000 00:00 0 
7333d8200000-7333d8483000 r--p 00000000 08:30 64179                      /usr/lib/jvm/java-11-openjdk-amd64/lib/server/libjvm.so
7333d8483000-7333d912e000 r-xp 00283000 08:30 64179                      /usr/lib/jvm/java-11-openjdk-amd64/lib/server/libjvm.so
7333d912e000-7333d938a000 r--p 00f2e000 08:30 64179                      /usr/lib/jvm/java-11-openjdk-amd64/lib/server/libjvm.so
7333d938a000-7333d944e000 r--p 01189000 08:30 64179                      /usr/lib/jvm/java-11-openjdk-amd64/lib/server/libjvm.so
7333d944e000-7333d9489000 rw-p 0124d000 08:30 64179                      /usr/lib/jvm/java-11-openjdk-amd64/lib/server/libjvm.so
7333d9489000-7333d94e0000 rw-p 00000000 00:00 0 
7333d94e6000-7333d94eb000 rw-p 00000000 00:00 0 
7333d94eb000-7333d94f5000 ---p 00000000 00:00 0 
7333d94f5000-7333d94f7000 r--p 00000000 08:30 57817                      /usr/lib/jvm/java-11-openjdk-amd64/lib/libzip.so
7333d94f7000-7333d94fc000 r-xp 00002000 08:30 57817                      /usr/lib/jvm/java-11-openjdk-amd64/lib/libzip.so
7333d94fc000-7333d94fe000 r--p 00007000 08:30 57817                      /usr/lib/jvm/java-11-openjdk-amd64/lib/libzip.so
7333d94fe000-7333d94ff000 r--p 00008000 08:30 57817                      /usr/lib/jvm/java-11-openjdk-amd64/lib/libzip.so
7333d94ff000-7333d9500000 rw-p 00009000 08:30 57817                      /usr/lib/jvm/java-11-openjdk-amd64/lib/libzip.so
7333d9500000-7333d9504000 ---p 00000000 00:00 0 
7333d9504000-7333d9600000 rw-p 00000000 00:00 0 
7333d9600000-7333d9628000 r--p 00000000 08:30 20248                      /usr/lib/x86_64-linux-gnu/libc.so.6
7333d9628000-7333d97bd000 r-xp 00028000 08:30 20248                      /usr/lib/x86_64-linux-gnu/libc.so.6
7333d97bd000-7333d9815000 r--p 001bd000 08:30 20248                      /usr/lib/x86_64-linux-gnu/libc.so.6
7333d9815000-7333d9816000 ---p 00215000 08:30 20248                      /usr/lib/x86_64-linux-gnu/libc.so.6
7333d9816000-7333d981a000 r--p 00215000 08:30 20248                      /usr/lib/x86_64-linux-gnu/libc.so.6
7333d981a000-7333d981c000 rw-p 00219000 08:30 20248                      /usr/lib/x86_64-linux-gnu/libc.so.6
7333d981c000-7333d9829000 rw-p 00000000 00:00 0 
7333d982a000-7333d9831000 r--s 00000000 08:30 23928                      /usr/lib/x86_64-linux-gnu/gconv/gconv-modules.cache
7333d9831000-7333d9839000 rw-s 00000000 08:30 69276                      /tmp/hsperfdata_charlie_tsai/93100
7333d9839000-7333d983b000 r--p 00000000 08:30 55563                      /usr/lib/jvm/java-11-openjdk-amd64/lib/libjimage.so
7333d983b000-7333d983e000 r-xp 00002000 08:30 55563                      /usr/lib/jvm/java-11-openjdk-amd64/lib/libjimage.so
7333d983e000-7333d983f000 r--p 00005000 08:30 55563                      /usr/lib/jvm/java-11-openjdk-amd64/lib/libjimage.so
7333d983f000-7333d9840000 ---p 00006000 08:30 55563                      /usr/lib/jvm/java-11-openjdk-amd64/lib/libjimage.so
7333d9840000-7333d9841000 r--p 00006000 08:30 55563                      /usr/lib/jvm/java-11-openjdk-amd64/lib/libjimage.so
7333d9841000-7333d9842000 rw-p 00007000 08:30 55563                      /usr/lib/jvm/java-11-openjdk-amd64/lib/libjimage.so
7333d9842000-7333d9850000 r--p 00000000 08:30 52054                      /usr/lib/jvm/java-11-openjdk-amd64/lib/libjava.so
7333d9850000-7333d9866000 r-xp 0000e000 08:30 52054                      /usr/lib/jvm/java-11-openjdk-amd64/lib/libjava.so
7333d9866000-7333d986d000 r--p 00024000 08:30 52054                      /usr/lib/jvm/java-11-openjdk-amd64/lib/libjava.so
7333d986d000-7333d986e000 r--p 0002a000 08:30 52054                      /usr/lib/jvm/java-11-openjdk-amd64/lib/libjava.so
7333d986e000-7333d986f000 rw-p 0002b000 08:30 52054                      /usr/lib/jvm/java-11-openjdk-amd64/lib/libjava.so
7333d986f000-7333d9870000 rw-p 00000000 00:00 0 
7333d9870000-7333d9875000 r--p 00000000 08:30 57815                      /usr/lib/jvm/java-11-openjdk-amd64/lib/libverify.so
7333d9875000-7333d987c000 r-xp 00005000 08:30 57815                      /usr/lib/jvm/java-11-openjdk-amd64/lib/libverify.so
7333d987c000-7333d987e000 r--p 0000c000 08:30 57815                      /usr/lib/jvm/java-11-openjdk-amd64/lib/libverify.so
7333d987e000-7333d9880000 r--p 0000d000 08:30 57815                      /usr/lib/jvm/java-11-openjdk-amd64/lib/libverify.so
7333d9880000-7333d9881000 rw-p 0000f000 08:30 57815                      /usr/lib/jvm/java-11-openjdk-amd64/lib/libverify.so
7333d9881000-7333d9882000 r--p 00000000 08:30 20297                      /usr/lib/x86_64-linux-gnu/librt.so.1
7333d9882000-7333d9883000 r-xp 00001000 08:30 20297                      /usr/lib/x86_64-linux-gnu/librt.so.1
7333d9883000-7333d9884000 r--p 00002000 08:30 20297                      /usr/lib/x86_64-linux-gnu/librt.so.1
7333d9884000-7333d9885000 r--p 00002000 08:30 20297                      /usr/lib/x86_64-linux-gnu/librt.so.1
7333d9885000-7333d9886000 rw-p 00003000 08:30 20297                      /usr/lib/x86_64-linux-gnu/librt.so.1
7333d9886000-7333d9889000 r--p 00000000 08:30 6709                       /usr/lib/x86_64-linux-gnu/libgcc_s.so.1
7333d9889000-7333d98a0000 r-xp 00003000 08:30 6709                       /usr/lib/x86_64-linux-gnu/libgcc_s.so.1
7333d98a0000-7333d98a4000 r--p 0001a000 08:30 6709                       /usr/lib/x86_64-linux-gnu/libgcc_s.so.1
7333d98a4000-7333d98a5000 r--p 0001d000 08:30 6709                       /usr/lib/x86_64-linux-gnu/libgcc_s.so.1
7333d98a5000-7333d98a6000 rw-p 0001e000 08:30 6709                       /usr/lib/x86_64-linux-gnu/libgcc_s.so.1
7333d98a6000-7333d98b4000 r--p 00000000 08:30 20271                      /usr/lib/x86_64-linux-gnu/libm.so.6
7333d98b4000-7333d9930000 r-xp 0000e000 08:30 20271                      /usr/lib/x86_64-linux-gnu/libm.so.6
7333d9930000-7333d998b000 r--p 0008a000 08:30 20271                      /usr/lib/x86_64-linux-gnu/libm.so.6
7333d998b000-7333d998c000 r--p 000e4000 08:30 20271                      /usr/lib/x86_64-linux-gnu/libm.so.6
7333d998c000-7333d998d000 rw-p 000e5000 08:30 20271                      /usr/lib/x86_64-linux-gnu/libm.so.6
7333d998d000-7333d9990000 rw-p 00000000 00:00 0 
7333d9990000-7333d9993000 r--p 00000000 08:30 50703                      /usr/lib/jvm/java-11-openjdk-amd64/lib/jli/libjli.so
7333d9993000-7333d999d000 r-xp 00003000 08:30 50703                      /usr/lib/jvm/java-11-openjdk-amd64/lib/jli/libjli.so
7333d999d000-7333d99a0000 r--p 0000d000 08:30 50703                      /usr/lib/jvm/java-11-openjdk-amd64/lib/jli/libjli.so
7333d99a0000-7333d99a1000 ---p 00010000 08:30 50703                      /usr/lib/jvm/java-11-openjdk-amd64/lib/jli/libjli.so
7333d99a1000-7333d99a2000 r--p 00010000 08:30 50703                      /usr/lib/jvm/java-11-openjdk-amd64/lib/jli/libjli.so
7333d99a2000-7333d99a3000 rw-p 00011000 08:30 50703                      /usr/lib/jvm/java-11-openjdk-amd64/lib/jli/libjli.so
7333d99a3000-7333d99a5000 r--p 00000000 08:30 6997                       /usr/lib/x86_64-linux-gnu/libz.so.1.2.11
7333d99a5000-7333d99b6000 r-xp 00002000 08:30 6997                       /usr/lib/x86_64-linux-gnu/libz.so.1.2.11
7333d99b6000-7333d99bc000 r--p 00013000 08:30 6997                       /usr/lib/x86_64-linux-gnu/libz.so.1.2.11
7333d99bc000-7333d99bd000 ---p 00019000 08:30 6997                       /usr/lib/x86_64-linux-gnu/libz.so.1.2.11
7333d99bd000-7333d99be000 r--p 00019000 08:30 6997                       /usr/lib/x86_64-linux-gnu/libz.so.1.2.11
7333d99be000-7333d99bf000 rw-p 0001a000 08:30 6997                       /usr/lib/x86_64-linux-gnu/libz.so.1.2.11
7333d99c4000-7333d99c5000 ---p 00000000 00:00 0 
7333d99c5000-7333d99c6000 r--p 00000000 00:00 0 
7333d99c6000-7333d99c8000 rw-p 00000000 00:00 0 
7333d99c8000-7333d99ca000 r--p 00000000 08:30 20228                      /usr/lib/x86_64-linux-gnu/ld-linux-x86-64.so.2
7333d99ca000-7333d99f4000 r-xp 00002000 08:30 20228                      /usr/lib/x86_64-linux-gnu/ld-linux-x86-64.so.2
7333d99f4000-7333d99ff000 r--p 0002c000 08:30 20228                      /usr/lib/x86_64-linux-gnu/ld-linux-x86-64.so.2
7333d9a00000-7333d9a02000 r--p 00037000 08:30 20228                      /usr/lib/x86_64-linux-gnu/ld-linux-x86-64.so.2
7333d9a02000-7333d9a04000 rw-p 00039000 08:30 20228                      /usr/lib/x86_64-linux-gnu/ld-linux-x86-64.so.2
7ffec1f5e000-7ffec1f80000 rw-p 00000000 00:00 0                          [stack]
7ffec1f85000-7ffec1f89000 r--p 00000000 00:00 0                          [vvar]
7ffec1f89000-7ffec1f8b000 r-xp 00000000 00:00 0                          [vdso]


VM Arguments:
jvm_args: -Xverify:none 
java_command: Main
java_class_path (initial): .
Launcher Type: SUN_STANDARD

[Global flags]
     bool BytecodeVerificationLocal                = false                                     {product} {command line}
     bool BytecodeVerificationRemote               = false                                     {product} {command line}
     intx CICompilerCount                          = 12                                        {product} {ergonomic}
     uint ConcGCThreads                            = 3                                         {product} {ergonomic}
     uint G1ConcRefinementThreads                  = 13                                        {product} {ergonomic}
   size_t G1HeapRegionSize                         = 1048576                                   {product} {ergonomic}
    uintx GCDrainStackTargetSize                   = 64                                        {product} {ergonomic}
   size_t InitialHeapSize                          = 125829120                                 {product} {ergonomic}
   size_t MarkStackSize                            = 4194304                                   {product} {ergonomic}
   size_t MaxHeapSize                              = 1981808640                                {product} {ergonomic}
   size_t MaxNewSize                               = 1189085184                                {product} {ergonomic}
   size_t MinHeapDeltaBytes                        = 1048576                                   {product} {ergonomic}
    uintx NonNMethodCodeHeapSize                   = 7594288                                {pd product} {ergonomic}
    uintx NonProfiledCodeHeapSize                  = 122031976                              {pd product} {ergonomic}
    uintx ProfiledCodeHeapSize                     = 122031976                              {pd product} {ergonomic}
    uintx ReservedCodeCacheSize                    = 251658240                              {pd product} {ergonomic}
     bool SegmentedCodeCache                       = true                                      {product} {ergonomic}
     bool UseCompressedClassPointers               = true                                 {lp64_product} {ergonomic}
     bool UseCompressedOops                        = true                                 {lp64_product} {ergonomic}
     bool UseG1GC                                  = true                                      {product} {ergonomic}

Logging:
Log output configuration:
 #0: stdout all=warning uptime,level,tags
 #1: stderr all=off uptime,level,tags

Environment Variables:
PATH=/home/charlie_tsai/.local/bin:/usr/local/sbin:/usr/local/bin:/usr/sbin:/usr/bin:/sbin:/bin:/usr/games:/usr/local/games:/usr/lib/wsl/lib:/mnt/c/Program Files/Common Files/Oracle/Java/javapath:/mnt/c/Windows/system32:/mnt/c/Windows:/mnt/c/Windows/System32/Wbem:/mnt/c/Windows/System32/WindowsPowerShell/v1.0/:/mnt/c/Windows/System32/OpenSSH/:/mnt/c/Program Files (x86)/NVIDIA Corporation/PhysX/Common:/mnt/c/Program Files/NVIDIA Corporation/NVIDIA NvDLISR:/mnt/c/Program Files/dotnet/:/mnt/c/Program Files/Git/cmd:/mnt/c/Program Files/MATLAB/R2024a/bin:/mnt/c/Program Files (x86)/Microsoft SQL Server/160/DTS/Binn/:/mnt/c/Program Files (x86)/Microsoft SQL Server/160/Tools/Binn/:/mnt/c/Program Files/Microsoft SQL Server/160/Tools/Binn/:/mnt/c/Program Files/Microsoft SQL Server/Client SDK/ODBC/170/Tools/Binn/:/mnt/c/Program Files/Microsoft SQL Server/160/DTS/Binn/:/mnt/c/Program Files/Azure Data Studio/bin:/mnt/c/Program Files (x86)/Pulse Secure/VC142.CRT/X64/:/mnt/c/Program Files (x86)/Pulse Secure/VC142.CRT/X86/:/mnt/c/Program Files (x86)/Common Files/Pulse Secure/TNC Client Plugin/:/mnt/c/Program Files/Microchip/xc8/v2.50/bin:/mnt/c/Program Files/R/R-4.4.2/bin:/mnt/c/Program Files/PuTTY/:/mnt/c/Program Files/nodejs/:/mnt/c/Program Files/Go/bin:/mnt/c/Program Files/PostgreSQL/17/bin:/mnt/c/Program Files/Docker/Docker/resources/bin:/mnt/c/anaconda3:/mnt/c/anaconda3/Library/mingw-w64/bin:/mnt/c/anaconda3/Library/usr/bin:/mnt/c/anaconda3/Library/bin:/mnt/c/anaconda3/Scripts:/mnt/c/Users/TUF Gaming/AppData/Local/Programs/Python/Python311/Scripts/:/mnt/c/Users/TUF Gaming/AppData/Local/Programs/Python/Python311/:/mnt/c/python37/Scripts/:/mnt/c/python37/:/mnt/c/Program Files/Common Files/Oracle/Java/javapath:/mnt/c/Windows/system32:/mnt/c/Windows:/mnt/c/Windows/System32/Wbem:/mnt/c/Windows/System32/WindowsPowerShell/v1.0/:/mnt/c/Windows/System32/OpenSSH/:/mnt/c/Program Files (x86)/NVIDIA Corporation/PhysX/Common:/mnt/c/Program Files/NVIDIA Corporation/NVIDIA NvDLISR:/mnt/c/Program
SHELL=/bin/bash
DISPLAY=:0
HOSTTYPE=x86_64
LANG=en_US.UTF-8
TERM=xterm-256color

Signal Handlers:
SIGSEGV: [libjvm.so+0xebbd40], sa_mask[0]=11111111011111111101111111111110, sa_flags=SA_RESTART|SA_SIGINFO
SIGBUS: [libjvm.so+0xebbd40], sa_mask[0]=11111111011111111101111111111110, sa_flags=SA_RESTART|SA_SIGINFO
SIGFPE: [libjvm.so+0xebbd40], sa_mask[0]=11111111011111111101111111111110, sa_flags=SA_RESTART|SA_SIGINFO
SIGPIPE: [libjvm.so+0xbfe040], sa_mask[0]=11111111011111111101111111111110, sa_flags=SA_RESTART|SA_SIGINFO
SIGXFSZ: [libjvm.so+0xbfe040], sa_mask[0]=11111111011111111101111111111110, sa_flags=SA_RESTART|SA_SIGINFO
SIGILL: [libjvm.so+0xebbd40], sa_mask[0]=11111111011111111101111111111110, sa_flags=SA_RESTART|SA_SIGINFO
SIGUSR2: [libjvm.so+0xbfdee0], sa_mask[0]=00000000000000000000000000000000, sa_flags=SA_RESTART|SA_SIGINFO
SIGHUP: [libjvm.so+0xbfe6a0], sa_mask[0]=11111111011111111101111111111110, sa_flags=SA_RESTART|SA_SIGINFO
SIGINT: [libjvm.so+0xbfe6a0], sa_mask[0]=11111111011111111101111111111110, sa_flags=SA_RESTART|SA_SIGINFO
SIGTERM: [libjvm.so+0xbfe6a0], sa_mask[0]=11111111011111111101111111111110, sa_flags=SA_RESTART|SA_SIGINFO
SIGQUIT: [libjvm.so+0xbfe6a0], sa_mask[0]=11111111011111111101111111111110, sa_flags=SA_RESTART|SA_SIGINFO


---------------  S Y S T E M  ---------------

OS:DISTRIB_ID=Ubuntu
DISTRIB_RELEASE=22.04
DISTRIB_CODENAME=jammy
DISTRIB_DESCRIPTION="Ubuntu 22.04.4 LTS"
uname:Linux 6.6.87.1-microsoft-standard-WSL2 #1 SMP PREEMPT_DYNAMIC Mon Apr 21 17:08:54 UTC 2025 x86_64
OS uptime: 0 days 5:14 hours
libc:glibc 2.35 NPTL 2.35 
rlimit (soft/hard): STACK 8192k/infinity , CORE 0k/infinity , NPROC 30193/30193 , NOFILE 1048576/1048576 , AS infinity/infinity , CPU infinity/infinity , DATA infinity/infinity , FSIZE infinity/infinity , MEMLOCK 65536k/65536k
load average:0.08 0.02 0.01

/proc/meminfo:
MemTotal:        7739604 kB
MemFree:         6705336 kB
MemAvailable:    6998304 kB
Buffers:            8492 kB
Cached:           413152 kB
SwapCached:            0 kB
Active:           105716 kB
Inactive:         583956 kB
Active(anon):       2536 kB
Inactive(anon):   269900 kB
Active(file):     103180 kB
Inactive(file):   314056 kB
Unevictable:           0 kB
Mlocked:               0 kB
SwapTotal:       2097152 kB
SwapFree:        2097152 kB
Dirty:                56 kB
Writeback:             0 kB
AnonPages:        268164 kB
Mapped:           215404 kB
Shmem:              4408 kB
KReclaimable:      28680 kB
Slab:             102084 kB
SReclaimable:      28680 kB
SUnreclaim:        73404 kB
KernelStack:        5728 kB
PageTables:         6108 kB
SecPageTables:         0 kB
NFS_Unstable:          0 kB
Bounce:                0 kB
WritebackTmp:          0 kB
CommitLimit:     5966952 kB
Committed_AS:    1405272 kB
VmallocTotal:   34359738367 kB
VmallocUsed:       32940 kB
VmallocChunk:          0 kB
Percpu:             7104 kB
HardwareCorrupted:     0 kB
AnonHugePages:         0 kB
ShmemHugePages:        0 kB
ShmemPmdMapped:        0 kB
FileHugePages:         0 kB
FilePmdMapped:         0 kB
Unaccepted:            0 kB
HugePages_Total:       0
HugePages_Free:        0
HugePages_Rsvd:        0
HugePages_Surp:        0
Hugepagesize:       2048 kB
Hugetlb:               0 kB
DirectMap4k:      134144 kB
DirectMap2M:     4710400 kB
DirectMap1G:    11534336 kB

/sys/kernel/mm/transparent_hugepage/enabled:
always [madvise] never
/sys/kernel/mm/transparent_hugepage/defrag (defrag/compaction efforts parameter):
always defer defer+madvise [madvise] never

Process Memory:
Virtual Size: 4688220K (peak: 13376620K)
Resident Set Size: 38404K (peak: 38404K) (anon: 12544K, file: 25860K, shmem: 0K)
Swapped out: 0K
C-Heap outstanding allocations: 34715K, retained: 1828K
glibc malloc tunables: (default)

/proc/sys/kernel/threads-max (system-wide limit on the number of threads):
60387
/proc/sys/vm/max_map_count (maximum number of memory map areas a process may have):
65530
/proc/sys/kernel/pid_max (system-wide limit on number of process identifiers):
4194304

container (cgroup) information:
container_type: cgroupv2
cpu_cpuset_cpus: not supported
cpu_memory_nodes: not supported
active_processor_count: 16
cpu_quota: not supported
cpu_period: not supported
cpu_shares: not supported
memory_limit_in_bytes: not supported
memory_and_swap_limit_in_bytes: not supported
memory_soft_limit_in_bytes: not supported
memory_usage_in_bytes: not supported
memory_max_usage_in_bytes: not supported
memory_swap_current_in_bytes: not supported
memory_swap_max_limit_in_bytes: not supported
maximum number of tasks: not supported
current number of tasks: not supported

Hyper-V virtualization detected
Steal ticks since vm start: 0
Steal ticks percentage since vm start:  0.000

CPU:total 16 (initial active 16) (16 cores per cpu, 2 threads per core) family 25 model 68 stepping 1 microcode 0xffffffff, cmov, cx8, fxsr, mmx, sse, sse2, sse3, ssse3, sse4.1, sse4.2, popcnt, avx, avx2, aes, clmul, erms, mmxext, 3dnowpref, lzcnt, sse4a, ht, tsc, tscinvbit, tscinv, bmi1, bmi2, adx, sha, fma
CPU Model and flags from /proc/cpuinfo:
model name	: AMD Ryzen 7 7735HS with Radeon Graphics
flags		: fpu vme de pse tsc msr pae mce cx8 apic sep mtrr pge mca cmov pat pse36 clflush mmx fxsr sse sse2 ht syscall nx mmxext fxsr_opt pdpe1gb rdtscp lm constant_tsc rep_good nopl tsc_reliable nonstop_tsc cpuid extd_apicid tsc_known_freq pni pclmulqdq ssse3 fma cx16 sse4_1 sse4_2 movbe popcnt aes xsave avx f16c rdrand hypervisor lahf_lm cmp_legacy svm cr8_legacy abm sse4a misalignsse 3dnowprefetch osvw topoext perfctr_core ssbd ibrs ibpb stibp vmmcall fsgsbase bmi1 avx2 smep bmi2 erms invpcid rdseed adx smap clflushopt clwb sha_ni xsaveopt xsavec xgetbv1 xsaves clzero xsaveerptr arat npt nrip_save tsc_scale vmcb_clean flushbyasid decodeassists pausefilter pfthreshold v_vmsave_vmload umip vaes vpclmulqdq rdpid fsrm
Online cpus:
0-15
Offline cpus:

BIOS frequency limitation:
<Not Available>
Frequency switch latency (ns):
<Not Available>
Available cpu frequencies:
<Not Available>
Current governor:
<Not Available>
Core performance/turbo boost:
<Not Available>

Memory: 4k page, physical 7739604k(6705336k free), swap 2097152k(2097152k free)

vm_info: OpenJDK 64-Bit Server VM (11.0.27+6-post-Ubuntu-0ubuntu122.04) for linux-amd64 JRE (11.0.27+6-post-Ubuntu-0ubuntu122.04), built on Apr 21 2025 05:59:45 by "unknown" with gcc 11.4.0

END.
