#
# A fatal error has been detected by the Java Runtime Environment:
#
#  SIGSEGV (0xb) at pc=0x00007a5c2e66ea24, pid=55324, tid=55325
#
# JRE version: OpenJDK Runtime Environment (11.0.27+6) (build 11.0.27+6-post-Ubuntu-0ubuntu122.04)
# Java VM: OpenJDK 64-Bit Server VM (11.0.27+6-post-Ubuntu-0ubuntu122.04, mixed mode, sharing, tiered, compressed oops, g1 gc, linux-amd64)
# Problematic frame:
# V  [libjvm.so+0x86ea24]  InterpreterRuntime::note_trap(JavaThread*, int, Thread*)+0x34
#
# Core dump will be written. Default location: Core dumps may be processed with "/wsl-capture-crash %t %E %p %s" (or dumping to /mnt/d/road_to_master/compiler_hw/113-2-NCKU-CompilerHW3/core.55324)
#
# If you would like to submit a bug report, please visit:
#   https://bugs.launchpad.net/ubuntu/+source/openjdk-lts
#

---------------  S U M M A R Y ------------

Command Line: -Xverify:none Main

Host: AMD Ryzen 7 7735HS with Radeon Graphics, 16 cores, 7G, Ubuntu 22.04.4 LTS
Time: Sun Jun  8 22:26:49 2025 CST elapsed time: 0.042517 seconds (0d 0h 0m 0s)

---------------  T H R E A D  ---------------

Current thread (0x00007a5c28015000):  JavaThread "main" [_thread_in_vm, id=55325, stack(0x00007a5c2f100000,0x00007a5c2f200000)]

Stack: [0x00007a5c2f100000,0x00007a5c2f200000],  sp=0x00007a5c10608cb7,  free space=18014398508979235k
Native frames: (J=compiled Java code, A=aot compiled Java code, j=interpreted, Vv=VM code, C=native code)
V  [libjvm.so+0x86ea24]  InterpreterRuntime::note_trap(JavaThread*, int, Thread*)+0x34

Java frames: (J=compiled Java code, j=interpreted, Vv=VM code)
C  0x00007a5c1060e4a2
v  ~StubRoutines::call_stub

siginfo: si_signo: 11 (SIGSEGV), si_code: 128 (SI_KERNEL), si_addr: 0x0000000000000000

Register to memory mapping:

RAX=0x00007a5c2f0d8000: <offset 0x00000000012d8000> in /usr/lib/jvm/java-11-openjdk-amd64/lib/server/libjvm.so at 0x00007a5c2de00000
RBX=0x00007a5c28015000 is a thread
RCX=0x000000007e75fe2d is an unknown value
RDX=0x00007a5c28015000 is a thread
RSP=0x00007a5c10608cb7 points into unknown readable memory: 06
RBP=0x00007a5c10608d57 points into unknown readable memory: 87
RSI=0x00007a5c28015000 is a thread
RDI=0x00007a5c28015330 points into unknown readable memory: 0x00007a5c10608da7 | a7 8d 60 10 5c 7a 00 00
R8 =0x00000008003cf0d8 is pointing into metadata
R9 =0x00007a5c281115a0 points into unknown readable memory: 0x0000000000004e2b | 2b 4e 00 00 00 00 00 00
R10=0x000000000000001e is an unknown value
R11=0x0000000800000000 is pointing into metadata
R12=0x00007a5c28015000 is a thread
R13=0x0000000000000001 is an unknown value
R14=0x00007a5c10608cc7 points into unknown readable memory: 0f
R15=0x00007a5c10608cf7 points into unknown readable memory: 10


Registers:
RAX=0x00007a5c2f0d8000, RBX=0x00007a5c28015000, RCX=0x000000007e75fe2d, RDX=0x00007a5c28015000
RSP=0x00007a5c10608cb7, RBP=0x00007a5c10608d57, RSI=0x00007a5c28015000, RDI=0x00007a5c28015330
R8 =0x00000008003cf0d8, R9 =0x00007a5c281115a0, R10=0x000000000000001e, R11=0x0000000800000000
R12=0x00007a5c28015000, R13=0x0000000000000001, R14=0x00007a5c10608cc7, R15=0x00007a5c10608cf7
RIP=0x00007a5c2e66ea24, EFLAGS=0x0000000000010206, CSGSFS=0x002b000000000033, ERR=0x0000000000000000
  TRAPNO=0x000000000000000d

Top of Stack: (sp=0x00007a5c10608cb7)
0x00007a5c10608cb0:   06e948245c10fac5 245c10fbc5000000
0x00007a5c10608cc0:   0f00000010c1f748 10fac50000000b85
0x00007a5c10608cd0:   00000006e9502464 c1f750246410fbc5
0x00007a5c10608ce0:   000b850f00000020 58246c10fac50000
0x00007a5c10608cf0:   10fbc500000006e9 

Instructions: (pc=0x00007a5c2e66ea24)
0x00007a5c2e66e924:   24 c8 03 00 00 08 00 00 00 85 c0 75 0f 41 8b 84
0x00007a5c2e66e934:   24 d8 00 00 00 a9 00 00 00 20 74 48 48 83 c4 18
0x00007a5c2e66e944:   4c 89 e7 be 01 00 00 00 5b 41 5c 41 5d 41 5e 41
0x00007a5c2e66e954:   5f 5d e9 15 e7 5d 00 0f 1f 44 00 00 48 8d 15 49
0x00007a5c2e66e964:   3d a4 00 4c 89 e0 48 c1 e8 04 23 02 48 8d 15 41
0x00007a5c2e66e974:   3d a4 00 48 03 02 c7 00 01 00 00 00 e9 74 ff ff
0x00007a5c2e66e984:   ff 0f 1f 00 41 8b 84 24 d8 00 00 00 a8 04 75 ac
0x00007a5c2e66e994:   48 83 c4 18 5b 41 5c 41 5d 41 5e 41 5f 5d c3 0f
0x00007a5c2e66e9a4:   1f 44 00 00 4c 89 e2 44 89 f6 4c 89 ef e8 2a 15
0x00007a5c2e66e9b4:   38 00 49 83 7c 24 08 00 0f 85 b0 fe ff ff 49 89
0x00007a5c2e66e9c4:   84 24 90 03 00 00 e9 a3 fe ff ff 90 4c 89 e7 e8
0x00007a5c2e66e9d4:   08 90 5d 00 e9 e7 fe ff ff 0f 1f 00 4c 89 ff e8
0x00007a5c2e66e9e4:   38 28 ba ff 49 63 37 e9 46 fe ff ff f3 0f 1e fa
0x00007a5c2e66e9f4:   55 66 0f ef c0 48 89 e5 41 57 41 56 4c 8d 7d a0
0x00007a5c2e66ea04:   4c 8d b5 70 ff ff ff 41 55 41 89 f5 41 54 53 48
0x00007a5c2e66ea14:   89 fb 48 81 c7 30 03 00 00 48 89 de 48 83 ec 78
0x00007a5c2e66ea24:   0f 29 85 70 ff ff ff 0f 29 45 90 48 89 95 68 ff
0x00007a5c2e66ea34:   ff ff 48 c7 45 80 00 00 00 00 c7 45 88 02 00 00
0x00007a5c2e66ea44:   00 e8 46 ff ec ff 48 89 de 4c 89 ff e8 eb cd 5e
0x00007a5c2e66ea54:   00 66 0f 6f 4d a0 66 0f 6f 55 b0 4c 89 f7 66 0f
0x00007a5c2e66ea64:   6f 5d c0 0f 29 8d 70 ff ff ff 0f 29 55 80 0f 29
0x00007a5c2e66ea74:   5d 90 e8 55 cd ec ff 66 48 0f 6e e3 66 48 0f 6e
0x00007a5c2e66ea84:   c0 49 89 c4 66 0f 6c c4 0f 29 45 a0 48 85 c0 74
0x00007a5c2e66ea94:   20 48 8b 9b 88 02 00 00 48 63 33 3b 73 04 74 5c
0x00007a5c2e66eaa4:   8d 46 01 89 03 48 8b 43 18 4c 89 24 f0 4c 8b 65
0x00007a5c2e66eab4:   a0 4c 89 f7 e8 83 cd ec ff 4c 89 e7 48 89 c6 e8
0x00007a5c2e66eac4:   98 00 32 00 41 89 c4 48 8b 45 a0 48 85 c0 74 14
0x00007a5c2e66ead4:   48 8b 78 10 48 85 ff 74 33 44 89 ea 44 89 e6 e8
0x00007a5c2e66eae4:   38 15 e2 ff 4c 89 ff e8 30 6f f9 ff 48 83 c4 78
0x00007a5c2e66eaf4:   5b 41 5c 41 5d 41 5e 41 5f 5d c3 90 48 89 df e8
0x00007a5c2e66eb04:   18 27 ba ff 48 63 33 eb 97 0f 1f 00 48 8b 9d 68
0x00007a5c2e66eb14:   ff ff ff 4c 89 ff 48 89 de e8 4e 05 32 00 48 83 




---------------  P R O C E S S  ---------------

Threads class SMR info:
_java_thread_list=0x00007a5c28176910, length=10, elements={
0x00007a5c28015000, 0x00007a5c28132000, 0x00007a5c28134000, 0x00007a5c2813a000,
0x00007a5c2813c000, 0x00007a5c2813e000, 0x00007a5c28140000, 0x00007a5c28142000,
0x00007a5bd8085800, 0x00007a5c28175000
}

Java Threads: ( => current thread )
=>0x00007a5c28015000 JavaThread "main" [_thread_in_vm, id=55325, stack(0x00007a5c2f100000,0x00007a5c2f200000)]
  0x00007a5c28132000 JavaThread "Reference Handler" daemon [_thread_blocked, id=55332, stack(0x00007a5c00ef8000,0x00007a5c00ff8000)]
  0x00007a5c28134000 JavaThread "Finalizer" daemon [_thread_blocked, id=55333, stack(0x00007a5c00df8000,0x00007a5c00ef8000)]
  0x00007a5c2813a000 JavaThread "Signal Dispatcher" daemon [_thread_blocked, id=55334, stack(0x00007a5c00900000,0x00007a5c00a00000)]
  0x00007a5c2813c000 JavaThread "Service Thread" daemon [_thread_blocked, id=55335, stack(0x00007a5c00800000,0x00007a5c00900000)]
  0x00007a5c2813e000 JavaThread "C2 CompilerThread0" daemon [_thread_blocked, id=55336, stack(0x00007a5c00700000,0x00007a5c00800000)]
  0x00007a5c28140000 JavaThread "C1 CompilerThread0" daemon [_thread_blocked, id=55337, stack(0x00007a5c00600000,0x00007a5c00700000)]
  0x00007a5c28142000 JavaThread "Sweeper thread" daemon [_thread_blocked, id=55338, stack(0x00007a5c00500000,0x00007a5c00600000)]
  0x00007a5bd8085800 JavaThread "C1 CompilerThread1" daemon [_thread_blocked, id=55339, stack(0x00007a5c00400000,0x00007a5c00500000)]
  0x00007a5c28175000 JavaThread "Common-Cleaner" daemon [_thread_blocked, id=55341, stack(0x00007a5c001ff000,0x00007a5c002ff000)]

Other Threads:
  0x00007a5c2812f800 VMThread "VM Thread" [stack: 0x00007a5c00ff9000,0x00007a5c010f9000] [id=55331]
  0x00007a5c28173000 WatcherThread [stack: 0x00007a5c00300000,0x00007a5c00400000] [id=55340]
  0x00007a5c2802f000 GCTaskThread "GC Thread#0" [stack: 0x00007a5c2d900000,0x00007a5c2da00000] [id=55326]
  0x00007a5c2805f000 ConcurrentGCThread "G1 Main Marker" [stack: 0x00007a5c27f00000,0x00007a5c28000000] [id=55327]
  0x00007a5c28061000 ConcurrentGCThread "G1 Conc#0" [stack: 0x00007a5c10500000,0x00007a5c10600000] [id=55328]
  0x00007a5c280fb800 ConcurrentGCThread "G1 Refine#0" [stack: 0x00007a5c019fb000,0x00007a5c01afb000] [id=55329]
  0x00007a5c280fd000 ConcurrentGCThread "G1 Young RemSet Sampling" [stack: 0x00007a5c018fa000,0x00007a5c019fa000] [id=55330]

Threads with active compile tasks:

VM state:not at safepoint (normal execution)

VM Mutex/Monitor currently owned by a thread: None

Heap address: 0x0000000089e00000, size: 1890 MB, Compressed Oops mode: 32-bit
Narrow klass base: 0x0000000800000000, Narrow klass shift: 3
Compressed class space size: 1073741824 Address: 0x0000000840000000

Heap:
 garbage-first heap   total 124928K, used 720K [0x0000000089e00000, 0x0000000100000000)
  region size 1024K, 1 young (1024K), 0 survivors (0K)
 Metaspace       used 156K, capacity 4486K, committed 4864K, reserved 1056768K
  class space    used 5K, capacity 386K, committed 512K, reserved 1048576K
Heap Regions: E=young(eden), S=young(survivor), O=old, HS=humongous(starts), HC=humongous(continues), CS=collection set, F=free, A=archive, TAMS=top-at-mark-start (previous, next)
|   0|0x0000000089e00000, 0x0000000089e00000, 0x0000000089f00000|  0%| F|  |TAMS 0x0000000089e00000, 0x0000000089e00000| Untracked 
|   1|0x0000000089f00000, 0x0000000089f00000, 0x000000008a000000|  0%| F|  |TAMS 0x0000000089f00000, 0x0000000089f00000| Untracked 
|   2|0x000000008a000000, 0x000000008a000000, 0x000000008a100000|  0%| F|  |TAMS 0x000000008a000000, 0x000000008a000000| Untracked 
|   3|0x000000008a100000, 0x000000008a100000, 0x000000008a200000|  0%| F|  |TAMS 0x000000008a100000, 0x000000008a100000| Untracked 
|   4|0x000000008a200000, 0x000000008a200000, 0x000000008a300000|  0%| F|  |TAMS 0x000000008a200000, 0x000000008a200000| Untracked 
|   5|0x000000008a300000, 0x000000008a300000, 0x000000008a400000|  0%| F|  |TAMS 0x000000008a300000, 0x000000008a300000| Untracked 
|   6|0x000000008a400000, 0x000000008a400000, 0x000000008a500000|  0%| F|  |TAMS 0x000000008a400000, 0x000000008a400000| Untracked 
|   7|0x000000008a500000, 0x000000008a500000, 0x000000008a600000|  0%| F|  |TAMS 0x000000008a500000, 0x000000008a500000| Untracked 
|   8|0x000000008a600000, 0x000000008a600000, 0x000000008a700000|  0%| F|  |TAMS 0x000000008a600000, 0x000000008a600000| Untracked 
|   9|0x000000008a700000, 0x000000008a700000, 0x000000008a800000|  0%| F|  |TAMS 0x000000008a700000, 0x000000008a700000| Untracked 
|  10|0x000000008a800000, 0x000000008a800000, 0x000000008a900000|  0%| F|  |TAMS 0x000000008a800000, 0x000000008a800000| Untracked 
|  11|0x000000008a900000, 0x000000008a900000, 0x000000008aa00000|  0%| F|  |TAMS 0x000000008a900000, 0x000000008a900000| Untracked 
|  12|0x000000008aa00000, 0x000000008aa00000, 0x000000008ab00000|  0%| F|  |TAMS 0x000000008aa00000, 0x000000008aa00000| Untracked 
|  13|0x000000008ab00000, 0x000000008ab00000, 0x000000008ac00000|  0%| F|  |TAMS 0x000000008ab00000, 0x000000008ab00000| Untracked 
|  14|0x000000008ac00000, 0x000000008ac00000, 0x000000008ad00000|  0%| F|  |TAMS 0x000000008ac00000, 0x000000008ac00000| Untracked 
|  15|0x000000008ad00000, 0x000000008ad00000, 0x000000008ae00000|  0%| F|  |TAMS 0x000000008ad00000, 0x000000008ad00000| Untracked 
|  16|0x000000008ae00000, 0x000000008ae00000, 0x000000008af00000|  0%| F|  |TAMS 0x000000008ae00000, 0x000000008ae00000| Untracked 
|  17|0x000000008af00000, 0x000000008af00000, 0x000000008b000000|  0%| F|  |TAMS 0x000000008af00000, 0x000000008af00000| Untracked 
|  18|0x000000008b000000, 0x000000008b000000, 0x000000008b100000|  0%| F|  |TAMS 0x000000008b000000, 0x000000008b000000| Untracked 
|  19|0x000000008b100000, 0x000000008b100000, 0x000000008b200000|  0%| F|  |TAMS 0x000000008b100000, 0x000000008b100000| Untracked 
|  20|0x000000008b200000, 0x000000008b200000, 0x000000008b300000|  0%| F|  |TAMS 0x000000008b200000, 0x000000008b200000| Untracked 
|  21|0x000000008b300000, 0x000000008b300000, 0x000000008b400000|  0%| F|  |TAMS 0x000000008b300000, 0x000000008b300000| Untracked 
|  22|0x000000008b400000, 0x000000008b400000, 0x000000008b500000|  0%| F|  |TAMS 0x000000008b400000, 0x000000008b400000| Untracked 
|  23|0x000000008b500000, 0x000000008b500000, 0x000000008b600000|  0%| F|  |TAMS 0x000000008b500000, 0x000000008b500000| Untracked 
|  24|0x000000008b600000, 0x000000008b600000, 0x000000008b700000|  0%| F|  |TAMS 0x000000008b600000, 0x000000008b600000| Untracked 
|  25|0x000000008b700000, 0x000000008b700000, 0x000000008b800000|  0%| F|  |TAMS 0x000000008b700000, 0x000000008b700000| Untracked 
|  26|0x000000008b800000, 0x000000008b800000, 0x000000008b900000|  0%| F|  |TAMS 0x000000008b800000, 0x000000008b800000| Untracked 
|  27|0x000000008b900000, 0x000000008b900000, 0x000000008ba00000|  0%| F|  |TAMS 0x000000008b900000, 0x000000008b900000| Untracked 
|  28|0x000000008ba00000, 0x000000008ba00000, 0x000000008bb00000|  0%| F|  |TAMS 0x000000008ba00000, 0x000000008ba00000| Untracked 
|  29|0x000000008bb00000, 0x000000008bb00000, 0x000000008bc00000|  0%| F|  |TAMS 0x000000008bb00000, 0x000000008bb00000| Untracked 
|  30|0x000000008bc00000, 0x000000008bc00000, 0x000000008bd00000|  0%| F|  |TAMS 0x000000008bc00000, 0x000000008bc00000| Untracked 
|  31|0x000000008bd00000, 0x000000008bd00000, 0x000000008be00000|  0%| F|  |TAMS 0x000000008bd00000, 0x000000008bd00000| Untracked 
|  32|0x000000008be00000, 0x000000008be00000, 0x000000008bf00000|  0%| F|  |TAMS 0x000000008be00000, 0x000000008be00000| Untracked 
|  33|0x000000008bf00000, 0x000000008bf00000, 0x000000008c000000|  0%| F|  |TAMS 0x000000008bf00000, 0x000000008bf00000| Untracked 
|  34|0x000000008c000000, 0x000000008c000000, 0x000000008c100000|  0%| F|  |TAMS 0x000000008c000000, 0x000000008c000000| Untracked 
|  35|0x000000008c100000, 0x000000008c100000, 0x000000008c200000|  0%| F|  |TAMS 0x000000008c100000, 0x000000008c100000| Untracked 
|  36|0x000000008c200000, 0x000000008c200000, 0x000000008c300000|  0%| F|  |TAMS 0x000000008c200000, 0x000000008c200000| Untracked 
|  37|0x000000008c300000, 0x000000008c300000, 0x000000008c400000|  0%| F|  |TAMS 0x000000008c300000, 0x000000008c300000| Untracked 
|  38|0x000000008c400000, 0x000000008c400000, 0x000000008c500000|  0%| F|  |TAMS 0x000000008c400000, 0x000000008c400000| Untracked 
|  39|0x000000008c500000, 0x000000008c500000, 0x000000008c600000|  0%| F|  |TAMS 0x000000008c500000, 0x000000008c500000| Untracked 
|  40|0x000000008c600000, 0x000000008c600000, 0x000000008c700000|  0%| F|  |TAMS 0x000000008c600000, 0x000000008c600000| Untracked 
|  41|0x000000008c700000, 0x000000008c700000, 0x000000008c800000|  0%| F|  |TAMS 0x000000008c700000, 0x000000008c700000| Untracked 
|  42|0x000000008c800000, 0x000000008c800000, 0x000000008c900000|  0%| F|  |TAMS 0x000000008c800000, 0x000000008c800000| Untracked 
|  43|0x000000008c900000, 0x000000008c900000, 0x000000008ca00000|  0%| F|  |TAMS 0x000000008c900000, 0x000000008c900000| Untracked 
|  44|0x000000008ca00000, 0x000000008ca00000, 0x000000008cb00000|  0%| F|  |TAMS 0x000000008ca00000, 0x000000008ca00000| Untracked 
|  45|0x000000008cb00000, 0x000000008cb00000, 0x000000008cc00000|  0%| F|  |TAMS 0x000000008cb00000, 0x000000008cb00000| Untracked 
|  46|0x000000008cc00000, 0x000000008cc00000, 0x000000008cd00000|  0%| F|  |TAMS 0x000000008cc00000, 0x000000008cc00000| Untracked 
|  47|0x000000008cd00000, 0x000000008cd00000, 0x000000008ce00000|  0%| F|  |TAMS 0x000000008cd00000, 0x000000008cd00000| Untracked 
|  48|0x000000008ce00000, 0x000000008ce00000, 0x000000008cf00000|  0%| F|  |TAMS 0x000000008ce00000, 0x000000008ce00000| Untracked 
|  49|0x000000008cf00000, 0x000000008cf00000, 0x000000008d000000|  0%| F|  |TAMS 0x000000008cf00000, 0x000000008cf00000| Untracked 
|  50|0x000000008d000000, 0x000000008d000000, 0x000000008d100000|  0%| F|  |TAMS 0x000000008d000000, 0x000000008d000000| Untracked 
|  51|0x000000008d100000, 0x000000008d100000, 0x000000008d200000|  0%| F|  |TAMS 0x000000008d100000, 0x000000008d100000| Untracked 
|  52|0x000000008d200000, 0x000000008d200000, 0x000000008d300000|  0%| F|  |TAMS 0x000000008d200000, 0x000000008d200000| Untracked 
|  53|0x000000008d300000, 0x000000008d300000, 0x000000008d400000|  0%| F|  |TAMS 0x000000008d300000, 0x000000008d300000| Untracked 
|  54|0x000000008d400000, 0x000000008d400000, 0x000000008d500000|  0%| F|  |TAMS 0x000000008d400000, 0x000000008d400000| Untracked 
|  55|0x000000008d500000, 0x000000008d500000, 0x000000008d600000|  0%| F|  |TAMS 0x000000008d500000, 0x000000008d500000| Untracked 
|  56|0x000000008d600000, 0x000000008d600000, 0x000000008d700000|  0%| F|  |TAMS 0x000000008d600000, 0x000000008d600000| Untracked 
|  57|0x000000008d700000, 0x000000008d700000, 0x000000008d800000|  0%| F|  |TAMS 0x000000008d700000, 0x000000008d700000| Untracked 
|  58|0x000000008d800000, 0x000000008d800000, 0x000000008d900000|  0%| F|  |TAMS 0x000000008d800000, 0x000000008d800000| Untracked 
|  59|0x000000008d900000, 0x000000008d900000, 0x000000008da00000|  0%| F|  |TAMS 0x000000008d900000, 0x000000008d900000| Untracked 
|  60|0x000000008da00000, 0x000000008da00000, 0x000000008db00000|  0%| F|  |TAMS 0x000000008da00000, 0x000000008da00000| Untracked 
|  61|0x000000008db00000, 0x000000008db00000, 0x000000008dc00000|  0%| F|  |TAMS 0x000000008db00000, 0x000000008db00000| Untracked 
|  62|0x000000008dc00000, 0x000000008dc00000, 0x000000008dd00000|  0%| F|  |TAMS 0x000000008dc00000, 0x000000008dc00000| Untracked 
|  63|0x000000008dd00000, 0x000000008dd00000, 0x000000008de00000|  0%| F|  |TAMS 0x000000008dd00000, 0x000000008dd00000| Untracked 
|  64|0x000000008de00000, 0x000000008de00000, 0x000000008df00000|  0%| F|  |TAMS 0x000000008de00000, 0x000000008de00000| Untracked 
|  65|0x000000008df00000, 0x000000008df00000, 0x000000008e000000|  0%| F|  |TAMS 0x000000008df00000, 0x000000008df00000| Untracked 
|  66|0x000000008e000000, 0x000000008e000000, 0x000000008e100000|  0%| F|  |TAMS 0x000000008e000000, 0x000000008e000000| Untracked 
|  67|0x000000008e100000, 0x000000008e100000, 0x000000008e200000|  0%| F|  |TAMS 0x000000008e100000, 0x000000008e100000| Untracked 
|  68|0x000000008e200000, 0x000000008e200000, 0x000000008e300000|  0%| F|  |TAMS 0x000000008e200000, 0x000000008e200000| Untracked 
|  69|0x000000008e300000, 0x000000008e300000, 0x000000008e400000|  0%| F|  |TAMS 0x000000008e300000, 0x000000008e300000| Untracked 
|  70|0x000000008e400000, 0x000000008e400000, 0x000000008e500000|  0%| F|  |TAMS 0x000000008e400000, 0x000000008e400000| Untracked 
|  71|0x000000008e500000, 0x000000008e500000, 0x000000008e600000|  0%| F|  |TAMS 0x000000008e500000, 0x000000008e500000| Untracked 
|  72|0x000000008e600000, 0x000000008e600000, 0x000000008e700000|  0%| F|  |TAMS 0x000000008e600000, 0x000000008e600000| Untracked 
|  73|0x000000008e700000, 0x000000008e700000, 0x000000008e800000|  0%| F|  |TAMS 0x000000008e700000, 0x000000008e700000| Untracked 
|  74|0x000000008e800000, 0x000000008e800000, 0x000000008e900000|  0%| F|  |TAMS 0x000000008e800000, 0x000000008e800000| Untracked 
|  75|0x000000008e900000, 0x000000008e900000, 0x000000008ea00000|  0%| F|  |TAMS 0x000000008e900000, 0x000000008e900000| Untracked 
|  76|0x000000008ea00000, 0x000000008ea00000, 0x000000008eb00000|  0%| F|  |TAMS 0x000000008ea00000, 0x000000008ea00000| Untracked 
|  77|0x000000008eb00000, 0x000000008eb00000, 0x000000008ec00000|  0%| F|  |TAMS 0x000000008eb00000, 0x000000008eb00000| Untracked 
|  78|0x000000008ec00000, 0x000000008ec00000, 0x000000008ed00000|  0%| F|  |TAMS 0x000000008ec00000, 0x000000008ec00000| Untracked 
|  79|0x000000008ed00000, 0x000000008ed00000, 0x000000008ee00000|  0%| F|  |TAMS 0x000000008ed00000, 0x000000008ed00000| Untracked 
|  80|0x000000008ee00000, 0x000000008ee00000, 0x000000008ef00000|  0%| F|  |TAMS 0x000000008ee00000, 0x000000008ee00000| Untracked 
|  81|0x000000008ef00000, 0x000000008ef00000, 0x000000008f000000|  0%| F|  |TAMS 0x000000008ef00000, 0x000000008ef00000| Untracked 
|  82|0x000000008f000000, 0x000000008f000000, 0x000000008f100000|  0%| F|  |TAMS 0x000000008f000000, 0x000000008f000000| Untracked 
|  83|0x000000008f100000, 0x000000008f100000, 0x000000008f200000|  0%| F|  |TAMS 0x000000008f100000, 0x000000008f100000| Untracked 
|  84|0x000000008f200000, 0x000000008f200000, 0x000000008f300000|  0%| F|  |TAMS 0x000000008f200000, 0x000000008f200000| Untracked 
|  85|0x000000008f300000, 0x000000008f300000, 0x000000008f400000|  0%| F|  |TAMS 0x000000008f300000, 0x000000008f300000| Untracked 
|  86|0x000000008f400000, 0x000000008f400000, 0x000000008f500000|  0%| F|  |TAMS 0x000000008f400000, 0x000000008f400000| Untracked 
|  87|0x000000008f500000, 0x000000008f500000, 0x000000008f600000|  0%| F|  |TAMS 0x000000008f500000, 0x000000008f500000| Untracked 
|  88|0x000000008f600000, 0x000000008f600000, 0x000000008f700000|  0%| F|  |TAMS 0x000000008f600000, 0x000000008f600000| Untracked 
|  89|0x000000008f700000, 0x000000008f700000, 0x000000008f800000|  0%| F|  |TAMS 0x000000008f700000, 0x000000008f700000| Untracked 
|  90|0x000000008f800000, 0x000000008f800000, 0x000000008f900000|  0%| F|  |TAMS 0x000000008f800000, 0x000000008f800000| Untracked 
|  91|0x000000008f900000, 0x000000008f900000, 0x000000008fa00000|  0%| F|  |TAMS 0x000000008f900000, 0x000000008f900000| Untracked 
|  92|0x000000008fa00000, 0x000000008fa00000, 0x000000008fb00000|  0%| F|  |TAMS 0x000000008fa00000, 0x000000008fa00000| Untracked 
|  93|0x000000008fb00000, 0x000000008fb00000, 0x000000008fc00000|  0%| F|  |TAMS 0x000000008fb00000, 0x000000008fb00000| Untracked 
|  94|0x000000008fc00000, 0x000000008fc00000, 0x000000008fd00000|  0%| F|  |TAMS 0x000000008fc00000, 0x000000008fc00000| Untracked 
|  95|0x000000008fd00000, 0x000000008fd00000, 0x000000008fe00000|  0%| F|  |TAMS 0x000000008fd00000, 0x000000008fd00000| Untracked 
|  96|0x000000008fe00000, 0x000000008fe00000, 0x000000008ff00000|  0%| F|  |TAMS 0x000000008fe00000, 0x000000008fe00000| Untracked 
|  97|0x000000008ff00000, 0x000000008ff00000, 0x0000000090000000|  0%| F|  |TAMS 0x000000008ff00000, 0x000000008ff00000| Untracked 
|  98|0x0000000090000000, 0x0000000090000000, 0x0000000090100000|  0%| F|  |TAMS 0x0000000090000000, 0x0000000090000000| Untracked 
|  99|0x0000000090100000, 0x0000000090100000, 0x0000000090200000|  0%| F|  |TAMS 0x0000000090100000, 0x0000000090100000| Untracked 
| 100|0x0000000090200000, 0x0000000090200000, 0x0000000090300000|  0%| F|  |TAMS 0x0000000090200000, 0x0000000090200000| Untracked 
| 101|0x0000000090300000, 0x0000000090300000, 0x0000000090400000|  0%| F|  |TAMS 0x0000000090300000, 0x0000000090300000| Untracked 
| 102|0x0000000090400000, 0x0000000090400000, 0x0000000090500000|  0%| F|  |TAMS 0x0000000090400000, 0x0000000090400000| Untracked 
| 103|0x0000000090500000, 0x0000000090500000, 0x0000000090600000|  0%| F|  |TAMS 0x0000000090500000, 0x0000000090500000| Untracked 
| 104|0x0000000090600000, 0x0000000090600000, 0x0000000090700000|  0%| F|  |TAMS 0x0000000090600000, 0x0000000090600000| Untracked 
| 105|0x0000000090700000, 0x0000000090700000, 0x0000000090800000|  0%| F|  |TAMS 0x0000000090700000, 0x0000000090700000| Untracked 
| 106|0x0000000090800000, 0x0000000090800000, 0x0000000090900000|  0%| F|  |TAMS 0x0000000090800000, 0x0000000090800000| Untracked 
| 107|0x0000000090900000, 0x0000000090900000, 0x0000000090a00000|  0%| F|  |TAMS 0x0000000090900000, 0x0000000090900000| Untracked 
| 108|0x0000000090a00000, 0x0000000090a00000, 0x0000000090b00000|  0%| F|  |TAMS 0x0000000090a00000, 0x0000000090a00000| Untracked 
| 109|0x0000000090b00000, 0x0000000090b00000, 0x0000000090c00000|  0%| F|  |TAMS 0x0000000090b00000, 0x0000000090b00000| Untracked 
| 110|0x0000000090c00000, 0x0000000090c00000, 0x0000000090d00000|  0%| F|  |TAMS 0x0000000090c00000, 0x0000000090c00000| Untracked 
| 111|0x0000000090d00000, 0x0000000090d00000, 0x0000000090e00000|  0%| F|  |TAMS 0x0000000090d00000, 0x0000000090d00000| Untracked 
| 112|0x0000000090e00000, 0x0000000090e00000, 0x0000000090f00000|  0%| F|  |TAMS 0x0000000090e00000, 0x0000000090e00000| Untracked 
| 113|0x0000000090f00000, 0x0000000090f00000, 0x0000000091000000|  0%| F|  |TAMS 0x0000000090f00000, 0x0000000090f00000| Untracked 
| 114|0x0000000091000000, 0x0000000091000000, 0x0000000091100000|  0%| F|  |TAMS 0x0000000091000000, 0x0000000091000000| Untracked 
| 115|0x0000000091100000, 0x0000000091100000, 0x0000000091200000|  0%| F|  |TAMS 0x0000000091100000, 0x0000000091100000| Untracked 
| 116|0x0000000091200000, 0x0000000091200000, 0x0000000091300000|  0%| F|  |TAMS 0x0000000091200000, 0x0000000091200000| Untracked 
| 117|0x0000000091300000, 0x0000000091300000, 0x0000000091400000|  0%| F|  |TAMS 0x0000000091300000, 0x0000000091300000| Untracked 
| 118|0x0000000091400000, 0x0000000091400000, 0x0000000091500000|  0%| F|  |TAMS 0x0000000091400000, 0x0000000091400000| Untracked 
| 119|0x0000000091500000, 0x0000000091600000, 0x0000000091600000|100%| E|  |TAMS 0x0000000091500000, 0x0000000091500000| Complete 
|1888|0x00000000ffe00000, 0x00000000ffe48000, 0x00000000fff00000| 28%|OA|  |TAMS 0x00000000ffe00000, 0x00000000ffe00000| Untracked 
|1889|0x00000000fff00000, 0x00000000fff6c000, 0x0000000100000000| 42%|CA|  |TAMS 0x00000000fff00000, 0x00000000fff00000| Untracked 

Card table byte_map: [0x00007a5c2c490000,0x00007a5c2c841000] _byte_map_base: 0x00007a5c2c041000

Marking Bits (Prev, Next): (CMBitMap*) 0x00007a5c28056ab8, (CMBitMap*) 0x00007a5c28056af0
 Prev Bits: [0x00007a5c0a278000, 0x00007a5c0c000000)
 Next Bits: [0x00007a5c084f0000, 0x00007a5c0a278000)

Polling page: 0x00007a5c2f639000

Metaspace:

Usage:
  Non-class:      4.00 MB capacity,   150.95 KB (  4%) used,     3.86 MB ( 96%) free+waste,   128 bytes ( <1%) overhead. 
      Class:    386.00 KB capacity,     5.18 KB (  1%) used,   380.70 KB ( 99%) free+waste,   128 bytes ( <1%) overhead. 
       Both:      4.38 MB capacity,   156.13 KB (  3%) used,     4.23 MB ( 97%) free+waste,   256 bytes ( <1%) overhead. 

Virtual space:
  Non-class space:        8.00 MB reserved,       4.25 MB ( 53%) committed 
      Class space:        1.00 GB reserved,     512.00 KB ( <1%) committed 
             Both:        1.01 GB reserved,       4.75 MB ( <1%) committed 

Chunk freelists:
   Non-Class:  0 bytes
       Class:  0 bytes
        Both:  0 bytes

MaxMetaspaceSize: unlimited
CompressedClassSpaceSize: 1.00 GB
Initial GC threshold: 20.80 MB
Current GC threshold: 20.80 MB
CDS: on

CodeHeap 'non-profiled nmethods': size=119172Kb used=15Kb max_used=15Kb free=119156Kb
 bounds [0x00007a5c1819f000, 0x00007a5c1840f000, 0x00007a5c1f600000]
CodeHeap 'profiled nmethods': size=119168Kb used=94Kb max_used=94Kb free=119073Kb
 bounds [0x00007a5c10d3f000, 0x00007a5c10faf000, 0x00007a5c1819f000]
CodeHeap 'non-nmethods': size=7420Kb used=1584Kb max_used=1590Kb free=5836Kb
 bounds [0x00007a5c10600000, 0x00007a5c10870000, 0x00007a5c10d3f000]
 total_blobs=315 nmethods=71 adapters=157
 compilation: enabled
              stopped_count=0, restarted_count=0
 full_count=0

Compilation events (20 events):
Event: 0.027 Thread 0x00007a5c28140000   62       3       jdk.internal.module.ModuleBootstrap$2::next (52 bytes)
Event: 0.027 Thread 0x00007a5c2813e000   67       4       java.util.ImmutableCollections$SetN$SetNIterator::nextIndex (56 bytes)
Event: 0.027 Thread 0x00007a5bd8085800   63       3       java.util.HashMap::putIfAbsent (13 bytes)
Event: 0.027 Thread 0x00007a5bd8085800 nmethod 63 0x00007a5c10d54290 code [0x00007a5c10d54460, 0x00007a5c10d54770]
Event: 0.027 Thread 0x00007a5c28140000 nmethod 62 0x00007a5c10d54890 code [0x00007a5c10d54aa0, 0x00007a5c10d55000]
Event: 0.027 Thread 0x00007a5bd8085800   56       3       java.util.ImmutableCollections$Set12$1::<init> (21 bytes)
Event: 0.027 Thread 0x00007a5c28140000   57       1       java.lang.module.ModuleDescriptor::isOpen (5 bytes)
Event: 0.028 Thread 0x00007a5c28140000 nmethod 57 0x00007a5c181a2590 code [0x00007a5c181a2740, 0x00007a5c181a2810]
Event: 0.028 Thread 0x00007a5bd8085800 nmethod 56 0x00007a5c10d55190 code [0x00007a5c10d55360, 0x00007a5c10d555f0]
Event: 0.028 Thread 0x00007a5c2813e000 nmethod 67 0x00007a5c181a2890 code [0x00007a5c181a2a20, 0x00007a5c181a2ab8]
Event: 0.028 Thread 0x00007a5bd8085800   66       1       java.lang.Module::getDescriptor (5 bytes)
Event: 0.028 Thread 0x00007a5bd8085800 nmethod 66 0x00007a5c181a2b90 code [0x00007a5c181a2d40, 0x00007a5c181a2e10]
Event: 0.029 Thread 0x00007a5c28140000   69       3       java.lang.String::charAt (25 bytes)
Event: 0.029 Thread 0x00007a5bd8085800   70       3       java.lang.StringLatin1::charAt (28 bytes)
Event: 0.029 Thread 0x00007a5bd8085800 nmethod 70 0x00007a5c10d55710 code [0x00007a5c10d558e0, 0x00007a5c10d55ac0]
Event: 0.029 Thread 0x00007a5bd8085800   68       3       java.lang.StringLatin1::canEncode (13 bytes)
Event: 0.029 Thread 0x00007a5bd8085800 nmethod 68 0x00007a5c10d55b90 code [0x00007a5c10d55d40, 0x00007a5c10d55e70]
Event: 0.029 Thread 0x00007a5bd8085800   71       3       java.lang.CharacterDataLatin1::getProperties (11 bytes)
Event: 0.029 Thread 0x00007a5bd8085800 nmethod 71 0x00007a5c10d55f10 code [0x00007a5c10d560c0, 0x00007a5c10d56210]
Event: 0.029 Thread 0x00007a5c28140000 nmethod 69 0x00007a5c10d56310 code [0x00007a5c10d56500, 0x00007a5c10d568d0]

GC Heap History (0 events):
No events

Deoptimization events (0 events):
No events

Classes redefined (0 events):
No events

Internal exceptions (0 events):
No events

Events (20 events):
Event: 0.017 Thread 0x00007a5c28140000 Thread added: 0x00007a5c28140000
Event: 0.017 Protecting memory [0x00007a5c00600000,0x00007a5c00604000] with protection modes 0
Event: 0.017 Thread 0x00007a5c28142000 Thread added: 0x00007a5c28142000
Event: 0.017 Protecting memory [0x00007a5c00500000,0x00007a5c00504000] with protection modes 0
Event: 0.022 Thread 0x00007a5bd8085800 Thread added: 0x00007a5bd8085800
Event: 0.022 Protecting memory [0x00007a5c00400000,0x00007a5c00404000] with protection modes 0
Event: 0.027 Executing VM operation: EnableBiasedLocking
Event: 0.028 Executing VM operation: EnableBiasedLocking done
Event: 0.028 loading class jdk/internal/vm/PostVMInitHook
Event: 0.028 loading class jdk/internal/vm/PostVMInitHook done
Event: 0.028 loading class Main
Event: 0.028 loading class Main done
Event: 0.029 loading class jdk/internal/loader/URLClassPath$FileLoader
Event: 0.029 loading class jdk/internal/loader/URLClassPath$FileLoader done
Event: 0.030 loading class jdk/internal/loader/URLClassPath$FileLoader$1
Event: 0.030 loading class jdk/internal/loader/URLClassPath$FileLoader$1 done
Event: 0.031 Thread 0x00007a5c28175000 Thread added: 0x00007a5c28175000
Event: 0.031 Protecting memory [0x00007a5c001ff000,0x00007a5c00203000] with protection modes 0
Event: 0.031 Executing VM operation: RevokeBias
Event: 0.031 Executing VM operation: RevokeBias done


Dynamic libraries:
89e00000-91600000 rw-p 00000000 00:00 0 
91600000-ffe00000 ---p 00000000 00:00 0 
ffe00000-ffe48000 rw-p 00b14000 08:30 69182                              /usr/lib/jvm/java-11-openjdk-amd64/lib/server/classes.jsa
ffe48000-fff00000 rw-p 00000000 00:00 0 
fff00000-fff6c000 rw-p 00aa8000 08:30 69182                              /usr/lib/jvm/java-11-openjdk-amd64/lib/server/classes.jsa
fff6c000-100000000 rw-p 00000000 00:00 0 
800000000-800002000 rwxp 00001000 08:30 69182                            /usr/lib/jvm/java-11-openjdk-amd64/lib/server/classes.jsa
800002000-8003ce000 rw-p 00003000 08:30 69182                            /usr/lib/jvm/java-11-openjdk-amd64/lib/server/classes.jsa
8003ce000-800aa6000 r--p 003cf000 08:30 69182                            /usr/lib/jvm/java-11-openjdk-amd64/lib/server/classes.jsa
800aa6000-800aa7000 rw-p 00aa7000 08:30 69182                            /usr/lib/jvm/java-11-openjdk-amd64/lib/server/classes.jsa
840000000-840080000 rw-p 00000000 00:00 0 
840080000-880000000 ---p 00000000 00:00 0 
566b67533000-566b67534000 r--p 00000000 08:30 31552                      /usr/lib/jvm/java-11-openjdk-amd64/bin/java
566b67534000-566b67535000 r-xp 00001000 08:30 31552                      /usr/lib/jvm/java-11-openjdk-amd64/bin/java
566b67535000-566b67536000 r--p 00002000 08:30 31552                      /usr/lib/jvm/java-11-openjdk-amd64/bin/java
566b67536000-566b67537000 r--p 00002000 08:30 31552                      /usr/lib/jvm/java-11-openjdk-amd64/bin/java
566b67537000-566b67538000 rw-p 00003000 08:30 31552                      /usr/lib/jvm/java-11-openjdk-amd64/bin/java
566b6d886000-566b6d8a7000 rw-p 00000000 00:00 0                          [heap]
7a5bc7d97000-7a5bc8000000 rw-p 00000000 00:00 0 
7a5bc8000000-7a5bc8021000 rw-p 00000000 00:00 0 
7a5bc8021000-7a5bcc000000 ---p 00000000 00:00 0 
7a5bcc000000-7a5bcc021000 rw-p 00000000 00:00 0 
7a5bcc021000-7a5bd0000000 ---p 00000000 00:00 0 
7a5bd0000000-7a5bd0021000 rw-p 00000000 00:00 0 
7a5bd0021000-7a5bd4000000 ---p 00000000 00:00 0 
7a5bd4000000-7a5bd4021000 rw-p 00000000 00:00 0 
7a5bd4021000-7a5bd8000000 ---p 00000000 00:00 0 
7a5bd8000000-7a5bd808a000 rw-p 00000000 00:00 0 
7a5bd808a000-7a5bdc000000 ---p 00000000 00:00 0 
7a5bdc000000-7a5bdc09d000 rw-p 00000000 00:00 0 
7a5bdc09d000-7a5be0000000 ---p 00000000 00:00 0 
7a5be0000000-7a5be0021000 rw-p 00000000 00:00 0 
7a5be0021000-7a5be4000000 ---p 00000000 00:00 0 
7a5be4000000-7a5be4021000 rw-p 00000000 00:00 0 
7a5be4021000-7a5be8000000 ---p 00000000 00:00 0 
7a5be8000000-7a5be8021000 rw-p 00000000 00:00 0 
7a5be8021000-7a5bec000000 ---p 00000000 00:00 0 
7a5bec000000-7a5bec021000 rw-p 00000000 00:00 0 
7a5bec021000-7a5bf0000000 ---p 00000000 00:00 0 
7a5bf0000000-7a5bf0021000 rw-p 00000000 00:00 0 
7a5bf0021000-7a5bf4000000 ---p 00000000 00:00 0 
7a5bf4000000-7a5bf4021000 rw-p 00000000 00:00 0 
7a5bf4021000-7a5bf8000000 ---p 00000000 00:00 0 
7a5bf8000000-7a5bf8021000 rw-p 00000000 00:00 0 
7a5bf8021000-7a5bfc000000 ---p 00000000 00:00 0 
7a5bfc000000-7a5bfc021000 rw-p 00000000 00:00 0 
7a5bfc021000-7a5c00000000 ---p 00000000 00:00 0 
7a5c000b4000-7a5c001ff000 rw-p 00000000 00:00 0 
7a5c001ff000-7a5c00203000 ---p 00000000 00:00 0 
7a5c00203000-7a5c002ff000 rw-p 00000000 00:00 0 
7a5c002ff000-7a5c00300000 ---p 00000000 00:00 0 
7a5c00300000-7a5c00400000 rw-p 00000000 00:00 0 
7a5c00400000-7a5c00404000 ---p 00000000 00:00 0 
7a5c00404000-7a5c00500000 rw-p 00000000 00:00 0 
7a5c00500000-7a5c00504000 ---p 00000000 00:00 0 
7a5c00504000-7a5c00600000 rw-p 00000000 00:00 0 
7a5c00600000-7a5c00604000 ---p 00000000 00:00 0 
7a5c00604000-7a5c00700000 rw-p 00000000 00:00 0 
7a5c00700000-7a5c00704000 ---p 00000000 00:00 0 
7a5c00704000-7a5c00800000 rw-p 00000000 00:00 0 
7a5c00800000-7a5c00804000 ---p 00000000 00:00 0 
7a5c00804000-7a5c00900000 rw-p 00000000 00:00 0 
7a5c00900000-7a5c00904000 ---p 00000000 00:00 0 
7a5c00904000-7a5c00a00000 rw-p 00000000 00:00 0 
7a5c00a00000-7a5c00d39000 r--p 00000000 08:30 3872                       /usr/lib/locale/locale-archive
7a5c00df8000-7a5c00dfc000 ---p 00000000 00:00 0 
7a5c00dfc000-7a5c00ef8000 rw-p 00000000 00:00 0 
7a5c00ef8000-7a5c00efc000 ---p 00000000 00:00 0 
7a5c00efc000-7a5c00ff8000 rw-p 00000000 00:00 0 
7a5c00ff8000-7a5c00ff9000 ---p 00000000 00:00 0 
7a5c00ff9000-7a5c01539000 rw-p 00000000 00:00 0 
7a5c01539000-7a5c018f9000 ---p 00000000 00:00 0 
7a5c018f9000-7a5c018fa000 ---p 00000000 00:00 0 
7a5c018fa000-7a5c019fa000 rw-p 00000000 00:00 0 
7a5c019fa000-7a5c019fb000 ---p 00000000 00:00 0 
7a5c019fb000-7a5c04000000 rw-p 00000000 00:00 0 
7a5c04000000-7a5c04021000 rw-p 00000000 00:00 0 
7a5c04021000-7a5c08000000 ---p 00000000 00:00 0 
7a5c080ec000-7a5c086d0000 rw-p 00000000 00:00 0 
7a5c086d0000-7a5c0a270000 ---p 00000000 00:00 0 
7a5c0a270000-7a5c0a458000 rw-p 00000000 00:00 0 
7a5c0a458000-7a5c0bff8000 ---p 00000000 00:00 0 
7a5c0bff8000-7a5c0c000000 rw-p 00000000 00:00 0 
7a5c0c000000-7a5c0c021000 rw-p 00000000 00:00 0 
7a5c0c021000-7a5c10000000 ---p 00000000 00:00 0 
7a5c1007a000-7a5c104ff000 rw-p 00000000 00:00 0 
7a5c104ff000-7a5c10500000 ---p 00000000 00:00 0 
7a5c10500000-7a5c10600000 rw-p 00000000 00:00 0 
7a5c10600000-7a5c10870000 rwxp 00000000 00:00 0 
7a5c10870000-7a5c10d3f000 ---p 00000000 00:00 0 
7a5c10d3f000-7a5c10faf000 rwxp 00000000 00:00 0 
7a5c10faf000-7a5c1819f000 ---p 00000000 00:00 0 
7a5c1819f000-7a5c1840f000 rwxp 00000000 00:00 0 
7a5c1840f000-7a5c1f600000 ---p 00000000 00:00 0 
7a5c1f600000-7a5c27e41000 r--s 00000000 08:30 57820                      /usr/lib/jvm/java-11-openjdk-amd64/lib/modules
7a5c27ea4000-7a5c27eff000 rw-p 00000000 00:00 0 
7a5c27eff000-7a5c27f00000 ---p 00000000 00:00 0 
7a5c27f00000-7a5c28000000 rw-p 00000000 00:00 0 
7a5c28000000-7a5c28181000 rw-p 00000000 00:00 0 
7a5c28181000-7a5c2c000000 ---p 00000000 00:00 0 
7a5c2c002000-7a5c2c11b000 rw-p 00000000 00:00 0 
7a5c2c11b000-7a5c2c48f000 ---p 00000000 00:00 0 
7a5c2c48f000-7a5c2c4cc000 rw-p 00000000 00:00 0 
7a5c2c4cc000-7a5c2c840000 ---p 00000000 00:00 0 
7a5c2c840000-7a5c2c87d000 rw-p 00000000 00:00 0 
7a5c2c87d000-7a5c2cbf1000 ---p 00000000 00:00 0 
7a5c2cbf1000-7a5c2d8ff000 rw-p 00000000 00:00 0 
7a5c2d8ff000-7a5c2d900000 ---p 00000000 00:00 0 
7a5c2d900000-7a5c2da00000 rw-p 00000000 00:00 0 
7a5c2da00000-7a5c2da9a000 r--p 00000000 08:30 6947                       /usr/lib/x86_64-linux-gnu/libstdc++.so.6.0.30
7a5c2da9a000-7a5c2dbab000 r-xp 0009a000 08:30 6947                       /usr/lib/x86_64-linux-gnu/libstdc++.so.6.0.30
7a5c2dbab000-7a5c2dc1a000 r--p 001ab000 08:30 6947                       /usr/lib/x86_64-linux-gnu/libstdc++.so.6.0.30
7a5c2dc1a000-7a5c2dc1b000 ---p 0021a000 08:30 6947                       /usr/lib/x86_64-linux-gnu/libstdc++.so.6.0.30
7a5c2dc1b000-7a5c2dc26000 r--p 0021a000 08:30 6947                       /usr/lib/x86_64-linux-gnu/libstdc++.so.6.0.30
7a5c2dc26000-7a5c2dc29000 rw-p 00225000 08:30 6947                       /usr/lib/x86_64-linux-gnu/libstdc++.so.6.0.30
7a5c2dc29000-7a5c2dc2c000 rw-p 00000000 00:00 0 
7a5c2dc2e000-7a5c2dc33000 rw-p 00000000 00:00 0 
7a5c2dc33000-7a5c2dd17000 ---p 00000000 00:00 0 
7a5c2dd17000-7a5c2dd1c000 rw-p 00000000 00:00 0 
7a5c2dd1c000-7a5c2de00000 ---p 00000000 00:00 0 
7a5c2de00000-7a5c2e083000 r--p 00000000 08:30 64179                      /usr/lib/jvm/java-11-openjdk-amd64/lib/server/libjvm.so
7a5c2e083000-7a5c2ed2e000 r-xp 00283000 08:30 64179                      /usr/lib/jvm/java-11-openjdk-amd64/lib/server/libjvm.so
7a5c2ed2e000-7a5c2ef8a000 r--p 00f2e000 08:30 64179                      /usr/lib/jvm/java-11-openjdk-amd64/lib/server/libjvm.so
7a5c2ef8a000-7a5c2f04e000 r--p 01189000 08:30 64179                      /usr/lib/jvm/java-11-openjdk-amd64/lib/server/libjvm.so
7a5c2f04e000-7a5c2f089000 rw-p 0124d000 08:30 64179                      /usr/lib/jvm/java-11-openjdk-amd64/lib/server/libjvm.so
7a5c2f089000-7a5c2f0e0000 rw-p 00000000 00:00 0 
7a5c2f100000-7a5c2f104000 ---p 00000000 00:00 0 
7a5c2f104000-7a5c2f200000 rw-p 00000000 00:00 0 
7a5c2f200000-7a5c2f228000 r--p 00000000 08:30 20248                      /usr/lib/x86_64-linux-gnu/libc.so.6
7a5c2f228000-7a5c2f3bd000 r-xp 00028000 08:30 20248                      /usr/lib/x86_64-linux-gnu/libc.so.6
7a5c2f3bd000-7a5c2f415000 r--p 001bd000 08:30 20248                      /usr/lib/x86_64-linux-gnu/libc.so.6
7a5c2f415000-7a5c2f416000 ---p 00215000 08:30 20248                      /usr/lib/x86_64-linux-gnu/libc.so.6
7a5c2f416000-7a5c2f41a000 r--p 00215000 08:30 20248                      /usr/lib/x86_64-linux-gnu/libc.so.6
7a5c2f41a000-7a5c2f41c000 rw-p 00219000 08:30 20248                      /usr/lib/x86_64-linux-gnu/libc.so.6
7a5c2f41c000-7a5c2f429000 rw-p 00000000 00:00 0 
7a5c2f443000-7a5c2f44a000 r--s 00000000 08:30 23928                      /usr/lib/x86_64-linux-gnu/gconv/gconv-modules.cache
7a5c2f44a000-7a5c2f491000 rw-p 00000000 00:00 0 
7a5c2f491000-7a5c2f49b000 ---p 00000000 00:00 0 
7a5c2f49b000-7a5c2f49d000 r--p 00000000 08:30 57817                      /usr/lib/jvm/java-11-openjdk-amd64/lib/libzip.so
7a5c2f49d000-7a5c2f4a2000 r-xp 00002000 08:30 57817                      /usr/lib/jvm/java-11-openjdk-amd64/lib/libzip.so
7a5c2f4a2000-7a5c2f4a4000 r--p 00007000 08:30 57817                      /usr/lib/jvm/java-11-openjdk-amd64/lib/libzip.so
7a5c2f4a4000-7a5c2f4a5000 r--p 00008000 08:30 57817                      /usr/lib/jvm/java-11-openjdk-amd64/lib/libzip.so
7a5c2f4a5000-7a5c2f4a6000 rw-p 00009000 08:30 57817                      /usr/lib/jvm/java-11-openjdk-amd64/lib/libzip.so
7a5c2f4a6000-7a5c2f4ae000 rw-s 00000000 08:30 23705                      /tmp/hsperfdata_charlie_tsai/55324
7a5c2f4ae000-7a5c2f4b0000 r--p 00000000 08:30 55563                      /usr/lib/jvm/java-11-openjdk-amd64/lib/libjimage.so
7a5c2f4b0000-7a5c2f4b3000 r-xp 00002000 08:30 55563                      /usr/lib/jvm/java-11-openjdk-amd64/lib/libjimage.so
7a5c2f4b3000-7a5c2f4b4000 r--p 00005000 08:30 55563                      /usr/lib/jvm/java-11-openjdk-amd64/lib/libjimage.so
7a5c2f4b4000-7a5c2f4b5000 ---p 00006000 08:30 55563                      /usr/lib/jvm/java-11-openjdk-amd64/lib/libjimage.so
7a5c2f4b5000-7a5c2f4b6000 r--p 00006000 08:30 55563                      /usr/lib/jvm/java-11-openjdk-amd64/lib/libjimage.so
7a5c2f4b6000-7a5c2f4b7000 rw-p 00007000 08:30 55563                      /usr/lib/jvm/java-11-openjdk-amd64/lib/libjimage.so
7a5c2f4b7000-7a5c2f4c5000 r--p 00000000 08:30 52054                      /usr/lib/jvm/java-11-openjdk-amd64/lib/libjava.so
7a5c2f4c5000-7a5c2f4db000 r-xp 0000e000 08:30 52054                      /usr/lib/jvm/java-11-openjdk-amd64/lib/libjava.so
7a5c2f4db000-7a5c2f4e2000 r--p 00024000 08:30 52054                      /usr/lib/jvm/java-11-openjdk-amd64/lib/libjava.so
7a5c2f4e2000-7a5c2f4e3000 r--p 0002a000 08:30 52054                      /usr/lib/jvm/java-11-openjdk-amd64/lib/libjava.so
7a5c2f4e3000-7a5c2f4e4000 rw-p 0002b000 08:30 52054                      /usr/lib/jvm/java-11-openjdk-amd64/lib/libjava.so
7a5c2f4e4000-7a5c2f4e5000 rw-p 00000000 00:00 0 
7a5c2f4e5000-7a5c2f4ea000 r--p 00000000 08:30 57815                      /usr/lib/jvm/java-11-openjdk-amd64/lib/libverify.so
7a5c2f4ea000-7a5c2f4f1000 r-xp 00005000 08:30 57815                      /usr/lib/jvm/java-11-openjdk-amd64/lib/libverify.so
7a5c2f4f1000-7a5c2f4f3000 r--p 0000c000 08:30 57815                      /usr/lib/jvm/java-11-openjdk-amd64/lib/libverify.so
7a5c2f4f3000-7a5c2f4f5000 r--p 0000d000 08:30 57815                      /usr/lib/jvm/java-11-openjdk-amd64/lib/libverify.so
7a5c2f4f5000-7a5c2f4f6000 rw-p 0000f000 08:30 57815                      /usr/lib/jvm/java-11-openjdk-amd64/lib/libverify.so
7a5c2f4f6000-7a5c2f4f7000 r--p 00000000 08:30 20297                      /usr/lib/x86_64-linux-gnu/librt.so.1
7a5c2f4f7000-7a5c2f4f8000 r-xp 00001000 08:30 20297                      /usr/lib/x86_64-linux-gnu/librt.so.1
7a5c2f4f8000-7a5c2f4f9000 r--p 00002000 08:30 20297                      /usr/lib/x86_64-linux-gnu/librt.so.1
7a5c2f4f9000-7a5c2f4fa000 r--p 00002000 08:30 20297                      /usr/lib/x86_64-linux-gnu/librt.so.1
7a5c2f4fa000-7a5c2f4fb000 rw-p 00003000 08:30 20297                      /usr/lib/x86_64-linux-gnu/librt.so.1
7a5c2f4fb000-7a5c2f4fe000 r--p 00000000 08:30 6709                       /usr/lib/x86_64-linux-gnu/libgcc_s.so.1
7a5c2f4fe000-7a5c2f515000 r-xp 00003000 08:30 6709                       /usr/lib/x86_64-linux-gnu/libgcc_s.so.1
7a5c2f515000-7a5c2f519000 r--p 0001a000 08:30 6709                       /usr/lib/x86_64-linux-gnu/libgcc_s.so.1
7a5c2f519000-7a5c2f51a000 r--p 0001d000 08:30 6709                       /usr/lib/x86_64-linux-gnu/libgcc_s.so.1
7a5c2f51a000-7a5c2f51b000 rw-p 0001e000 08:30 6709                       /usr/lib/x86_64-linux-gnu/libgcc_s.so.1
7a5c2f51b000-7a5c2f529000 r--p 00000000 08:30 20271                      /usr/lib/x86_64-linux-gnu/libm.so.6
7a5c2f529000-7a5c2f5a5000 r-xp 0000e000 08:30 20271                      /usr/lib/x86_64-linux-gnu/libm.so.6
7a5c2f5a5000-7a5c2f600000 r--p 0008a000 08:30 20271                      /usr/lib/x86_64-linux-gnu/libm.so.6
7a5c2f600000-7a5c2f601000 r--p 000e4000 08:30 20271                      /usr/lib/x86_64-linux-gnu/libm.so.6
7a5c2f601000-7a5c2f602000 rw-p 000e5000 08:30 20271                      /usr/lib/x86_64-linux-gnu/libm.so.6
7a5c2f602000-7a5c2f605000 rw-p 00000000 00:00 0 
7a5c2f605000-7a5c2f608000 r--p 00000000 08:30 50703                      /usr/lib/jvm/java-11-openjdk-amd64/lib/jli/libjli.so
7a5c2f608000-7a5c2f612000 r-xp 00003000 08:30 50703                      /usr/lib/jvm/java-11-openjdk-amd64/lib/jli/libjli.so
7a5c2f612000-7a5c2f615000 r--p 0000d000 08:30 50703                      /usr/lib/jvm/java-11-openjdk-amd64/lib/jli/libjli.so
7a5c2f615000-7a5c2f616000 ---p 00010000 08:30 50703                      /usr/lib/jvm/java-11-openjdk-amd64/lib/jli/libjli.so
7a5c2f616000-7a5c2f617000 r--p 00010000 08:30 50703                      /usr/lib/jvm/java-11-openjdk-amd64/lib/jli/libjli.so
7a5c2f617000-7a5c2f618000 rw-p 00011000 08:30 50703                      /usr/lib/jvm/java-11-openjdk-amd64/lib/jli/libjli.so
7a5c2f618000-7a5c2f61a000 r--p 00000000 08:30 6997                       /usr/lib/x86_64-linux-gnu/libz.so.1.2.11
7a5c2f61a000-7a5c2f62b000 r-xp 00002000 08:30 6997                       /usr/lib/x86_64-linux-gnu/libz.so.1.2.11
7a5c2f62b000-7a5c2f631000 r--p 00013000 08:30 6997                       /usr/lib/x86_64-linux-gnu/libz.so.1.2.11
7a5c2f631000-7a5c2f632000 ---p 00019000 08:30 6997                       /usr/lib/x86_64-linux-gnu/libz.so.1.2.11
7a5c2f632000-7a5c2f633000 r--p 00019000 08:30 6997                       /usr/lib/x86_64-linux-gnu/libz.so.1.2.11
7a5c2f633000-7a5c2f634000 rw-p 0001a000 08:30 6997                       /usr/lib/x86_64-linux-gnu/libz.so.1.2.11
7a5c2f639000-7a5c2f63a000 ---p 00000000 00:00 0 
7a5c2f63a000-7a5c2f63b000 r--p 00000000 00:00 0 
7a5c2f63b000-7a5c2f63d000 rw-p 00000000 00:00 0 
7a5c2f63d000-7a5c2f63f000 r--p 00000000 08:30 20228                      /usr/lib/x86_64-linux-gnu/ld-linux-x86-64.so.2
7a5c2f63f000-7a5c2f669000 r-xp 00002000 08:30 20228                      /usr/lib/x86_64-linux-gnu/ld-linux-x86-64.so.2
7a5c2f669000-7a5c2f674000 r--p 0002c000 08:30 20228                      /usr/lib/x86_64-linux-gnu/ld-linux-x86-64.so.2
7a5c2f675000-7a5c2f677000 r--p 00037000 08:30 20228                      /usr/lib/x86_64-linux-gnu/ld-linux-x86-64.so.2
7a5c2f677000-7a5c2f679000 rw-p 00039000 08:30 20228                      /usr/lib/x86_64-linux-gnu/ld-linux-x86-64.so.2
7fff8e66e000-7fff8e690000 rw-p 00000000 00:00 0                          [stack]
7fff8e792000-7fff8e796000 r--p 00000000 00:00 0                          [vvar]
7fff8e796000-7fff8e798000 r-xp 00000000 00:00 0                          [vdso]


VM Arguments:
jvm_args: -Xverify:none 
java_command: Main
java_class_path (initial): .
Launcher Type: SUN_STANDARD

[Global flags]
     bool BytecodeVerificationLocal                = false                                     {product} {command line}
     bool BytecodeVerificationRemote               = false                                     {product} {command line}
     intx CICompilerCount                          = 12                                        {product} {ergonomic}
     uint ConcGCThreads                            = 3                                         {product} {ergonomic}
     uint G1ConcRefinementThreads                  = 13                                        {product} {ergonomic}
   size_t G1HeapRegionSize                         = 1048576                                   {product} {ergonomic}
    uintx GCDrainStackTargetSize                   = 64                                        {product} {ergonomic}
   size_t InitialHeapSize                          = 125829120                                 {product} {ergonomic}
   size_t MarkStackSize                            = 4194304                                   {product} {ergonomic}
   size_t MaxHeapSize                              = 1981808640                                {product} {ergonomic}
   size_t MaxNewSize                               = 1189085184                                {product} {ergonomic}
   size_t MinHeapDeltaBytes                        = 1048576                                   {product} {ergonomic}
    uintx NonNMethodCodeHeapSize                   = 7594288                                {pd product} {ergonomic}
    uintx NonProfiledCodeHeapSize                  = 122031976                              {pd product} {ergonomic}
    uintx ProfiledCodeHeapSize                     = 122031976                              {pd product} {ergonomic}
    uintx ReservedCodeCacheSize                    = 251658240                              {pd product} {ergonomic}
     bool SegmentedCodeCache                       = true                                      {product} {ergonomic}
     bool UseCompressedClassPointers               = true                                 {lp64_product} {ergonomic}
     bool UseCompressedOops                        = true                                 {lp64_product} {ergonomic}
     bool UseG1GC                                  = true                                      {product} {ergonomic}

Logging:
Log output configuration:
 #0: stdout all=warning uptime,level,tags
 #1: stderr all=off uptime,level,tags

Environment Variables:
PATH=/home/charlie_tsai/.local/bin:/usr/local/sbin:/usr/local/bin:/usr/sbin:/usr/bin:/sbin:/bin:/usr/games:/usr/local/games:/usr/lib/wsl/lib:/mnt/c/Program Files/Common Files/Oracle/Java/javapath:/mnt/c/Windows/system32:/mnt/c/Windows:/mnt/c/Windows/System32/Wbem:/mnt/c/Windows/System32/WindowsPowerShell/v1.0/:/mnt/c/Windows/System32/OpenSSH/:/mnt/c/Program Files (x86)/NVIDIA Corporation/PhysX/Common:/mnt/c/Program Files/NVIDIA Corporation/NVIDIA NvDLISR:/mnt/c/Program Files/dotnet/:/mnt/c/Program Files/Git/cmd:/mnt/c/Program Files/MATLAB/R2024a/bin:/mnt/c/Program Files (x86)/Microsoft SQL Server/160/DTS/Binn/:/mnt/c/Program Files (x86)/Microsoft SQL Server/160/Tools/Binn/:/mnt/c/Program Files/Microsoft SQL Server/160/Tools/Binn/:/mnt/c/Program Files/Microsoft SQL Server/Client SDK/ODBC/170/Tools/Binn/:/mnt/c/Program Files/Microsoft SQL Server/160/DTS/Binn/:/mnt/c/Program Files/Azure Data Studio/bin:/mnt/c/Program Files (x86)/Pulse Secure/VC142.CRT/X64/:/mnt/c/Program Files (x86)/Pulse Secure/VC142.CRT/X86/:/mnt/c/Program Files (x86)/Common Files/Pulse Secure/TNC Client Plugin/:/mnt/c/Program Files/Microchip/xc8/v2.50/bin:/mnt/c/Program Files/R/R-4.4.2/bin:/mnt/c/Program Files/PuTTY/:/mnt/c/Program Files/nodejs/:/mnt/c/Program Files/Go/bin:/mnt/c/Program Files/PostgreSQL/17/bin:/mnt/c/Program Files/Docker/Docker/resources/bin:/mnt/c/anaconda3:/mnt/c/anaconda3/Library/mingw-w64/bin:/mnt/c/anaconda3/Library/usr/bin:/mnt/c/anaconda3/Library/bin:/mnt/c/anaconda3/Scripts:/mnt/c/Users/TUF Gaming/AppData/Local/Programs/Python/Python311/Scripts/:/mnt/c/Users/TUF Gaming/AppData/Local/Programs/Python/Python311/:/mnt/c/python37/Scripts/:/mnt/c/python37/:/mnt/c/Program Files/Common Files/Oracle/Java/javapath:/mnt/c/Windows/system32:/mnt/c/Windows:/mnt/c/Windows/System32/Wbem:/mnt/c/Windows/System32/WindowsPowerShell/v1.0/:/mnt/c/Windows/System32/OpenSSH/:/mnt/c/Program Files (x86)/NVIDIA Corporation/PhysX/Common:/mnt/c/Program Files/NVIDIA Corporation/NVIDIA NvDLISR:/mnt/c/Program
SHELL=/bin/bash
DISPLAY=:0
HOSTTYPE=x86_64
LANG=en_US.UTF-8
TERM=xterm-256color

Signal Handlers:
SIGSEGV: [libjvm.so+0xebbd40], sa_mask[0]=11111111011111111101111111111110, sa_flags=SA_RESTART|SA_SIGINFO
SIGBUS: [libjvm.so+0xebbd40], sa_mask[0]=11111111011111111101111111111110, sa_flags=SA_RESTART|SA_SIGINFO
SIGFPE: [libjvm.so+0xebbd40], sa_mask[0]=11111111011111111101111111111110, sa_flags=SA_RESTART|SA_SIGINFO
SIGPIPE: [libjvm.so+0xbfe040], sa_mask[0]=11111111011111111101111111111110, sa_flags=SA_RESTART|SA_SIGINFO
SIGXFSZ: [libjvm.so+0xbfe040], sa_mask[0]=11111111011111111101111111111110, sa_flags=SA_RESTART|SA_SIGINFO
SIGILL: [libjvm.so+0xebbd40], sa_mask[0]=11111111011111111101111111111110, sa_flags=SA_RESTART|SA_SIGINFO
SIGUSR2: [libjvm.so+0xbfdee0], sa_mask[0]=00000000000000000000000000000000, sa_flags=SA_RESTART|SA_SIGINFO
SIGHUP: [libjvm.so+0xbfe6a0], sa_mask[0]=11111111011111111101111111111110, sa_flags=SA_RESTART|SA_SIGINFO
SIGINT: [libjvm.so+0xbfe6a0], sa_mask[0]=11111111011111111101111111111110, sa_flags=SA_RESTART|SA_SIGINFO
SIGTERM: [libjvm.so+0xbfe6a0], sa_mask[0]=11111111011111111101111111111110, sa_flags=SA_RESTART|SA_SIGINFO
SIGQUIT: [libjvm.so+0xbfe6a0], sa_mask[0]=11111111011111111101111111111110, sa_flags=SA_RESTART|SA_SIGINFO


---------------  S Y S T E M  ---------------

OS:DISTRIB_ID=Ubuntu
DISTRIB_RELEASE=22.04
DISTRIB_CODENAME=jammy
DISTRIB_DESCRIPTION="Ubuntu 22.04.4 LTS"
uname:Linux 6.6.87.1-microsoft-standard-WSL2 #1 SMP PREEMPT_DYNAMIC Mon Apr 21 17:08:54 UTC 2025 x86_64
OS uptime: 0 days 2:54 hours
libc:glibc 2.35 NPTL 2.35 
rlimit (soft/hard): STACK 8192k/infinity , CORE 0k/infinity , NPROC 30193/30193 , NOFILE 1048576/1048576 , AS infinity/infinity , CPU infinity/infinity , DATA infinity/infinity , FSIZE infinity/infinity , MEMLOCK 65536k/65536k
load average:0.21 0.07 0.03

/proc/meminfo:
MemTotal:        7739604 kB
MemFree:         6719960 kB
MemAvailable:    7000416 kB
Buffers:            3332 kB
Cached:           406064 kB
SwapCached:            0 kB
Active:            99428 kB
Inactive:         577200 kB
Active(anon):       2516 kB
Inactive(anon):   269120 kB
Active(file):      96912 kB
Inactive(file):   308080 kB
Unevictable:           0 kB
Mlocked:               0 kB
SwapTotal:       2097152 kB
SwapFree:        2097152 kB
Dirty:                36 kB
Writeback:             0 kB
AnonPages:        267352 kB
Mapped:           215392 kB
Shmem:              4404 kB
KReclaimable:      28144 kB
Slab:             101072 kB
SReclaimable:      28144 kB
SUnreclaim:        72928 kB
KernelStack:        5760 kB
PageTables:         5800 kB
SecPageTables:         0 kB
NFS_Unstable:          0 kB
Bounce:                0 kB
WritebackTmp:          0 kB
CommitLimit:     5966952 kB
Committed_AS:    1404368 kB
VmallocTotal:   34359738367 kB
VmallocUsed:       33004 kB
VmallocChunk:          0 kB
Percpu:             7104 kB
HardwareCorrupted:     0 kB
AnonHugePages:         0 kB
ShmemHugePages:        0 kB
ShmemPmdMapped:        0 kB
FileHugePages:         0 kB
FilePmdMapped:         0 kB
Unaccepted:            0 kB
HugePages_Total:       0
HugePages_Free:        0
HugePages_Rsvd:        0
HugePages_Surp:        0
Hugepagesize:       2048 kB
Hugetlb:               0 kB
DirectMap4k:      134144 kB
DirectMap2M:     4710400 kB
DirectMap1G:    11534336 kB

/sys/kernel/mm/transparent_hugepage/enabled:
always [madvise] never
/sys/kernel/mm/transparent_hugepage/defrag (defrag/compaction efforts parameter):
always defer defer+madvise [madvise] never

Process Memory:
Virtual Size: 4688220K (peak: 13376620K)
Resident Set Size: 38404K (peak: 38404K) (anon: 12416K, file: 25988K, shmem: 0K)
Swapped out: 0K
C-Heap outstanding allocations: 34714K, retained: 1829K
glibc malloc tunables: (default)

/proc/sys/kernel/threads-max (system-wide limit on the number of threads):
60387
/proc/sys/vm/max_map_count (maximum number of memory map areas a process may have):
65530
/proc/sys/kernel/pid_max (system-wide limit on number of process identifiers):
4194304

container (cgroup) information:
container_type: cgroupv2
cpu_cpuset_cpus: not supported
cpu_memory_nodes: not supported
active_processor_count: 16
cpu_quota: not supported
cpu_period: not supported
cpu_shares: not supported
memory_limit_in_bytes: not supported
memory_and_swap_limit_in_bytes: not supported
memory_soft_limit_in_bytes: not supported
memory_usage_in_bytes: not supported
memory_max_usage_in_bytes: not supported
memory_swap_current_in_bytes: not supported
memory_swap_max_limit_in_bytes: not supported
maximum number of tasks: not supported
current number of tasks: not supported

Hyper-V virtualization detected
Steal ticks since vm start: 0
Steal ticks percentage since vm start:  0.000

CPU:total 16 (initial active 16) (16 cores per cpu, 2 threads per core) family 25 model 68 stepping 1 microcode 0xffffffff, cmov, cx8, fxsr, mmx, sse, sse2, sse3, ssse3, sse4.1, sse4.2, popcnt, avx, avx2, aes, clmul, erms, mmxext, 3dnowpref, lzcnt, sse4a, ht, tsc, tscinvbit, tscinv, bmi1, bmi2, adx, sha, fma
CPU Model and flags from /proc/cpuinfo:
model name	: AMD Ryzen 7 7735HS with Radeon Graphics
flags		: fpu vme de pse tsc msr pae mce cx8 apic sep mtrr pge mca cmov pat pse36 clflush mmx fxsr sse sse2 ht syscall nx mmxext fxsr_opt pdpe1gb rdtscp lm constant_tsc rep_good nopl tsc_reliable nonstop_tsc cpuid extd_apicid tsc_known_freq pni pclmulqdq ssse3 fma cx16 sse4_1 sse4_2 movbe popcnt aes xsave avx f16c rdrand hypervisor lahf_lm cmp_legacy svm cr8_legacy abm sse4a misalignsse 3dnowprefetch osvw topoext perfctr_core ssbd ibrs ibpb stibp vmmcall fsgsbase bmi1 avx2 smep bmi2 erms invpcid rdseed adx smap clflushopt clwb sha_ni xsaveopt xsavec xgetbv1 xsaves clzero xsaveerptr arat npt nrip_save tsc_scale vmcb_clean flushbyasid decodeassists pausefilter pfthreshold v_vmsave_vmload umip vaes vpclmulqdq rdpid fsrm
Online cpus:
0-15
Offline cpus:

BIOS frequency limitation:
<Not Available>
Frequency switch latency (ns):
<Not Available>
Available cpu frequencies:
<Not Available>
Current governor:
<Not Available>
Core performance/turbo boost:
<Not Available>

Memory: 4k page, physical 7739604k(6719960k free), swap 2097152k(2097152k free)

vm_info: OpenJDK 64-Bit Server VM (11.0.27+6-post-Ubuntu-0ubuntu122.04) for linux-amd64 JRE (11.0.27+6-post-Ubuntu-0ubuntu122.04), built on Apr 21 2025 05:59:45 by "unknown" with gcc 11.4.0

END.
